Assembler report for Decoder_Parallel
Fri Nov 11 15:09:20 2022
Quartus Prime Version 20.1.0 Build 711 06/05/2020 SJ Lite Edition


---------------------
; Table of Contents ;
---------------------
  1. Legal Notice
  2. Assembler Summary
  3. Assembler Settings
  4. Assembler Generated Files
  5. Assembler Device Options: C:/Users/Marta Oliveira/OneDrive - Universidade de Aveiro/Desktop/Universidade/4_ano_1_semestre/AAD/trabalho1/DEC/output_files/Decoder_Parallel.sof
  6. Assembler Messages



----------------
; Legal Notice ;
----------------
Copyright (C) 2020  Intel Corporation. All rights reserved.
Your use of Intel Corporation's design tools, logic functions 
and other software and tools, and any partner logic 
functions, and any output files from any of the foregoing 
(including device programming or simulation files), and any 
associated documentation or information are expressly subject 
to the terms and conditions of the Intel Program License 
Subscription Agreement, the Intel Quartus Prime License Agreement,
the Intel FPGA IP License Agreement, or other applicable license
agreement, including, without limitation, that your use is for
the sole purpose of programming logic devices manufactured by
Intel and sold by Intel or its authorized distributors.  Please
refer to the applicable agreement for further details, at
https://fpgasoftware.intel.com/eula.



+---------------------------------------------------------------+
; Assembler Summary                                             ;
+-----------------------+---------------------------------------+
; Assembler Status      ; Successful - Fri Nov 11 15:09:20 2022 ;
; Revision Name         ; Decoder_Parallel                      ;
; Top-level Entity Name ; Decoder_Parallel                      ;
; Family                ; Cyclone V                             ;
; Device                ; 5CGXFC7C7F23C8                        ;
+-----------------------+---------------------------------------+


+----------------------------------+
; Assembler Settings               ;
+--------+---------+---------------+
; Option ; Setting ; Default Value ;
+--------+---------+---------------+


+-----------------------------------------------------------------------------------------------------------------------------------------------------+
; Assembler Generated Files                                                                                                                           ;
+-----------------------------------------------------------------------------------------------------------------------------------------------------+
; File Name                                                                                                                                           ;
+-----------------------------------------------------------------------------------------------------------------------------------------------------+
; C:/Users/Marta Oliveira/OneDrive - Universidade de Aveiro/Desktop/Universidade/4_ano_1_semestre/AAD/trabalho1/DEC/output_files/Decoder_Parallel.sof ;
+-----------------------------------------------------------------------------------------------------------------------------------------------------+


+-------------------------------------------------------------------------------------------------------------------------------------------------------------------------------+
; Assembler Device Options: C:/Users/Marta Oliveira/OneDrive - Universidade de Aveiro/Desktop/Universidade/4_ano_1_semestre/AAD/trabalho1/DEC/output_files/Decoder_Parallel.sof ;
+----------------+--------------------------------------------------------------------------------------------------------------------------------------------------------------+
; Option         ; Setting                                                                                                                                                      ;
+----------------+--------------------------------------------------------------------------------------------------------------------------------------------------------------+
; JTAG usercode  ; 0x00EC93B2                                                                                                                                                   ;
; Checksum       ; 0x00EC93B2                                                                                                                                                   ;
+----------------+--------------------------------------------------------------------------------------------------------------------------------------------------------------+


+--------------------+
; Assembler Messages ;
+--------------------+
Info: *******************************************************************
Info: Running Quartus Prime Assembler
    Info: Version 20.1.0 Build 711 06/05/2020 SJ Lite Edition
    Info: Processing started: Fri Nov 11 15:09:11 2022
Info: Command: quartus_asm --read_settings_files=off --write_settings_files=off Decoder_Parallel -c Decoder_Parallel
Warning (18236): Number of processors has not been specified which may cause overloading on shared machines.  Set the global assignment NUM_PARALLEL_PROCESSORS in your QSF to an appropriate value for best performance.
Info (115030): Assembler is generating device programming files
Info: Quartus Prime Assembler was successful. 0 errors, 1 warning
    Info: Peak virtual memory: 4834 megabytes
    Info: Processing ended: Fri Nov 11 15:09:20 2022
    Info: Elapsed time: 00:00:09
    Info: Total CPU time (on all processors): 00:00:07


