Analysis & Synthesis report for Encoder_BitSerial
Sun Nov 13 17:56:14 2022
Quartus Prime Version 20.1.0 Build 711 06/05/2020 SJ Lite Edition


---------------------
; Table of Contents ;
---------------------
  1. Legal Notice
  2. Analysis & Synthesis Summary
  3. Analysis & Synthesis Settings
  4. Parallel Compilation
  5. Analysis & Synthesis Source Files Read
  6. Analysis & Synthesis Resource Usage Summary
  7. Analysis & Synthesis Resource Utilization by Entity
  8. Registers Removed During Synthesis
  9. General Register Statistics
 10. Port Connectivity Checks: "binCounter_3bit:bc|flipFlopDPET:ff2"
 11. Port Connectivity Checks: "binCounter_3bit:bc|flipFlopDPET:ff1"
 12. Port Connectivity Checks: "binCounter_3bit:bc|flipFlopDPET:ff0"
 13. Port Connectivity Checks: "parReg_8bit:pr8|flipFlopDPET:ff7"
 14. Port Connectivity Checks: "parReg_8bit:pr8|flipFlopDPET:ff6"
 15. Port Connectivity Checks: "parReg_8bit:pr8|flipFlopDPET:ff5"
 16. Port Connectivity Checks: "parReg_8bit:pr8|flipFlopDPET:ff4"
 17. Port Connectivity Checks: "parReg_8bit:pr8|flipFlopDPET:ff3"
 18. Port Connectivity Checks: "parReg_8bit:pr8|flipFlopDPET:ff2"
 19. Port Connectivity Checks: "parReg_8bit:pr8|flipFlopDPET:ff1"
 20. Port Connectivity Checks: "parReg_8bit:pr8|flipFlopDPET:ff0"
 21. Port Connectivity Checks: "parReg_8bit:pr8"
 22. Port Connectivity Checks: "flipFlopDPET:ff"
 23. Post-Synthesis Netlist Statistics for Top Partition
 24. Elapsed Time Per Partition
 25. Analysis & Synthesis Messages



----------------
; Legal Notice ;
----------------
Copyright (C) 2020  Intel Corporation. All rights reserved.
Your use of Intel Corporation's design tools, logic functions 
and other software and tools, and any partner logic 
functions, and any output files from any of the foregoing 
(including device programming or simulation files), and any 
associated documentation or information are expressly subject 
to the terms and conditions of the Intel Program License 
Subscription Agreement, the Intel Quartus Prime License Agreement,
the Intel FPGA IP License Agreement, or other applicable license
agreement, including, without limitation, that your use is for
the sole purpose of programming logic devices manufactured by
Intel and sold by Intel or its authorized distributors.  Please
refer to the applicable agreement for further details, at
https://fpgasoftware.intel.com/eula.



+-------------------------------------------------------------------------------+
; Analysis & Synthesis Summary                                                  ;
+---------------------------------+---------------------------------------------+
; Analysis & Synthesis Status     ; Successful - Sun Nov 13 17:56:14 2022       ;
; Quartus Prime Version           ; 20.1.0 Build 711 06/05/2020 SJ Lite Edition ;
; Revision Name                   ; Encoder_BitSerial                           ;
; Top-level Entity Name           ; Encoder_BitSerial                           ;
; Family                          ; Cyclone V                                   ;
; Logic utilization (in ALMs)     ; N/A                                         ;
; Total registers                 ; 20                                          ;
; Total pins                      ; 12                                          ;
; Total virtual pins              ; 0                                           ;
; Total block memory bits         ; 0                                           ;
; Total DSP Blocks                ; 0                                           ;
; Total HSSI RX PCSs              ; 0                                           ;
; Total HSSI PMA RX Deserializers ; 0                                           ;
; Total HSSI TX PCSs              ; 0                                           ;
; Total HSSI PMA TX Serializers   ; 0                                           ;
; Total PLLs                      ; 0                                           ;
; Total DLLs                      ; 0                                           ;
+---------------------------------+---------------------------------------------+


+---------------------------------------------------------------------------------------------------------------------------+
; Analysis & Synthesis Settings                                                                                             ;
+---------------------------------------------------------------------------------+--------------------+--------------------+
; Option                                                                          ; Setting            ; Default Value      ;
+---------------------------------------------------------------------------------+--------------------+--------------------+
; Device                                                                          ; 5CGXFC7C7F23C8     ;                    ;
; Top-level entity name                                                           ; Encoder_BitSerial  ; Encoder_BitSerial  ;
; Family name                                                                     ; Cyclone V          ; Cyclone V          ;
; Use smart compilation                                                           ; Off                ; Off                ;
; Enable parallel Assembler and Timing Analyzer during compilation                ; On                 ; On                 ;
; Enable compact report table                                                     ; Off                ; Off                ;
; Restructure Multiplexers                                                        ; Auto               ; Auto               ;
; MLAB Add Timing Constraints For Mixed-Port Feed-Through Mode Setting Don't Care ; Off                ; Off                ;
; Create Debugging Nodes for IP Cores                                             ; Off                ; Off                ;
; Preserve fewer node names                                                       ; On                 ; On                 ;
; Intel FPGA IP Evaluation Mode                                                   ; Enable             ; Enable             ;
; Verilog Version                                                                 ; Verilog_2001       ; Verilog_2001       ;
; VHDL Version                                                                    ; VHDL_1993          ; VHDL_1993          ;
; State Machine Processing                                                        ; Auto               ; Auto               ;
; Safe State Machine                                                              ; Off                ; Off                ;
; Extract Verilog State Machines                                                  ; On                 ; On                 ;
; Extract VHDL State Machines                                                     ; On                 ; On                 ;
; Ignore Verilog initial constructs                                               ; Off                ; Off                ;
; Iteration limit for constant Verilog loops                                      ; 5000               ; 5000               ;
; Iteration limit for non-constant Verilog loops                                  ; 250                ; 250                ;
; Add Pass-Through Logic to Inferred RAMs                                         ; On                 ; On                 ;
; Infer RAMs from Raw Logic                                                       ; On                 ; On                 ;
; Parallel Synthesis                                                              ; On                 ; On                 ;
; DSP Block Balancing                                                             ; Auto               ; Auto               ;
; NOT Gate Push-Back                                                              ; On                 ; On                 ;
; Power-Up Don't Care                                                             ; On                 ; On                 ;
; Remove Redundant Logic Cells                                                    ; Off                ; Off                ;
; Remove Duplicate Registers                                                      ; On                 ; On                 ;
; Ignore CARRY Buffers                                                            ; Off                ; Off                ;
; Ignore CASCADE Buffers                                                          ; Off                ; Off                ;
; Ignore GLOBAL Buffers                                                           ; Off                ; Off                ;
; Ignore ROW GLOBAL Buffers                                                       ; Off                ; Off                ;
; Ignore LCELL Buffers                                                            ; Off                ; Off                ;
; Ignore SOFT Buffers                                                             ; On                 ; On                 ;
; Limit AHDL Integers to 32 Bits                                                  ; Off                ; Off                ;
; Optimization Technique                                                          ; Balanced           ; Balanced           ;
; Carry Chain Length                                                              ; 70                 ; 70                 ;
; Auto Carry Chains                                                               ; On                 ; On                 ;
; Auto Open-Drain Pins                                                            ; On                 ; On                 ;
; Perform WYSIWYG Primitive Resynthesis                                           ; Off                ; Off                ;
; Auto ROM Replacement                                                            ; On                 ; On                 ;
; Auto RAM Replacement                                                            ; On                 ; On                 ;
; Auto DSP Block Replacement                                                      ; On                 ; On                 ;
; Auto Shift Register Replacement                                                 ; Auto               ; Auto               ;
; Allow Shift Register Merging across Hierarchies                                 ; Auto               ; Auto               ;
; Auto Clock Enable Replacement                                                   ; On                 ; On                 ;
; Strict RAM Replacement                                                          ; Off                ; Off                ;
; Allow Synchronous Control Signals                                               ; On                 ; On                 ;
; Force Use of Synchronous Clear Signals                                          ; Off                ; Off                ;
; Auto Resource Sharing                                                           ; Off                ; Off                ;
; Allow Any RAM Size For Recognition                                              ; Off                ; Off                ;
; Allow Any ROM Size For Recognition                                              ; Off                ; Off                ;
; Allow Any Shift Register Size For Recognition                                   ; Off                ; Off                ;
; Use LogicLock Constraints during Resource Balancing                             ; On                 ; On                 ;
; Ignore translate_off and synthesis_off directives                               ; Off                ; Off                ;
; Timing-Driven Synthesis                                                         ; On                 ; On                 ;
; Report Parameter Settings                                                       ; On                 ; On                 ;
; Report Source Assignments                                                       ; On                 ; On                 ;
; Report Connectivity Checks                                                      ; On                 ; On                 ;
; Ignore Maximum Fan-Out Assignments                                              ; Off                ; Off                ;
; Synchronization Register Chain Length                                           ; 3                  ; 3                  ;
; Power Optimization During Synthesis                                             ; Normal compilation ; Normal compilation ;
; HDL message level                                                               ; Level2             ; Level2             ;
; Suppress Register Optimization Related Messages                                 ; Off                ; Off                ;
; Number of Removed Registers Reported in Synthesis Report                        ; 5000               ; 5000               ;
; Number of Swept Nodes Reported in Synthesis Report                              ; 5000               ; 5000               ;
; Number of Inverted Registers Reported in Synthesis Report                       ; 100                ; 100                ;
; Clock MUX Protection                                                            ; On                 ; On                 ;
; Auto Gated Clock Conversion                                                     ; Off                ; Off                ;
; Block Design Naming                                                             ; Auto               ; Auto               ;
; SDC constraint protection                                                       ; Off                ; Off                ;
; Synthesis Effort                                                                ; Auto               ; Auto               ;
; Shift Register Replacement - Allow Asynchronous Clear Signal                    ; On                 ; On                 ;
; Pre-Mapping Resynthesis Optimization                                            ; Off                ; Off                ;
; Analysis & Synthesis Message Level                                              ; Medium             ; Medium             ;
; Disable Register Merging Across Hierarchies                                     ; Auto               ; Auto               ;
; Resource Aware Inference For Block RAM                                          ; On                 ; On                 ;
; Automatic Parallel Synthesis                                                    ; On                 ; On                 ;
; Partial Reconfiguration Bitstream ID                                            ; Off                ; Off                ;
+---------------------------------------------------------------------------------+--------------------+--------------------+


+------------------------------------------+
; Parallel Compilation                     ;
+----------------------------+-------------+
; Processors                 ; Number      ;
+----------------------------+-------------+
; Number detected on machine ; 12          ;
; Maximum allowed            ; 6           ;
;                            ;             ;
; Average used               ; 1.00        ;
; Maximum used               ; 6           ;
;                            ;             ;
; Usage by Processor         ; % Time Used ;
;     Processor 1            ; 100.0%      ;
;     Processors 2-6         ;   0.0%      ;
+----------------------------+-------------+


+---------------------------------------------------------------------------------------------------------------------------------------------------------------------------------------------------------------------------------+
; Analysis & Synthesis Source Files Read                                                                                                                                                                                          ;
+----------------------------------+-----------------+-----------------+------------------------------------------------------------------------------------------------------------------------------------------------+---------+
; File Name with User-Entered Path ; Used in Netlist ; File Type       ; File Name with Absolute Path                                                                                                                   ; Library ;
+----------------------------------+-----------------+-----------------+------------------------------------------------------------------------------------------------------------------------------------------------+---------+
; control.vhd                      ; yes             ; User VHDL File  ; C:/Users/Marta Oliveira/OneDrive - Universidade de Aveiro/Desktop/Universidade/4_ano_1_semestre/AAD/trabalho1/ENC_SERIAL/control.vhd           ;         ;
; simpleLogic.vhd                  ; yes             ; User VHDL File  ; C:/Users/Marta Oliveira/OneDrive - Universidade de Aveiro/Desktop/Universidade/4_ano_1_semestre/AAD/trabalho1/ENC_SERIAL/simpleLogic.vhd       ;         ;
; storeDev.vhd                     ; yes             ; User VHDL File  ; C:/Users/Marta Oliveira/OneDrive - Universidade de Aveiro/Desktop/Universidade/4_ano_1_semestre/AAD/trabalho1/ENC_SERIAL/storeDev.vhd          ;         ;
; Encoder_BitSerial.vhd            ; yes             ; User VHDL File  ; C:/Users/Marta Oliveira/OneDrive - Universidade de Aveiro/Desktop/Universidade/4_ano_1_semestre/AAD/trabalho1/ENC_SERIAL/Encoder_BitSerial.vhd ;         ;
+----------------------------------+-----------------+-----------------+------------------------------------------------------------------------------------------------------------------------------------------------+---------+


+------------------------------------------------------------------------------+
; Analysis & Synthesis Resource Usage Summary                                  ;
+---------------------------------------------+--------------------------------+
; Resource                                    ; Usage                          ;
+---------------------------------------------+--------------------------------+
; Estimate of Logic utilization (ALMs needed) ; 11                             ;
;                                             ;                                ;
; Combinational ALUT usage for logic          ; 14                             ;
;     -- 7 input functions                    ; 0                              ;
;     -- 6 input functions                    ; 0                              ;
;     -- 5 input functions                    ; 9                              ;
;     -- 4 input functions                    ; 0                              ;
;     -- <=3 input functions                  ; 5                              ;
;                                             ;                                ;
; Dedicated logic registers                   ; 20                             ;
;                                             ;                                ;
; I/O pins                                    ; 12                             ;
;                                             ;                                ;
; Total DSP Blocks                            ; 0                              ;
;                                             ;                                ;
; Maximum fan-out node                        ; control:con|gateNand2:nad2|y~0 ;
; Maximum fan-out                             ; 20                             ;
; Total fan-out                               ; 138                            ;
; Average fan-out                             ; 2.38                           ;
+---------------------------------------------+--------------------------------+


+---------------------------------------------------------------------------------------------------------------------------------------------------------------------------------------------------------------------------------+
; Analysis & Synthesis Resource Utilization by Entity                                                                                                                                                                             ;
+----------------------------+---------------------+---------------------------+-------------------+------------+------+--------------+--------------------------------------------------------+-------------------+--------------+
; Compilation Hierarchy Node ; Combinational ALUTs ; Dedicated Logic Registers ; Block Memory Bits ; DSP Blocks ; Pins ; Virtual Pins ; Full Hierarchy Name                                    ; Entity Name       ; Library Name ;
+----------------------------+---------------------+---------------------------+-------------------+------------+------+--------------+--------------------------------------------------------+-------------------+--------------+
; |Encoder_BitSerial         ; 14 (0)              ; 20 (0)                    ; 0                 ; 0          ; 12   ; 0            ; |Encoder_BitSerial                                     ; Encoder_BitSerial ; work         ;
;    |binCounter_3bit:bc|    ; 2 (0)               ; 3 (0)                     ; 0                 ; 0          ; 0    ; 0            ; |Encoder_BitSerial|binCounter_3bit:bc                  ; binCounter_3bit   ; work         ;
;       |flipFlopDPET:ff0|   ; 1 (1)               ; 1 (1)                     ; 0                 ; 0          ; 0    ; 0            ; |Encoder_BitSerial|binCounter_3bit:bc|flipFlopDPET:ff0 ; flipFlopDPET      ; work         ;
;       |flipFlopDPET:ff1|   ; 0 (0)               ; 1 (1)                     ; 0                 ; 0          ; 0    ; 0            ; |Encoder_BitSerial|binCounter_3bit:bc|flipFlopDPET:ff1 ; flipFlopDPET      ; work         ;
;       |flipFlopDPET:ff2|   ; 1 (1)               ; 1 (1)                     ; 0                 ; 0          ; 0    ; 0            ; |Encoder_BitSerial|binCounter_3bit:bc|flipFlopDPET:ff2 ; flipFlopDPET      ; work         ;
;    |control:con|           ; 3 (0)               ; 0 (0)                     ; 0                 ; 0          ; 0    ; 0            ; |Encoder_BitSerial|control:con                         ; control           ; work         ;
;       |contMem:cMem|       ; 1 (1)               ; 0 (0)                     ; 0                 ; 0          ; 0    ; 0            ; |Encoder_BitSerial|control:con|contMem:cMem            ; contMem           ; work         ;
;       |gateNand2:nad2|     ; 1 (1)               ; 0 (0)                     ; 0                 ; 0          ; 0    ; 0            ; |Encoder_BitSerial|control:con|gateNand2:nad2          ; gateNand2         ; work         ;
;       |gateNor2:nord|      ; 1 (1)               ; 0 (0)                     ; 0                 ; 0          ; 0    ; 0            ; |Encoder_BitSerial|control:con|gateNor2:nord           ; gateNor2          ; work         ;
;    |flipFlopDPET:ff|       ; 0 (0)               ; 1 (1)                     ; 0                 ; 0          ; 0    ; 0            ; |Encoder_BitSerial|flipFlopDPET:ff                     ; flipFlopDPET      ; work         ;
;    |gateOr2:validOut|      ; 1 (1)               ; 0 (0)                     ; 0                 ; 0          ; 0    ; 0            ; |Encoder_BitSerial|gateOr2:validOut                    ; gateOr2           ; work         ;
;    |gateXor8:xor8|         ; 8 (0)               ; 0 (0)                     ; 0                 ; 0          ; 0    ; 0            ; |Encoder_BitSerial|gateXor8:xor8                       ; gateXor8          ; work         ;
;       |gateXor2:y0|        ; 1 (1)               ; 0 (0)                     ; 0                 ; 0          ; 0    ; 0            ; |Encoder_BitSerial|gateXor8:xor8|gateXor2:y0           ; gateXor2          ; work         ;
;       |gateXor2:y1|        ; 1 (1)               ; 0 (0)                     ; 0                 ; 0          ; 0    ; 0            ; |Encoder_BitSerial|gateXor8:xor8|gateXor2:y1           ; gateXor2          ; work         ;
;       |gateXor2:y2|        ; 1 (1)               ; 0 (0)                     ; 0                 ; 0          ; 0    ; 0            ; |Encoder_BitSerial|gateXor8:xor8|gateXor2:y2           ; gateXor2          ; work         ;
;       |gateXor2:y3|        ; 1 (1)               ; 0 (0)                     ; 0                 ; 0          ; 0    ; 0            ; |Encoder_BitSerial|gateXor8:xor8|gateXor2:y3           ; gateXor2          ; work         ;
;       |gateXor2:y4|        ; 1 (1)               ; 0 (0)                     ; 0                 ; 0          ; 0    ; 0            ; |Encoder_BitSerial|gateXor8:xor8|gateXor2:y4           ; gateXor2          ; work         ;
;       |gateXor2:y5|        ; 1 (1)               ; 0 (0)                     ; 0                 ; 0          ; 0    ; 0            ; |Encoder_BitSerial|gateXor8:xor8|gateXor2:y5           ; gateXor2          ; work         ;
;       |gateXor2:y6|        ; 1 (1)               ; 0 (0)                     ; 0                 ; 0          ; 0    ; 0            ; |Encoder_BitSerial|gateXor8:xor8|gateXor2:y6           ; gateXor2          ; work         ;
;       |gateXor2:y7|        ; 1 (1)               ; 0 (0)                     ; 0                 ; 0          ; 0    ; 0            ; |Encoder_BitSerial|gateXor8:xor8|gateXor2:y7           ; gateXor2          ; work         ;
;    |parReg_8bit:pr8out|    ; 0 (0)               ; 8 (0)                     ; 0                 ; 0          ; 0    ; 0            ; |Encoder_BitSerial|parReg_8bit:pr8out                  ; parReg_8bit       ; work         ;
;       |flipFlopDPET:ff0|   ; 0 (0)               ; 1 (1)                     ; 0                 ; 0          ; 0    ; 0            ; |Encoder_BitSerial|parReg_8bit:pr8out|flipFlopDPET:ff0 ; flipFlopDPET      ; work         ;
;       |flipFlopDPET:ff1|   ; 0 (0)               ; 1 (1)                     ; 0                 ; 0          ; 0    ; 0            ; |Encoder_BitSerial|parReg_8bit:pr8out|flipFlopDPET:ff1 ; flipFlopDPET      ; work         ;
;       |flipFlopDPET:ff2|   ; 0 (0)               ; 1 (1)                     ; 0                 ; 0          ; 0    ; 0            ; |Encoder_BitSerial|parReg_8bit:pr8out|flipFlopDPET:ff2 ; flipFlopDPET      ; work         ;
;       |flipFlopDPET:ff3|   ; 0 (0)               ; 1 (1)                     ; 0                 ; 0          ; 0    ; 0            ; |Encoder_BitSerial|parReg_8bit:pr8out|flipFlopDPET:ff3 ; flipFlopDPET      ; work         ;
;       |flipFlopDPET:ff4|   ; 0 (0)               ; 1 (1)                     ; 0                 ; 0          ; 0    ; 0            ; |Encoder_BitSerial|parReg_8bit:pr8out|flipFlopDPET:ff4 ; flipFlopDPET      ; work         ;
;       |flipFlopDPET:ff5|   ; 0 (0)               ; 1 (1)                     ; 0                 ; 0          ; 0    ; 0            ; |Encoder_BitSerial|parReg_8bit:pr8out|flipFlopDPET:ff5 ; flipFlopDPET      ; work         ;
;       |flipFlopDPET:ff6|   ; 0 (0)               ; 1 (1)                     ; 0                 ; 0          ; 0    ; 0            ; |Encoder_BitSerial|parReg_8bit:pr8out|flipFlopDPET:ff6 ; flipFlopDPET      ; work         ;
;       |flipFlopDPET:ff7|   ; 0 (0)               ; 1 (1)                     ; 0                 ; 0          ; 0    ; 0            ; |Encoder_BitSerial|parReg_8bit:pr8out|flipFlopDPET:ff7 ; flipFlopDPET      ; work         ;
;    |parReg_8bit:pr8|       ; 0 (0)               ; 8 (0)                     ; 0                 ; 0          ; 0    ; 0            ; |Encoder_BitSerial|parReg_8bit:pr8                     ; parReg_8bit       ; work         ;
;       |flipFlopDPET:ff0|   ; 0 (0)               ; 1 (1)                     ; 0                 ; 0          ; 0    ; 0            ; |Encoder_BitSerial|parReg_8bit:pr8|flipFlopDPET:ff0    ; flipFlopDPET      ; work         ;
;       |flipFlopDPET:ff1|   ; 0 (0)               ; 1 (1)                     ; 0                 ; 0          ; 0    ; 0            ; |Encoder_BitSerial|parReg_8bit:pr8|flipFlopDPET:ff1    ; flipFlopDPET      ; work         ;
;       |flipFlopDPET:ff2|   ; 0 (0)               ; 1 (1)                     ; 0                 ; 0          ; 0    ; 0            ; |Encoder_BitSerial|parReg_8bit:pr8|flipFlopDPET:ff2    ; flipFlopDPET      ; work         ;
;       |flipFlopDPET:ff3|   ; 0 (0)               ; 1 (1)                     ; 0                 ; 0          ; 0    ; 0            ; |Encoder_BitSerial|parReg_8bit:pr8|flipFlopDPET:ff3    ; flipFlopDPET      ; work         ;
;       |flipFlopDPET:ff4|   ; 0 (0)               ; 1 (1)                     ; 0                 ; 0          ; 0    ; 0            ; |Encoder_BitSerial|parReg_8bit:pr8|flipFlopDPET:ff4    ; flipFlopDPET      ; work         ;
;       |flipFlopDPET:ff5|   ; 0 (0)               ; 1 (1)                     ; 0                 ; 0          ; 0    ; 0            ; |Encoder_BitSerial|parReg_8bit:pr8|flipFlopDPET:ff5    ; flipFlopDPET      ; work         ;
;       |flipFlopDPET:ff6|   ; 0 (0)               ; 1 (1)                     ; 0                 ; 0          ; 0    ; 0            ; |Encoder_BitSerial|parReg_8bit:pr8|flipFlopDPET:ff6    ; flipFlopDPET      ; work         ;
;       |flipFlopDPET:ff7|   ; 0 (0)               ; 1 (1)                     ; 0                 ; 0          ; 0    ; 0            ; |Encoder_BitSerial|parReg_8bit:pr8|flipFlopDPET:ff7    ; flipFlopDPET      ; work         ;
+----------------------------+---------------------+---------------------------+-------------------+------------+------+--------------+--------------------------------------------------------+-------------------+--------------+
Note: For table entries with two numbers listed, the numbers in parentheses indicate the number of resources of the given type used by the specific entity alone. The numbers listed outside of parentheses indicate the total resources of the given type used by the specific entity and all of its sub-entities in the hierarchy.


+--------------------------------------------------------------------------------------------+
; Registers Removed During Synthesis                                                         ;
+----------------------------------------+---------------------------------------------------+
; Register name                          ; Reason for Removal                                ;
+----------------------------------------+---------------------------------------------------+
; binCounter_3bit:bc|flipFlopDPET:ff0|nQ ; Merged with binCounter_3bit:bc|flipFlopDPET:ff0|Q ;
; Total Number of Removed Registers = 1  ;                                                   ;
+----------------------------------------+---------------------------------------------------+


+------------------------------------------------------+
; General Register Statistics                          ;
+----------------------------------------------+-------+
; Statistic                                    ; Value ;
+----------------------------------------------+-------+
; Total registers                              ; 20    ;
; Number of registers using Synchronous Clear  ; 0     ;
; Number of registers using Synchronous Load   ; 0     ;
; Number of registers using Asynchronous Clear ; 20    ;
; Number of registers using Asynchronous Load  ; 0     ;
; Number of registers using Clock Enable       ; 0     ;
; Number of registers using Preset             ; 0     ;
+----------------------------------------------+-------+


+----------------------------------------------------------------------------------------------------------------+
; Port Connectivity Checks: "binCounter_3bit:bc|flipFlopDPET:ff2"                                                ;
+------+--------+----------+-------------------------------------------------------------------------------------+
; Port ; Type   ; Severity ; Details                                                                             ;
+------+--------+----------+-------------------------------------------------------------------------------------+
; nset ; Input  ; Info     ; Stuck at VCC                                                                        ;
; nq   ; Output ; Info     ; Connected to dangling logic. Logic that only feeds a dangling port will be removed. ;
+------+--------+----------+-------------------------------------------------------------------------------------+


+----------------------------------------------------------------------------------------------------------------+
; Port Connectivity Checks: "binCounter_3bit:bc|flipFlopDPET:ff1"                                                ;
+------+--------+----------+-------------------------------------------------------------------------------------+
; Port ; Type   ; Severity ; Details                                                                             ;
+------+--------+----------+-------------------------------------------------------------------------------------+
; nset ; Input  ; Info     ; Stuck at VCC                                                                        ;
; nq   ; Output ; Info     ; Connected to dangling logic. Logic that only feeds a dangling port will be removed. ;
+------+--------+----------+-------------------------------------------------------------------------------------+


+-----------------------------------------------------------------+
; Port Connectivity Checks: "binCounter_3bit:bc|flipFlopDPET:ff0" ;
+------+-------+----------+---------------------------------------+
; Port ; Type  ; Severity ; Details                               ;
+------+-------+----------+---------------------------------------+
; nset ; Input ; Info     ; Stuck at VCC                          ;
+------+-------+----------+---------------------------------------+


+----------------------------------------------------------------------------------------------------------------+
; Port Connectivity Checks: "parReg_8bit:pr8|flipFlopDPET:ff7"                                                   ;
+------+--------+----------+-------------------------------------------------------------------------------------+
; Port ; Type   ; Severity ; Details                                                                             ;
+------+--------+----------+-------------------------------------------------------------------------------------+
; nq   ; Output ; Info     ; Connected to dangling logic. Logic that only feeds a dangling port will be removed. ;
+------+--------+----------+-------------------------------------------------------------------------------------+


+----------------------------------------------------------------------------------------------------------------+
; Port Connectivity Checks: "parReg_8bit:pr8|flipFlopDPET:ff6"                                                   ;
+------+--------+----------+-------------------------------------------------------------------------------------+
; Port ; Type   ; Severity ; Details                                                                             ;
+------+--------+----------+-------------------------------------------------------------------------------------+
; nq   ; Output ; Info     ; Connected to dangling logic. Logic that only feeds a dangling port will be removed. ;
+------+--------+----------+-------------------------------------------------------------------------------------+


+----------------------------------------------------------------------------------------------------------------+
; Port Connectivity Checks: "parReg_8bit:pr8|flipFlopDPET:ff5"                                                   ;
+------+--------+----------+-------------------------------------------------------------------------------------+
; Port ; Type   ; Severity ; Details                                                                             ;
+------+--------+----------+-------------------------------------------------------------------------------------+
; nq   ; Output ; Info     ; Connected to dangling logic. Logic that only feeds a dangling port will be removed. ;
+------+--------+----------+-------------------------------------------------------------------------------------+


+----------------------------------------------------------------------------------------------------------------+
; Port Connectivity Checks: "parReg_8bit:pr8|flipFlopDPET:ff4"                                                   ;
+------+--------+----------+-------------------------------------------------------------------------------------+
; Port ; Type   ; Severity ; Details                                                                             ;
+------+--------+----------+-------------------------------------------------------------------------------------+
; nq   ; Output ; Info     ; Connected to dangling logic. Logic that only feeds a dangling port will be removed. ;
+------+--------+----------+-------------------------------------------------------------------------------------+


+----------------------------------------------------------------------------------------------------------------+
; Port Connectivity Checks: "parReg_8bit:pr8|flipFlopDPET:ff3"                                                   ;
+------+--------+----------+-------------------------------------------------------------------------------------+
; Port ; Type   ; Severity ; Details                                                                             ;
+------+--------+----------+-------------------------------------------------------------------------------------+
; nq   ; Output ; Info     ; Connected to dangling logic. Logic that only feeds a dangling port will be removed. ;
+------+--------+----------+-------------------------------------------------------------------------------------+


+----------------------------------------------------------------------------------------------------------------+
; Port Connectivity Checks: "parReg_8bit:pr8|flipFlopDPET:ff2"                                                   ;
+------+--------+----------+-------------------------------------------------------------------------------------+
; Port ; Type   ; Severity ; Details                                                                             ;
+------+--------+----------+-------------------------------------------------------------------------------------+
; nq   ; Output ; Info     ; Connected to dangling logic. Logic that only feeds a dangling port will be removed. ;
+------+--------+----------+-------------------------------------------------------------------------------------+


+----------------------------------------------------------------------------------------------------------------+
; Port Connectivity Checks: "parReg_8bit:pr8|flipFlopDPET:ff1"                                                   ;
+------+--------+----------+-------------------------------------------------------------------------------------+
; Port ; Type   ; Severity ; Details                                                                             ;
+------+--------+----------+-------------------------------------------------------------------------------------+
; nq   ; Output ; Info     ; Connected to dangling logic. Logic that only feeds a dangling port will be removed. ;
+------+--------+----------+-------------------------------------------------------------------------------------+


+----------------------------------------------------------------------------------------------------------------+
; Port Connectivity Checks: "parReg_8bit:pr8|flipFlopDPET:ff0"                                                   ;
+------+--------+----------+-------------------------------------------------------------------------------------+
; Port ; Type   ; Severity ; Details                                                                             ;
+------+--------+----------+-------------------------------------------------------------------------------------+
; nq   ; Output ; Info     ; Connected to dangling logic. Logic that only feeds a dangling port will be removed. ;
+------+--------+----------+-------------------------------------------------------------------------------------+


+---------------------------------------------+
; Port Connectivity Checks: "parReg_8bit:pr8" ;
+------+-------+----------+-------------------+
; Port ; Type  ; Severity ; Details           ;
+------+-------+----------+-------------------+
; nset ; Input ; Info     ; Stuck at VCC      ;
+------+-------+----------+-------------------+


+----------------------------------------------------------------------------------------------------------------+
; Port Connectivity Checks: "flipFlopDPET:ff"                                                                    ;
+------+--------+----------+-------------------------------------------------------------------------------------+
; Port ; Type   ; Severity ; Details                                                                             ;
+------+--------+----------+-------------------------------------------------------------------------------------+
; nset ; Input  ; Info     ; Stuck at VCC                                                                        ;
; nq   ; Output ; Info     ; Connected to dangling logic. Logic that only feeds a dangling port will be removed. ;
+------+--------+----------+-------------------------------------------------------------------------------------+


+-----------------------------------------------------+
; Post-Synthesis Netlist Statistics for Top Partition ;
+-----------------------+-----------------------------+
; Type                  ; Count                       ;
+-----------------------+-----------------------------+
; arriav_ff             ; 20                          ;
;     CLR               ; 20                          ;
; arriav_lcell_comb     ; 14                          ;
;     normal            ; 14                          ;
;         1 data inputs ; 1                           ;
;         2 data inputs ; 1                           ;
;         3 data inputs ; 3                           ;
;         5 data inputs ; 9                           ;
; boundary_port         ; 12                          ;
;                       ;                             ;
; Max LUT depth         ; 2.00                        ;
; Average LUT depth     ; 0.89                        ;
+-----------------------+-----------------------------+


+-------------------------------+
; Elapsed Time Per Partition    ;
+----------------+--------------+
; Partition Name ; Elapsed Time ;
+----------------+--------------+
; Top            ; 00:00:00     ;
+----------------+--------------+


+-------------------------------+
; Analysis & Synthesis Messages ;
+-------------------------------+
Info: *******************************************************************
Info: Running Quartus Prime Analysis & Synthesis
    Info: Version 20.1.0 Build 711 06/05/2020 SJ Lite Edition
    Info: Processing started: Sun Nov 13 17:56:04 2022
Info: Command: quartus_map --read_settings_files=on --write_settings_files=off Encoder_BitSerial -c Encoder_BitSerial
Warning (18236): Number of processors has not been specified which may cause overloading on shared machines.  Set the global assignment NUM_PARALLEL_PROCESSORS in your QSF to an appropriate value for best performance.
Info (20030): Parallel compilation is enabled and will use 6 of the 6 processors detected
Info (12021): Found 4 design units, including 2 entities, in source file control.vhd
    Info (12022): Found design unit 1: contMem-behavior File: C:/Users/Marta Oliveira/OneDrive - Universidade de Aveiro/Desktop/Universidade/4_ano_1_semestre/AAD/trabalho1/ENC_SERIAL/control.vhd Line: 11
    Info (12022): Found design unit 2: control-structure File: C:/Users/Marta Oliveira/OneDrive - Universidade de Aveiro/Desktop/Universidade/4_ano_1_semestre/AAD/trabalho1/ENC_SERIAL/control.vhd Line: 47
    Info (12023): Found entity 1: contMem File: C:/Users/Marta Oliveira/OneDrive - Universidade de Aveiro/Desktop/Universidade/4_ano_1_semestre/AAD/trabalho1/ENC_SERIAL/control.vhd Line: 6
    Info (12023): Found entity 2: control File: C:/Users/Marta Oliveira/OneDrive - Universidade de Aveiro/Desktop/Universidade/4_ano_1_semestre/AAD/trabalho1/ENC_SERIAL/control.vhd Line: 37
Info (12021): Found 14 design units, including 7 entities, in source file simplelogic.vhd
    Info (12022): Found design unit 1: gateOr2-logicFunction File: C:/Users/Marta Oliveira/OneDrive - Universidade de Aveiro/Desktop/Universidade/4_ano_1_semestre/AAD/trabalho1/ENC_SERIAL/simpleLogic.vhd Line: 9
    Info (12022): Found design unit 2: gateAnd2-logicFunction File: C:/Users/Marta Oliveira/OneDrive - Universidade de Aveiro/Desktop/Universidade/4_ano_1_semestre/AAD/trabalho1/ENC_SERIAL/simpleLogic.vhd Line: 23
    Info (12022): Found design unit 3: gateNand2-logicFunction File: C:/Users/Marta Oliveira/OneDrive - Universidade de Aveiro/Desktop/Universidade/4_ano_1_semestre/AAD/trabalho1/ENC_SERIAL/simpleLogic.vhd Line: 36
    Info (12022): Found design unit 4: gateNor2-logicFunction File: C:/Users/Marta Oliveira/OneDrive - Universidade de Aveiro/Desktop/Universidade/4_ano_1_semestre/AAD/trabalho1/ENC_SERIAL/simpleLogic.vhd Line: 49
    Info (12022): Found design unit 5: gateXor2-logicFunction File: C:/Users/Marta Oliveira/OneDrive - Universidade de Aveiro/Desktop/Universidade/4_ano_1_semestre/AAD/trabalho1/ENC_SERIAL/simpleLogic.vhd Line: 62
    Info (12022): Found design unit 6: gateXor8-structure File: C:/Users/Marta Oliveira/OneDrive - Universidade de Aveiro/Desktop/Universidade/4_ano_1_semestre/AAD/trabalho1/ENC_SERIAL/simpleLogic.vhd Line: 75
    Info (12022): Found design unit 7: gateAnd8-structure File: C:/Users/Marta Oliveira/OneDrive - Universidade de Aveiro/Desktop/Universidade/4_ano_1_semestre/AAD/trabalho1/ENC_SERIAL/simpleLogic.vhd Line: 99
    Info (12023): Found entity 1: gateOr2 File: C:/Users/Marta Oliveira/OneDrive - Universidade de Aveiro/Desktop/Universidade/4_ano_1_semestre/AAD/trabalho1/ENC_SERIAL/simpleLogic.vhd Line: 4
    Info (12023): Found entity 2: gateAnd2 File: C:/Users/Marta Oliveira/OneDrive - Universidade de Aveiro/Desktop/Universidade/4_ano_1_semestre/AAD/trabalho1/ENC_SERIAL/simpleLogic.vhd Line: 18
    Info (12023): Found entity 3: gateNand2 File: C:/Users/Marta Oliveira/OneDrive - Universidade de Aveiro/Desktop/Universidade/4_ano_1_semestre/AAD/trabalho1/ENC_SERIAL/simpleLogic.vhd Line: 31
    Info (12023): Found entity 4: gateNor2 File: C:/Users/Marta Oliveira/OneDrive - Universidade de Aveiro/Desktop/Universidade/4_ano_1_semestre/AAD/trabalho1/ENC_SERIAL/simpleLogic.vhd Line: 44
    Info (12023): Found entity 5: gateXor2 File: C:/Users/Marta Oliveira/OneDrive - Universidade de Aveiro/Desktop/Universidade/4_ano_1_semestre/AAD/trabalho1/ENC_SERIAL/simpleLogic.vhd Line: 57
    Info (12023): Found entity 6: gateXor8 File: C:/Users/Marta Oliveira/OneDrive - Universidade de Aveiro/Desktop/Universidade/4_ano_1_semestre/AAD/trabalho1/ENC_SERIAL/simpleLogic.vhd Line: 70
    Info (12023): Found entity 7: gateAnd8 File: C:/Users/Marta Oliveira/OneDrive - Universidade de Aveiro/Desktop/Universidade/4_ano_1_semestre/AAD/trabalho1/ENC_SERIAL/simpleLogic.vhd Line: 94
Info (12021): Found 6 design units, including 3 entities, in source file storedev.vhd
    Info (12022): Found design unit 1: flipFlopDPET-behavior File: C:/Users/Marta Oliveira/OneDrive - Universidade de Aveiro/Desktop/Universidade/4_ano_1_semestre/AAD/trabalho1/ENC_SERIAL/storeDev.vhd Line: 10
    Info (12022): Found design unit 2: binCounter_3bit-structure File: C:/Users/Marta Oliveira/OneDrive - Universidade de Aveiro/Desktop/Universidade/4_ano_1_semestre/AAD/trabalho1/ENC_SERIAL/storeDev.vhd Line: 40
    Info (12022): Found design unit 3: parReg_8bit-structure File: C:/Users/Marta Oliveira/OneDrive - Universidade de Aveiro/Desktop/Universidade/4_ano_1_semestre/AAD/trabalho1/ENC_SERIAL/storeDev.vhd Line: 81
    Info (12023): Found entity 1: flipFlopDPET File: C:/Users/Marta Oliveira/OneDrive - Universidade de Aveiro/Desktop/Universidade/4_ano_1_semestre/AAD/trabalho1/ENC_SERIAL/storeDev.vhd Line: 4
    Info (12023): Found entity 2: binCounter_3bit File: C:/Users/Marta Oliveira/OneDrive - Universidade de Aveiro/Desktop/Universidade/4_ano_1_semestre/AAD/trabalho1/ENC_SERIAL/storeDev.vhd Line: 34
    Info (12023): Found entity 3: parReg_8bit File: C:/Users/Marta Oliveira/OneDrive - Universidade de Aveiro/Desktop/Universidade/4_ano_1_semestre/AAD/trabalho1/ENC_SERIAL/storeDev.vhd Line: 73
Info (12021): Found 2 design units, including 1 entities, in source file encoder_bitserial.vhd
    Info (12022): Found design unit 1: Encoder_BitSerial-structure File: C:/Users/Marta Oliveira/OneDrive - Universidade de Aveiro/Desktop/Universidade/4_ano_1_semestre/AAD/trabalho1/ENC_SERIAL/Encoder_BitSerial.vhd Line: 21
    Info (12023): Found entity 1: Encoder_BitSerial File: C:/Users/Marta Oliveira/OneDrive - Universidade de Aveiro/Desktop/Universidade/4_ano_1_semestre/AAD/trabalho1/ENC_SERIAL/Encoder_BitSerial.vhd Line: 13
Info (12127): Elaborating entity "Encoder_BitSerial" for the top level hierarchy
Info (12128): Elaborating entity "flipFlopDPET" for hierarchy "flipFlopDPET:ff" File: C:/Users/Marta Oliveira/OneDrive - Universidade de Aveiro/Desktop/Universidade/4_ano_1_semestre/AAD/trabalho1/ENC_SERIAL/Encoder_BitSerial.vhd Line: 69
Info (12128): Elaborating entity "gateAnd8" for hierarchy "gateAnd8:and8" File: C:/Users/Marta Oliveira/OneDrive - Universidade de Aveiro/Desktop/Universidade/4_ano_1_semestre/AAD/trabalho1/ENC_SERIAL/Encoder_BitSerial.vhd Line: 71
Info (12128): Elaborating entity "gateAnd2" for hierarchy "gateAnd8:and8|gateAnd2:y0" File: C:/Users/Marta Oliveira/OneDrive - Universidade de Aveiro/Desktop/Universidade/4_ano_1_semestre/AAD/trabalho1/ENC_SERIAL/simpleLogic.vhd Line: 105
Info (12128): Elaborating entity "gateXor8" for hierarchy "gateXor8:xor8" File: C:/Users/Marta Oliveira/OneDrive - Universidade de Aveiro/Desktop/Universidade/4_ano_1_semestre/AAD/trabalho1/ENC_SERIAL/Encoder_BitSerial.vhd Line: 72
Info (12128): Elaborating entity "gateXor2" for hierarchy "gateXor8:xor8|gateXor2:y0" File: C:/Users/Marta Oliveira/OneDrive - Universidade de Aveiro/Desktop/Universidade/4_ano_1_semestre/AAD/trabalho1/ENC_SERIAL/simpleLogic.vhd Line: 81
Info (12128): Elaborating entity "parReg_8bit" for hierarchy "parReg_8bit:pr8" File: C:/Users/Marta Oliveira/OneDrive - Universidade de Aveiro/Desktop/Universidade/4_ano_1_semestre/AAD/trabalho1/ENC_SERIAL/Encoder_BitSerial.vhd Line: 73
Info (12128): Elaborating entity "binCounter_3bit" for hierarchy "binCounter_3bit:bc" File: C:/Users/Marta Oliveira/OneDrive - Universidade de Aveiro/Desktop/Universidade/4_ano_1_semestre/AAD/trabalho1/ENC_SERIAL/Encoder_BitSerial.vhd Line: 74
Info (12128): Elaborating entity "control" for hierarchy "control:con" File: C:/Users/Marta Oliveira/OneDrive - Universidade de Aveiro/Desktop/Universidade/4_ano_1_semestre/AAD/trabalho1/ENC_SERIAL/Encoder_BitSerial.vhd Line: 75
Info (12128): Elaborating entity "contMem" for hierarchy "control:con|contMem:cMem" File: C:/Users/Marta Oliveira/OneDrive - Universidade de Aveiro/Desktop/Universidade/4_ano_1_semestre/AAD/trabalho1/ENC_SERIAL/control.vhd Line: 63
Info (12128): Elaborating entity "gateNand2" for hierarchy "control:con|gateNand2:nad1" File: C:/Users/Marta Oliveira/OneDrive - Universidade de Aveiro/Desktop/Universidade/4_ano_1_semestre/AAD/trabalho1/ENC_SERIAL/control.vhd Line: 64
Info (12128): Elaborating entity "gateNor2" for hierarchy "control:con|gateNor2:nord" File: C:/Users/Marta Oliveira/OneDrive - Universidade de Aveiro/Desktop/Universidade/4_ano_1_semestre/AAD/trabalho1/ENC_SERIAL/control.vhd Line: 68
Info (12128): Elaborating entity "gateOr2" for hierarchy "gateOr2:validOut" File: C:/Users/Marta Oliveira/OneDrive - Universidade de Aveiro/Desktop/Universidade/4_ano_1_semestre/AAD/trabalho1/ENC_SERIAL/Encoder_BitSerial.vhd Line: 79
Info (276014): Found 1 instances of uninferred RAM logic
    Info (276004): RAM logic "control:con|contMem:cMem|prog" is uninferred due to inappropriate RAM size File: C:/Users/Marta Oliveira/OneDrive - Universidade de Aveiro/Desktop/Universidade/4_ano_1_semestre/AAD/trabalho1/ENC_SERIAL/control.vhd Line: 15
Warning (19016): Clock multiplexers are found and protected
    Warning (19017): Found clock multiplexer control:con|contMem:cMem|prog~0 File: C:/Users/Marta Oliveira/OneDrive - Universidade de Aveiro/Desktop/Universidade/4_ano_1_semestre/AAD/trabalho1/ENC_SERIAL/control.vhd Line: 15
Info (286030): Timing-Driven Synthesis is running
Info (16010): Generating hard_block partition "hard_block:auto_generated_inst"
    Info (16011): Adding 0 node(s), including 0 DDIO, 0 PLL, 0 transceiver and 0 LCELL
Info (21057): Implemented 43 device resources after synthesis - the final resource count might be different
    Info (21058): Implemented 3 input pins
    Info (21059): Implemented 9 output pins
    Info (21061): Implemented 31 logic cells
Info: Quartus Prime Analysis & Synthesis was successful. 0 errors, 3 warnings
    Info: Peak virtual memory: 4858 megabytes
    Info: Processing ended: Sun Nov 13 17:56:14 2022
    Info: Elapsed time: 00:00:10
    Info: Total CPU time (on all processors): 00:00:22


