This is pdfTeX, Version 3.14159265-2.6-1.40.20 (TeX Live 2019/Debian) (preloaded format=pdflatex 2022.10.26)  4 DEC 2022 23:55
entering extended mode
 restricted \write18 enabled.
 %&-line parsing enabled.
**Relat√≥rio.tex
(./Relat√≥rio.tex
LaTeX2e <2020-02-02> patch level 2
L3 programming layer <2020-02-14>
(/usr/share/texlive/texmf-dist/tex/latex/base/report.cls
Document Class: report 2019/12/20 v1.4l Standard LaTeX document class
(/usr/share/texlive/texmf-dist/tex/latex/base/size10.clo
File: size10.clo 2019/12/20 v1.4l Standard LaTeX file (size option)
)
\c@part=\count167
\c@chapter=\count168
\c@section=\count169
\c@subsection=\count170
\c@subsubsection=\count171
\c@paragraph=\count172
\c@subparagraph=\count173
\c@figure=\count174
\c@table=\count175
\abovecaptionskip=\skip47
\belowcaptionskip=\skip48
\bibindent=\dimen134
)
(/usr/share/texlive/texmf-dist/tex/latex/base/fontenc.sty
Package: fontenc 2020/02/11 v2.0o Standard LaTeX package
)
(/usr/share/texlive/texmf-dist/tex/latex/base/inputenc.sty
Package: inputenc 2018/08/11 v1.3c Input encoding file
\inpenc@prehook=\toks14
\inpenc@posthook=\toks15
)
(/usr/share/texlive/texmf-dist/tex/generic/babel/babel.sty
Package: babel 2020/02/14 3.40 The Babel package

(/usr/share/texlive/texmf-dist/tex/generic/babel/switch.def
File: switch.def 2020/02/14 3.40 Babel switching mechanism
)
(/usr/share/texlive/texmf-dist/tex/generic/babel-portuges/portuges.ldf
Language: portuges 2008/03/18 v1.2q Portuguese support from the babel system

(/usr/share/texlive/texmf-dist/tex/generic/babel/babel.def
File: babel.def 2020/02/14 3.40 Babel common definitions
\babel@savecnt=\count176
\U@D=\dimen135

(/usr/share/texlive/texmf-dist/tex/generic/babel/txtbabel.def)
\bbl@readstream=\read2
\bbl@dirlevel=\count177
)
Package babel Info: Making " an active character on input line 145.
))
(/usr/share/texlive/texmf-dist/tex/latex/blindtext/blindtext.sty
Package: blindtext 2012/01/06 V2.0 blindtext-Package

(/usr/share/texlive/texmf-dist/tex/latex/tools/xspace.sty
Package: xspace 2014/10/28 v1.13 Space after command names (DPC,MH)
)
\c@blindtext=\count178
\c@Blindtext=\count179
\c@blind@countparstart=\count180
\blind@countxx=\count181
\blindtext@numBlindtext=\count182
\blind@countyy=\count183
\c@blindlist=\count184
\c@blindlistlevel=\count185
\c@blindlist@level=\count186
\blind@listitem=\count187
\c@blind@listcount=\count188
\c@blind@levelcount=\count189
\blind@mathformula=\count190
\blind@Mathformula=\count191
\c@blind@randomcount=\count192
\c@blind@randommax=\count193
\c@blind@pangramcount=\count194
\c@blind@pangrammax=\count195
)
(/usr/share/texlive/texmf-dist/tex/latex/acronym/acronym.sty
Package: acronym 2019/11/11 v1.42 Support for acronyms (Tobias Oetiker)

(/usr/share/texlive/texmf-dist/tex/latex/bigfoot/suffix.sty
Package: suffix 2006/07/15 1.5a Variant command support
)
(/usr/share/texlive/texmf-dist/tex/generic/xstring/xstring.sty
(/usr/share/texlive/texmf-dist/tex/generic/xstring/xstring.tex
\integerpart=\count196
\decimalpart=\count197
)
Package: xstring 2019/02/06 v1.83 String manipulations (CT)
)
\AC@clearlist=\toks16
)
(/usr/share/texlive/texmf-dist/tex/latex/hyperref/hyperref.sty
Package: hyperref 2020/01/14 v7.00d Hypertext links for LaTeX

(/usr/share/texlive/texmf-dist/tex/generic/ltxcmds/ltxcmds.sty
Package: ltxcmds 2019/12/15 v1.24 LaTeX kernel commands for general use (HO)
)
(/usr/share/texlive/texmf-dist/tex/generic/iftex/iftex.sty
Package: iftex 2019/11/07 v1.0c TeX engine tests
)
(/usr/share/texlive/texmf-dist/tex/latex/pdftexcmds/pdftexcmds.sty
Package: pdftexcmds 2019/11/24 v0.31 Utility functions of pdfTeX for LuaTeX (HO
)

(/usr/share/texlive/texmf-dist/tex/generic/infwarerr/infwarerr.sty
Package: infwarerr 2019/12/03 v1.5 Providing info/warning/error messages (HO)
)
Package pdftexcmds Info: \pdf@primitive is available.
Package pdftexcmds Info: \pdf@ifprimitive is available.
Package pdftexcmds Info: \pdfdraftmode found.
)
(/usr/share/texlive/texmf-dist/tex/latex/graphics/keyval.sty
Package: keyval 2014/10/28 v1.15 key=value parser (DPC)
\KV@toks@=\toks17
)
(/usr/share/texlive/texmf-dist/tex/generic/kvsetkeys/kvsetkeys.sty
Package: kvsetkeys 2019/12/15 v1.18 Key value parser (HO)
)
(/usr/share/texlive/texmf-dist/tex/generic/kvdefinekeys/kvdefinekeys.sty
Package: kvdefinekeys 2019-12-19 v1.6 Define keys (HO)
)
(/usr/share/texlive/texmf-dist/tex/generic/pdfescape/pdfescape.sty
Package: pdfescape 2019/12/09 v1.15 Implements pdfTeX's escape features (HO)
)
(/usr/share/texlive/texmf-dist/tex/latex/hycolor/hycolor.sty
Package: hycolor 2020-01-27 v1.10 Color options for hyperref/bookmark (HO)
)
(/usr/share/texlive/texmf-dist/tex/latex/letltxmacro/letltxmacro.sty
Package: letltxmacro 2019/12/03 v1.6 Let assignment for LaTeX macros (HO)
)
(/usr/share/texlive/texmf-dist/tex/latex/auxhook/auxhook.sty
Package: auxhook 2019-12-17 v1.6 Hooks for auxiliary files (HO)
)
(/usr/share/texlive/texmf-dist/tex/latex/kvoptions/kvoptions.sty
Package: kvoptions 2019/11/29 v3.13 Key value format for package options (HO)
)
\@linkdim=\dimen136
\Hy@linkcounter=\count198
\Hy@pagecounter=\count199

(/usr/share/texlive/texmf-dist/tex/latex/hyperref/pd1enc.def
File: pd1enc.def 2020/01/14 v7.00d Hyperref: PDFDocEncoding definition (HO)
Now handling font encoding PD1 ...
... no UTF-8 mapping file for font encoding PD1
)
(/usr/share/texlive/texmf-dist/tex/generic/intcalc/intcalc.sty
Package: intcalc 2019/12/15 v1.3 Expandable calculations with integers (HO)
)
(/usr/share/texlive/texmf-dist/tex/generic/etexcmds/etexcmds.sty
Package: etexcmds 2019/12/15 v1.7 Avoid name clashes with e-TeX commands (HO)
)
\Hy@SavedSpaceFactor=\count266
\pdfmajorversion=\count267
Package hyperref Info: Hyper figures OFF on input line 4547.
Package hyperref Info: Link nesting OFF on input line 4552.
Package hyperref Info: Hyper index ON on input line 4555.
Package hyperref Info: Plain pages OFF on input line 4562.
Package hyperref Info: Backreferencing OFF on input line 4567.
Package hyperref Info: Implicit mode ON; LaTeX internals redefined.
Package hyperref Info: Bookmarks ON on input line 4800.
\c@Hy@tempcnt=\count268

(/usr/share/texlive/texmf-dist/tex/latex/url/url.sty
\Urlmuskip=\muskip16
Package: url 2013/09/16  ver 3.4  Verb mode for urls, etc.
)
LaTeX Info: Redefining \url on input line 5159.
\XeTeXLinkMargin=\dimen137

(/usr/share/texlive/texmf-dist/tex/generic/bitset/bitset.sty
Package: bitset 2019/12/09 v1.3 Handle bit-vector datatype (HO)

(/usr/share/texlive/texmf-dist/tex/generic/bigintcalc/bigintcalc.sty
Package: bigintcalc 2019/12/15 v1.5 Expandable calculations on big integers (HO
)
))
\Fld@menulength=\count269
\Field@Width=\dimen138
\Fld@charsize=\dimen139
Package hyperref Info: Hyper figures OFF on input line 6430.
Package hyperref Info: Link nesting OFF on input line 6435.
Package hyperref Info: Hyper index ON on input line 6438.
Package hyperref Info: backreferencing OFF on input line 6445.
Package hyperref Info: Link coloring OFF on input line 6450.
Package hyperref Info: Link coloring with OCG OFF on input line 6455.
Package hyperref Info: PDF/A mode OFF on input line 6460.
LaTeX Info: Redefining \ref on input line 6500.
LaTeX Info: Redefining \pageref on input line 6504.

(/usr/share/texlive/texmf-dist/tex/generic/atbegshi/atbegshi.sty
Package: atbegshi 2019/12/05 v1.19 At begin shipout hook (HO)
)
\Hy@abspage=\count270
\c@Item=\count271
\c@Hfootnote=\count272
)
Package hyperref Info: Driver (autodetected): hpdftex.

(/usr/share/texlive/texmf-dist/tex/latex/hyperref/hpdftex.def
File: hpdftex.def 2020/01/14 v7.00d Hyperref driver for pdfTeX

(/usr/share/texlive/texmf-dist/tex/latex/atveryend/atveryend.sty
Package: atveryend 2019-12-11 v1.11 Hooks at the very end of document (HO)
Package atveryend Info: \enddocument detected (standard20110627).
)
\Fld@listcount=\count273
\c@bookmark@seq@number=\count274

(/usr/share/texlive/texmf-dist/tex/latex/rerunfilecheck/rerunfilecheck.sty
Package: rerunfilecheck 2019/12/05 v1.9 Rerun checks for auxiliary files (HO)

(/usr/share/texlive/texmf-dist/tex/generic/uniquecounter/uniquecounter.sty
Package: uniquecounter 2019/12/15 v1.4 Provide unlimited unique counter (HO)
)
Package uniquecounter Info: New unique counter `rerunfilecheck' on input line 2
86.
)
\Hy@SectionHShift=\skip49
)
(/usr/share/texlive/texmf-dist/tex/latex/graphics/color.sty
Package: color 2019/11/23 v1.2a Standard LaTeX Color (DPC)

(/usr/share/texlive/texmf-dist/tex/latex/graphics-cfg/color.cfg
File: color.cfg 2016/01/02 v1.6 sample color configuration
)
Package color Info: Driver file: pdftex.def on input line 147.

(/usr/share/texlive/texmf-dist/tex/latex/graphics-def/pdftex.def
File: pdftex.def 2018/01/08 v1.0l Graphics/color driver for pdftex
))
(/usr/share/texlive/texmf-dist/tex/latex/graphics/graphicx.sty
Package: graphicx 2019/11/30 v1.2a Enhanced LaTeX Graphics (DPC,SPQR)

(/usr/share/texlive/texmf-dist/tex/latex/graphics/graphics.sty
Package: graphics 2019/11/30 v1.4a Standard LaTeX Graphics (DPC,SPQR)

(/usr/share/texlive/texmf-dist/tex/latex/graphics/trig.sty
Package: trig 2016/01/03 v1.10 sin cos tan (DPC)
)
(/usr/share/texlive/texmf-dist/tex/latex/graphics-cfg/graphics.cfg
File: graphics.cfg 2016/06/04 v1.11 sample graphics configuration
)
Package graphics Info: Driver file: pdftex.def on input line 105.
)
\Gin@req@height=\dimen140
\Gin@req@width=\dimen141
)
(/usr/share/texlive/texmf-dist/tex/latex/amsmath/amsmath.sty
Package: amsmath 2020/01/20 v2.17e AMS math features
\@mathmargin=\skip50

For additional information on amsmath, use the `?' option.
(/usr/share/texlive/texmf-dist/tex/latex/amsmath/amstext.sty
Package: amstext 2000/06/29 v2.01 AMS text

(/usr/share/texlive/texmf-dist/tex/latex/amsmath/amsgen.sty
File: amsgen.sty 1999/11/30 v2.0 generic functions
\@emptytoks=\toks18
\ex@=\dimen142
))
(/usr/share/texlive/texmf-dist/tex/latex/amsmath/amsbsy.sty
Package: amsbsy 1999/11/29 v1.2d Bold Symbols
\pmbraise@=\dimen143
)
(/usr/share/texlive/texmf-dist/tex/latex/amsmath/amsopn.sty
Package: amsopn 2016/03/08 v2.02 operator names
)
\inf@bad=\count275
LaTeX Info: Redefining \frac on input line 227.
\uproot@=\count276
\leftroot@=\count277
LaTeX Info: Redefining \overline on input line 389.
\classnum@=\count278
\DOTSCASE@=\count279
LaTeX Info: Redefining \ldots on input line 486.
LaTeX Info: Redefining \dots on input line 489.
LaTeX Info: Redefining \cdots on input line 610.
\Mathstrutbox@=\box45
\strutbox@=\box46
\big@size=\dimen144
LaTeX Font Info:    Redeclaring font encoding OML on input line 733.
LaTeX Font Info:    Redeclaring font encoding OMS on input line 734.
\macc@depth=\count280
\c@MaxMatrixCols=\count281
\dotsspace@=\muskip17
\c@parentequation=\count282
\dspbrk@lvl=\count283
\tag@help=\toks19
\row@=\count284
\column@=\count285
\maxfields@=\count286
\andhelp@=\toks20
\eqnshift@=\dimen145
\alignsep@=\dimen146
\tagshift@=\dimen147
\tagwidth@=\dimen148
\totwidth@=\dimen149
\lineht@=\dimen150
\@envbody=\toks21
\multlinegap=\skip51
\multlinetaggap=\skip52
\mathdisplay@stack=\toks22
LaTeX Info: Redefining \[ on input line 2859.
LaTeX Info: Redefining \] on input line 2860.
)
(/usr/share/texlive/texmf-dist/tex/latex/xcolor/xcolor.sty
Package: xcolor 2016/05/11 v2.12 LaTeX color extensions (UK)

(/usr/share/texlive/texmf-dist/tex/latex/graphics-cfg/color.cfg
File: color.cfg 2016/01/02 v1.6 sample color configuration
)
Package xcolor Info: Driver file: pdftex.def on input line 225.
LaTeX Info: Redefining \color on input line 709.
Package xcolor Info: Model `cmy' substituted by `cmy0' on input line 1348.
Package xcolor Info: Model `hsb' substituted by `rgb' on input line 1352.
Package xcolor Info: Model `RGB' extended on input line 1364.
Package xcolor Info: Model `HTML' substituted by `rgb' on input line 1366.
Package xcolor Info: Model `Hsb' substituted by `hsb' on input line 1367.
Package xcolor Info: Model `tHsb' substituted by `hsb' on input line 1368.
Package xcolor Info: Model `HSB' substituted by `hsb' on input line 1369.
Package xcolor Info: Model `Gray' substituted by `gray' on input line 1370.
Package xcolor Info: Model `wave' substituted by `hsb' on input line 1371.
)
(/usr/share/texlive/texmf-dist/tex/latex/listings/listings.sty
\lst@mode=\count287
\lst@gtempboxa=\box47
\lst@token=\toks23
\lst@length=\count288
\lst@currlwidth=\dimen151
\lst@column=\count289
\lst@pos=\count290
\lst@lostspace=\dimen152
\lst@width=\dimen153
\lst@newlines=\count291
\lst@lineno=\count292
\lst@maxwidth=\dimen154

(/usr/share/texlive/texmf-dist/tex/latex/listings/lstmisc.sty
File: lstmisc.sty 2019/09/10 1.8c (Carsten Heinz)
\c@lstnumber=\count293
\lst@skipnumbers=\count294
\lst@framebox=\box48
)
(/usr/share/texlive/texmf-dist/tex/latex/listings/listings.cfg
File: listings.cfg 2019/09/10 1.8c listings configuration
))
Package: listings 2019/09/10 1.8c (Carsten Heinz)

\bibdata{bibliografia}
No file Relat√≥rio.bbl.
(/usr/share/texlive/texmf-dist/tex/latex/l3backend/l3backend-pdfmode.def
File: l3backend-pdfmode.def 2020-02-03 L3 backend support: PDF mode
\l__kernel_color_stack_int=\count295
\l__pdf_internal_box=\box49
)
(./Relat√≥rio.aux

LaTeX Warning: Label `lst:javacode' multiply defined.


LaTeX Warning: Label `lst:javacode' multiply defined.


LaTeX Warning: Label `lst:javacode' multiply defined.


LaTeX Warning: Label `fig:compile' multiply defined.


LaTeX Warning: Label `lst:javacode' multiply defined.


LaTeX Warning: Label `fig:compile' multiply defined.


LaTeX Warning: Label `lst:javacode' multiply defined.


LaTeX Warning: Label `lst:javacode' multiply defined.


LaTeX Warning: Label `fig:light_increase' multiply defined.


LaTeX Warning: Label `fig:light_decrease' multiply defined.


LaTeX Warning: Label `fig:light_increase' multiply defined.


LaTeX Warning: Label `fig:light_decrease' multiply defined.

)
\openout1 = `Relat√≥rio.aux'.

LaTeX Font Info:    Checking defaults for OML/cmm/m/it on input line 51.
LaTeX Font Info:    ... okay on input line 51.
LaTeX Font Info:    Checking defaults for OMS/cmsy/m/n on input line 51.
LaTeX Font Info:    ... okay on input line 51.
LaTeX Font Info:    Checking defaults for OT1/cmr/m/n on input line 51.
LaTeX Font Info:    ... okay on input line 51.
LaTeX Font Info:    Checking defaults for T1/cmr/m/n on input line 51.
LaTeX Font Info:    ... okay on input line 51.
LaTeX Font Info:    Checking defaults for TS1/cmr/m/n on input line 51.
LaTeX Font Info:    ... okay on input line 51.
LaTeX Font Info:    Checking defaults for OMX/cmex/m/n on input line 51.
LaTeX Font Info:    ... okay on input line 51.
LaTeX Font Info:    Checking defaults for U/cmr/m/n on input line 51.
LaTeX Font Info:    ... okay on input line 51.
LaTeX Font Info:    Checking defaults for PD1/pdf/m/n on input line 51.
LaTeX Font Info:    ... okay on input line 51.
\AtBeginShipoutBox=\box50
Package hyperref Info: Link coloring OFF on input line 51.
 (/usr/share/texlive/texmf-dist/tex/latex/hyperref/nameref.sty
Package: nameref 2019/09/16 v2.46 Cross-referencing by name of section

(/usr/share/texlive/texmf-dist/tex/latex/refcount/refcount.sty
Package: refcount 2019/12/15 v3.6 Data extraction from label references (HO)
)
(/usr/share/texlive/texmf-dist/tex/generic/gettitlestring/gettitlestring.sty
Package: gettitlestring 2019/12/15 v1.6 Cleanup title references (HO)
)
\c@section@level=\count296
)
LaTeX Info: Redefining \ref on input line 51.
LaTeX Info: Redefining \pageref on input line 51.
LaTeX Info: Redefining \nameref on input line 51.

(./Relat√≥rio.out) (./Relat√≥rio.out)
\@outlinefile=\write3
\openout3 = `Relat√≥rio.out'.


(/usr/share/texlive/texmf-dist/tex/context/base/mkii/supp-pdf.mkii
[Loading MPS to PDF converter (version 2006.09.02).]
\scratchcounter=\count297
\scratchdimen=\dimen155
\scratchbox=\box51
\nofMPsegments=\count298
\nofMParguments=\count299
\everyMPshowfont=\toks24
\MPscratchCnt=\count300
\MPscratchDim=\dimen156
\MPnumerator=\count301
\makeMPintoPDFobject=\count302
\everyMPtoPDFconversion=\toks25
) (/usr/share/texlive/texmf-dist/tex/latex/epstopdf-pkg/epstopdf-base.sty
Package: epstopdf-base 2020-01-24 v2.11 Base part for package epstopdf
Package epstopdf-base Info: Redefining graphics rule for `.eps' on input line 4
85.

(/usr/share/texlive/texmf-dist/tex/latex/latexconfig/epstopdf-sys.cfg
File: epstopdf-sys.cfg 2010/07/13 v1.3 Configuration of (r)epstopdf for TeX Liv
e
))
\c@lstlisting=\count303
<ua.pdf, id=48, 52.195pt x 55.20625pt>
File: ua.pdf Graphic file (type pdf)
<use ua.pdf>
Package pdftex.def Info: ua.pdf  used on input line 91.
(pdftex.def)             Requested size: 52.19487pt x 55.2061pt.

[1

{/var/lib/texmf/fonts/map/pdftex/updmap/pdftex.map} <./ua.pdf>]pdfTeX warning (
ext4): destination with the same identifier (name{page.1}) has been already use
d, duplicate ignored
<to be read again> 
                   \relax 
l.115 
       [1] (./Relat√≥rio.toc)
\tf@toc=\write4
\openout4 = `Relat√≥rio.toc'.

 [1

]
Cap\'{\i }tulo 1.
LaTeX Font Info:    Trying to load font information for T1+cmtt on input line 1
44.
(/usr/share/texlive/texmf-dist/tex/latex/base/t1cmtt.fd
File: t1cmtt.fd 2019/12/16 v2.5j Standard LaTeX font definitions
)pdfTeX warning (ext4): destination with the same identifier (name{page.1}) has
 been already used, duplicate ignored
<to be read again> 
                   \relax 
l.151 \chapter
              {Parte I} [1


]
Cap\'{\i }tulo 2.
(/usr/share/texlive/texmf-dist/tex/latex/listings/lstlang1.sty
File: lstlang1.sty 2019/09/10 1.8c listings language file
)
(/usr/share/texlive/texmf-dist/tex/latex/listings/lstlang1.sty
File: lstlang1.sty 2019/09/10 1.8c listings language file
)
(/usr/share/texlive/texmf-dist/tex/latex/listings/lstmisc.sty
File: lstmisc.sty 2019/09/10 1.8c (Carsten Heinz)
)
Package hyperref Info: bookmark level for unknown lstlisting defaults to 0 on i
nput line 168.
LaTeX Font Info:    Font shape `T1/cmtt/bx/n' in size <9> not available
(Font)              Font shape `T1/cmtt/m/n' tried instead on input line 169.
 [2

]

! Package inputenc Error: Invalid UTF-8 byte sequence.

See the inputenc package documentation for explanation.
Type  H <return>  for immediate help.
 ...                                              
                                                  
l.197 ... image, the max intensity value is 28‚Äì 
                                                  1 = 255,
The document does not appear to be in UTF-8 encoding.
Try adding \UseRawInputEncoding as the first line of the file
or specify an encoding such as \usepackage [latin1]{inputenc}
in the document preamble.
Alternatively, save the file in UTF-8 using your editor or another tool


! Package inputenc Error: Invalid UTF-8 byte "93.

See the inputenc package documentation for explanation.
Type  H <return>  for immediate help.
 ...                                              
                                                  
l.197 ... image, the max intensity value is 28‚Äì 
                                                  1 = 255,
The document does not appear to be in UTF-8 encoding.
Try adding \UseRawInputEncoding as the first line of the file
or specify an encoding such as \usepackage [latin1]{inputenc}
in the document preamble.
Alternatively, save the file in UTF-8 using your editor or another tool

<teste.jpg, id=114, 652.4375pt x 653.44125pt>
File: teste.jpg Graphic file (type jpg)
<use teste.jpg>
Package pdftex.def Info: teste.jpg  used on input line 215.
(pdftex.def)             Requested size: 138.00052pt x 138.2138pt.
! Undefined control sequence.
l.216     \captionof
                    {Imagem Original}
The control sequence at the end of the top line
of your error message was never \def'ed. If you have
misspelled it (e.g., `\hobx'), type `I' and the correct
spelling (e.g., `I\hbox'). Otherwise just continue,
and I'll forget about whatever was undefined.

<negative.png, id=115, 640.3925pt x 684.5575pt>
File: negative.png Graphic file (type png)
<use negative.png>
Package pdftex.def Info: negative.png  used on input line 221.
(pdftex.def)             Requested size: 138.00052pt x 147.51125pt.
! Undefined control sequence.
l.222     \captionof
                    {Negativo da Imagem}
The control sequence at the end of the top line
of your error message was never \def'ed. If you have
misspelled it (e.g., `\hobx'), type `I' and the correct
spelling (e.g., `I\hbox'). Otherwise just continue,
and I'll forget about whatever was undefined.

[3] [4 <./teste.jpg> <./negative.png>]
<flipped_horizontally.png, id=160, 574.145pt x 608.2725pt>
File: flipped_horizontally.png Graphic file (type png)
<use flipped_horizontally.png>
Package pdftex.def Info: flipped_horizontally.png  used on input line 266.
(pdftex.def)             Requested size: 138.00052pt x 146.20186pt.

! Undefined control sequence.
l.267     \captionof
                    {Flipped Horizontally}
The control sequence at the end of the top line
of your error message was never \def'ed. If you have
misspelled it (e.g., `\hobx'), type `I' and the correct
spelling (e.g., `I\hbox'). Otherwise just continue,
and I'll forget about whatever was undefined.

<flipped_vertically.png, id=161, 574.145pt x 608.2725pt>
File: flipped_vertically.png Graphic file (type png)
<use flipped_vertically.png>
Package pdftex.def Info: flipped_vertically.png  used on input line 272.
(pdftex.def)             Requested size: 138.00052pt x 146.20186pt.
! Undefined control sequence.
l.273     \captionof
                    {Flipped Vertically}
The control sequence at the end of the top line
of your error message was never \def'ed. If you have
misspelled it (e.g., `\hobx'), type `I' and the correct
spelling (e.g., `I\hbox'). Otherwise just continue,
and I'll forget about whatever was undefined.

<formadecompilar.png, id=162, 670.505pt x 75.28125pt>
File: formadecompilar.png Graphic file (type png)
<use formadecompilar.png>
Package pdftex.def Info: formadecompilar.png  used on input line 281.
(pdftex.def)             Requested size: 345.0pt x 38.73409pt.
! Undefined control sequence.
l.282     \captionof
                    {Exemplo de compila√ß√£o para criar vers√£o espelhada}
The control sequence at the end of the top line
of your error message was never \def'ed. If you have
misspelled it (e.g., `\hobx'), type `I' and the correct
spelling (e.g., `I\hbox'). Otherwise just continue,
and I'll forget about whatever was undefined.


Overfull \hbox (10.13878pt too wide) in paragraph at lines 290--291
 [][] \T1/cmr/m/n/10 Neste efeito, mais uma vez, usu-frui-mos de uma fun-Á„o pr
Û-pria do \T1/cmr/m/it/10 OpenCV\T1/cmr/m/n/10 :
 []

[5 <./flipped_horizontally.png> <./flipped_vertically.png> <./formadecompilar.p
ng>]
<rotate.png, id=188, 574.145pt x 608.2725pt>
File: rotate.png Graphic file (type png)
<use rotate.png>
Package pdftex.def Info: rotate.png  used on input line 317.
(pdftex.def)             Requested size: 172.5pt x 182.75232pt.

! Undefined control sequence.
l.318     \captionof
                    {Rota√ß√£o a 180¬∫ graus}
The control sequence at the end of the top line
of your error message was never \def'ed. If you have
misspelled it (e.g., `\hobx'), type `I' and the correct
spelling (e.g., `I\hbox'). Otherwise just continue,
and I'll forget about whatever was undefined.

<formadecompilarrotacao.png, id=189, 1143.27126pt x 62.2325pt>
File: formadecompilarrotacao.png Graphic file (type png)
<use formadecompilarrotacao.png>
Package pdftex.def Info: formadecompilarrotacao.png  used on input line 327.
(pdftex.def)             Requested size: 345.0pt x 18.77908pt.
! Undefined control sequence.
l.328     \captionof
                    {Exemplo de compila√ß√£o para criar vers√£o rotacionada}
The control sequence at the end of the top line
of your error message was never \def'ed. If you have
misspelled it (e.g., `\hobx'), type `I' and the correct
spelling (e.g., `I\hbox'). Otherwise just continue,
and I'll forget about whatever was undefined.

[6 <./rotate.png> <./formadecompilarrotacao.png>]
<light_increase.png, id=214, 575.14874pt x 609.27625pt>
File: light_increase.png Graphic file (type png)
<use light_increase.png>
Package pdftex.def Info: light_increase.png  used on input line 368.
(pdftex.def)             Requested size: 138.00052pt x 146.1828pt.

! Undefined control sequence.
l.369     \captionof
                    {Aumento da Intensidade}
The control sequence at the end of the top line
of your error message was never \def'ed. If you have
misspelled it (e.g., `\hobx'), type `I' and the correct
spelling (e.g., `I\hbox'). Otherwise just continue,
and I'll forget about whatever was undefined.

<light_decrease.png, id=215, 575.14874pt x 609.27625pt>
File: light_decrease.png Graphic file (type png)
<use light_decrease.png>
Package pdftex.def Info: light_decrease.png  used on input line 374.
(pdftex.def)             Requested size: 138.00052pt x 146.1828pt.
! Undefined control sequence.
l.375     \captionof
                    {Diminui√ß√£o da Intensidade}
The control sequence at the end of the top line
of your error message was never \def'ed. If you have
misspelled it (e.g., `\hobx'), type `I' and the correct
spelling (e.g., `I\hbox'). Otherwise just continue,
and I'll forget about whatever was undefined.


LaTeX Warning: `!h' float specifier changed to `!ht'.

<formadecompilar_f.png, id=216, 762.85pt x 95.35625pt>
File: formadecompilar_f.png Graphic file (type png)
<use formadecompilar_f.png>
Package pdftex.def Info: formadecompilar_f.png  used on input line 383.
(pdftex.def)             Requested size: 345.0pt x 43.1238pt.
! Undefined control sequence.
l.384     \captionof
                    {Exemplo de compila√ß√£o da diminui√ß√£o da intensidade}
The control sequence at the end of the top line
of your error message was never \def'ed. If you have
misspelled it (e.g., `\hobx'), type `I' and the correct
spelling (e.g., `I\hbox'). Otherwise just continue,
and I'll forget about whatever was undefined.


LaTeX Warning: `!h' float specifier changed to `!ht'.

[7] [8 <./light_increase.png> <./light_decrease.png> <./formadecompilar_f.png>]
Cap\'{\i }tulo 3.
[9

] [10] [11] [12]
Cap\'{\i }tulo 4.
[13

]
Overfull \hbox (21.10504pt too wide) in paragraph at lines 597--598
 [][] \T1/cmr/m/n/10 Para tes-tar este co-dec È ne-ces-s·-rio com-pi-lar e cor-
rer o fi-cheiro test_audioCodec.cpp
 []

[14] [15] [16]
Overfull \hbox (13.75389pt too wide) in paragraph at lines 752--775
 [] 
 []

[17]
Overfull \hbox (2.85768pt too wide) in paragraph at lines 793--793
[]\T1/cmr/m/n/10 sample03.wav| 
 []


Overfull \hbox (2.85768pt too wide) in paragraph at lines 795--795
[]\T1/cmr/m/n/10 sample04.wav| 
 []


Overfull \hbox (2.85768pt too wide) in paragraph at lines 797--797
[]\T1/cmr/m/n/10 sample05.wav| 
 []


Overfull \hbox (2.85768pt too wide) in paragraph at lines 799--799
[]\T1/cmr/m/n/10 sample06.wav| 
 []


Overfull \hbox (15.98029pt too wide) in paragraph at lines 789--802
 [] 
 []

[18]
Cap\'{\i }tulo 5.
<conf_espacial.png, id=450, 344.28625pt x 147.55125pt>
File: conf_espacial.png Graphic file (type png)
<use conf_espacial.png>
Package pdftex.def Info: conf_espacial.png  used on input line 840.
(pdftex.def)             Requested size: 345.0pt x 147.85706pt.
! Undefined control sequence.
l.841     \captionof
                    {Configura√ß√£o espacial do JPEG}
The control sequence at the end of the top line
of your error message was never \def'ed. If you have
misspelled it (e.g., `\hobx'), type `I' and the correct
spelling (e.g., `I\hbox'). Otherwise just continue,
and I'll forget about whatever was undefined.

[19

 <./conf_espacial.png>]
<conversion.png, id=461, 1012.78375pt x 423.5825pt>
File: conversion.png Graphic file (type png)
<use conversion.png>
Package pdftex.def Info: conversion.png  used on input line 857.
(pdftex.def)             Requested size: 345.0pt x 144.2876pt.

! Undefined control sequence.
l.858     \captionof
                    {F√≥rmulas usadas para convers√£o RGB <-> YCbCr}
The control sequence at the end of the top line
of your error message was never \def'ed. If you have
misspelled it (e.g., `\hobx'), type `I' and the correct
spelling (e.g., `I\hbox'). Otherwise just continue,
and I'll forget about whatever was undefined.

[20 <./conversion.png>]
<baboonEncode.jpeg, id=473, 499.8675pt x 102.3825pt>
File: baboonEncode.jpeg Graphic file (type jpg)
<use baboonEncode.jpeg>
Package pdftex.def Info: baboonEncode.jpeg  used on input line 877.
(pdftex.def)             Requested size: 345.0pt x 70.6643pt.

! Undefined control sequence.
l.878     \captionof
                    {Baboon Encode}
The control sequence at the end of the top line
of your error message was never \def'ed. If you have
misspelled it (e.g., `\hobx'), type `I' and the correct
spelling (e.g., `I\hbox'). Otherwise just continue,
and I'll forget about whatever was undefined.

<monarchEncode.jpeg, id=474, 498.86375pt x 102.3825pt>
File: monarchEncode.jpeg Graphic file (type jpg)
<use monarchEncode.jpeg>
Package pdftex.def Info: monarchEncode.jpeg  used on input line 887.
(pdftex.def)             Requested size: 345.0pt x 70.80647pt.
! Undefined control sequence.
l.888     \captionof
                    {Monarch Encode}
The control sequence at the end of the top line
of your error message was never \def'ed. If you have
misspelled it (e.g., `\hobx'), type `I' and the correct
spelling (e.g., `I\hbox'). Otherwise just continue,
and I'll forget about whatever was undefined.

<baboon.jpg, id=475, 513.92pt x 513.92pt>
File: baboon.jpg Graphic file (type jpg)
<use baboon.jpg>
Package pdftex.def Info: baboon.jpg  used on input line 897.
(pdftex.def)             Requested size: 186.30063pt x 186.30495pt.
! Undefined control sequence.
l.898     \captionof
                    {Baboon original image}
The control sequence at the end of the top line
of your error message was never \def'ed. If you have
misspelled it (e.g., `\hobx'), type `I' and the correct
spelling (e.g., `I\hbox'). Otherwise just continue,
and I'll forget about whatever was undefined.

<restoredbaboon.jpg, id=476, 513.92pt x 513.92pt>
File: restoredbaboon.jpg Graphic file (type jpg)
<use restoredbaboon.jpg>
Package pdftex.def Info: restoredbaboon.jpg  used on input line 903.
(pdftex.def)             Requested size: 186.30063pt x 186.30495pt.
! Undefined control sequence.
l.904     \captionof
                    {Restored\textunderscore image}
The control sequence at the end of the top line
of your error message was never \def'ed. If you have
misspelled it (e.g., `\hobx'), type `I' and the correct
spelling (e.g., `I\hbox'). Otherwise just continue,
and I'll forget about whatever was undefined.


Overfull \hbox (69.00421pt too wide) in paragraph at lines 895--907
 []$[]$$[]$ 
 []

<monarch.jpg, id=477, 770.88pt x 513.92pt>
File: monarch.jpg Graphic file (type jpg)
<use monarch.jpg>
Package pdftex.def Info: monarch.jpg  used on input line 915.
(pdftex.def)             Requested size: 186.30063pt x 124.19806pt.
! Undefined control sequence.
l.916     \captionof
                    {monarch original image}
The control sequence at the end of the top line
of your error message was never \def'ed. If you have
misspelled it (e.g., `\hobx'), type `I' and the correct
spelling (e.g., `I\hbox'). Otherwise just continue,
and I'll forget about whatever was undefined.

<restoredmonarch.jpg, id=478, 770.88pt x 513.92pt>
File: restoredmonarch.jpg Graphic file (type jpg)
<use restoredmonarch.jpg>
Package pdftex.def Info: restoredmonarch.jpg  used on input line 921.
(pdftex.def)             Requested size: 186.30063pt x 124.19806pt.
! Undefined control sequence.
l.922     \captionof
                    {Restored\textunderscore image}
The control sequence at the end of the top line
of your error message was never \def'ed. If you have
misspelled it (e.g., `\hobx'), type `I' and the correct
spelling (e.g., `I\hbox'). Otherwise just continue,
and I'll forget about whatever was undefined.


Overfull \hbox (69.00421pt too wide) in paragraph at lines 913--925
 []$[]$$[]$ 
 []


LaTeX Warning: `!h' float specifier changed to `!ht'.

[21 <./baboonEncode.jpeg> <./monarchEncode.jpeg> <./baboon.jpg> <./restoredbabo
on.jpg>] [22 <./monarch.jpg> <./restoredmonarch.jpg>] [23

]
Overfull \hbox (21.9104pt too wide) in paragraph at lines 947--948
 [][] []$\T1/cmtt/m/n/10 https : / / elearning . ua . pt / pluginfile . php / 3
743066 / mod _ resource / content /
 []


Overfull \hbox (18.16168pt too wide) in paragraph at lines 949--950
 [][] []$\T1/cmtt/m/n/10 https : / / stackoverflow . com / questions / 14907964
 / mirror-[]image-[]in-[]opencv$[] 
 []


Overfull \hbox (56.40271pt too wide) in paragraph at lines 951--952
 [][] []$\T1/cmtt/m/n/10 https : / / www . opencv-[]srf . com / 2018 / 02 / cha
nge-[]brightness-[]of-[]images-[]and-[]videos .
 []


Overfull \hbox (18.66168pt too wide) in paragraph at lines 953--954
 [][] []$\T1/cmtt/m/n/10 https : / / stackoverflow . com / questions / 32190494
 / what-[]is-[]the-[]vec3b-[]type$[] 
 []

Package atveryend Info: Empty hook `BeforeClearDocument' on input line 957.
[24

]
Package atveryend Info: Empty hook `AfterLastShipout' on input line 957.
 (./Relat√≥rio.aux)
Package atveryend Info: Executing hook `AtVeryEndDocument' on input line 957.
Package atveryend Info: Executing hook `AtEndAfterFileList' on input line 957.
Package rerunfilecheck Info: File `Relat√≥rio.out' has not changed.
(rerunfilecheck)             Checksum: F68195667182672D4A38310F0D423EDE;585.


LaTeX Warning: There were multiply-defined labels.

Package atveryend Info: Empty hook `AtVeryVeryEnd' on input line 957.
 ) 
Here is how much of TeX's memory you used:
 10129 strings out of 483122
 144474 string characters out of 5964495
 709607 words of memory out of 5000000
 24641 multiletter control sequences out of 15000+600000
 548947 words of font info for 57 fonts, out of 8000000 for 9000
 38 hyphenation exceptions out of 8191
 34i,8n,60p,610b,2159s stack positions out of 5000i,500n,10000p,200000b,80000s
 </home/marta/.texlive2019/texmf-var/fonts/pk/ljfour/jknappen/ec/ecrm0700.600
pk> </home/marta/.texlive2019/texmf-var/fonts/pk/ljfour/jknappen/ec/ecbx1200.60
0pk> </home/marta/.texlive2019/texmf-var/fonts/pk/ljfour/jknappen/ec/tcrm1000.6
00pk> </home/marta/.texlive2019/texmf-var/fonts/pk/ljfour/jknappen/ec/ectt0900.
600pk> </home/marta/.texlive2019/texmf-var/fonts/pk/ljfour/jknappen/ec/ecrm0500
.600pk> </home/marta/.texlive2019/texmf-var/fonts/pk/ljfour/jknappen/ec/ecbx144
0.600pk> </home/marta/.texlive2019/texmf-var/fonts/pk/ljfour/jknappen/ec/ecti10
00.600pk> </home/marta/.texlive2019/texmf-var/fonts/pk/ljfour/jknappen/ec/ectt1
000.600pk> </home/marta/.texlive2019/texmf-var/fonts/pk/ljfour/jknappen/ec/ecbx
2074.600pk> </home/marta/.texlive2019/texmf-var/fonts/pk/ljfour/jknappen/ec/ecb
x1000.600pk> </home/marta/.texlive2019/texmf-var/fonts/pk/ljfour/jknappen/ec/ec
rm1200.600pk> </home/marta/.texlive2019/texmf-var/fonts/pk/ljfour/jknappen/ec/e
cbx2488.600pk> </home/marta/.texlive2019/texmf-var/fonts/pk/ljfour/jknappen/ec/
ecrm1000.600pk> </home/marta/.texlive2019/texmf-var/fonts/pk/ljfour/jknappen/ec
/ecrm1728.600pk> </home/marta/.texlive2019/texmf-var/fonts/pk/ljfour/jknappen/e
c/ecrm1440.600pk> </home/marta/.texlive2019/texmf-var/fonts/pk/ljfour/jknappen/
ec/ecrm2488.600pk></usr/share/texlive/texmf-dist/fonts/type1/public/amsfonts/cm
/cmex10.pfb></usr/share/texlive/texmf-dist/fonts/type1/public/amsfonts/cm/cmmi1
0.pfb></usr/share/texlive/texmf-dist/fonts/type1/public/amsfonts/cm/cmmi7.pfb><
/usr/share/texlive/texmf-dist/fonts/type1/public/amsfonts/cm/cmr10.pfb></usr/sh
are/texlive/texmf-dist/fonts/type1/public/amsfonts/cm/cmr7.pfb></usr/share/texl
ive/texmf-dist/fonts/type1/public/amsfonts/cm/cmsy10.pfb></usr/share/texlive/te
xmf-dist/fonts/type1/public/amsfonts/cm/cmsy7.pfb>
Output written on Relat√≥rio.pdf (27 pages, 2970462 bytes).
PDF statistics:
 1131 PDF objects out of 1200 (max. 8388607)
 583 compressed objects within 6 object streams
 313 named destinations out of 1000 (max. 500000)
 184 words of extra memory for PDF output out of 10000 (max. 10000000)

