TRACE::2024-05-15.18:53:38::SCWPlatform::Trying to open the hw design at C:/CR/workspace_aula9/mb_design_wrapper/hw/mb_design_wrapper.xsa
TRACE::2024-05-15.18:53:38::SCWPlatform::DSA given C:/CR/workspace_aula9/mb_design_wrapper/hw/mb_design_wrapper.xsa
TRACE::2024-05-15.18:53:38::SCWPlatform::DSA absoulate path C:/CR/workspace_aula9/mb_design_wrapper/hw/mb_design_wrapper.xsa
TRACE::2024-05-15.18:53:38::SCWPlatform::DSA directory C:/CR/workspace_aula9/mb_design_wrapper/hw
TRACE::2024-05-15.18:53:38::SCWPlatform:: Platform Path C:/CR/workspace_aula9/mb_design_wrapper/hw/mb_design_wrapper.xsa
TRACE::2024-05-15.18:53:38::SCWPlatform:: Unique name xilinx:nexys4::0.0
TRACE::2024-05-15.18:53:38::SCWPlatform::Do not have an existing db opened. 
TRACE::2024-05-15.18:53:38::SCWPlatform::Opened new HwDB with name mb_design_wrapper_0
TRACE::2024-05-15.18:53:38::SCWWriter::formatted JSON is {
	"platformName":	"mb_design_wrapper",
	"sprVersion":	"2.0",
	"mode":	"gui",
	"dsaType":	"Fixed",
	"platformDesc":	"mb_design_wrapper",
	"platHandOff":	"C:/CR/aula9/mb_design_wrapper.xsa",
	"platIntHandOff":	"<platformDir>/hw/mb_design_wrapper.xsa",
	"deviceType":	"FPGA",
	"platIsPrebuiltAutogen":	"false",
	"platIsNoBootBsp":	"false",
	"hasFsblMakeHasChanges":	"false",
	"hasPmufwMakeHasChanges":	"false",
	"platPreBuiltFlag":	false,
	"platformSamplesDir":	""
}
TRACE::2024-05-15.18:53:38::SCWWriter::formatted JSON is {
	"platformName":	"mb_design_wrapper",
	"sprVersion":	"2.0",
	"mode":	"gui",
	"dsaType":	"Fixed",
	"platformDesc":	"mb_design_wrapper",
	"platHandOff":	"C:/CR/aula9/mb_design_wrapper.xsa",
	"platIntHandOff":	"<platformDir>/hw/mb_design_wrapper.xsa",
	"deviceType":	"FPGA",
	"platIsPrebuiltAutogen":	"false",
	"platIsNoBootBsp":	"false",
	"hasFsblMakeHasChanges":	"false",
	"hasPmufwMakeHasChanges":	"false",
	"platPreBuiltFlag":	false,
	"platformSamplesDir":	"",
	"platActiveSys":	"mb_design_wrapper",
	"systems":	[{
			"systemName":	"mb_design_wrapper",
			"systemDesc":	"mb_design_wrapper",
			"sysIsBootAutoGen":	"true",
			"systemDispName":	"mb_design_wrapper"
		}]
}
TRACE::2024-05-15.18:53:38::SCWPlatform::Boot application domains not present, creating them
TRACE::2024-05-15.18:53:38::SCWPlatform::Pure FPGA device, no boot application will be created.
TRACE::2024-05-15.18:53:38::SCWWriter::formatted JSON is {
	"platformName":	"mb_design_wrapper",
	"sprVersion":	"2.0",
	"mode":	"gui",
	"dsaType":	"Fixed",
	"platformDesc":	"mb_design_wrapper",
	"platHandOff":	"C:/CR/aula9/mb_design_wrapper.xsa",
	"platIntHandOff":	"<platformDir>/hw/mb_design_wrapper.xsa",
	"deviceType":	"FPGA",
	"platIsPrebuiltAutogen":	"false",
	"platIsNoBootBsp":	"false",
	"hasFsblMakeHasChanges":	"false",
	"hasPmufwMakeHasChanges":	"false",
	"platPreBuiltFlag":	false,
	"platformSamplesDir":	"",
	"platActiveSys":	"mb_design_wrapper",
	"systems":	[{
			"systemName":	"mb_design_wrapper",
			"systemDesc":	"mb_design_wrapper",
			"sysIsBootAutoGen":	"true",
			"systemDispName":	"mb_design_wrapper"
		}]
}
TRACE::2024-05-15.18:53:38::SCWWriter::formatted JSON is {
	"platformName":	"mb_design_wrapper",
	"sprVersion":	"2.0",
	"mode":	"gui",
	"dsaType":	"Fixed",
	"platformDesc":	"mb_design_wrapper",
	"platHandOff":	"C:/CR/aula9/mb_design_wrapper.xsa",
	"platIntHandOff":	"<platformDir>/hw/mb_design_wrapper.xsa",
	"deviceType":	"FPGA",
	"platIsPrebuiltAutogen":	"false",
	"platIsNoBootBsp":	"false",
	"hasFsblMakeHasChanges":	"false",
	"hasPmufwMakeHasChanges":	"false",
	"platPreBuiltFlag":	false,
	"platformSamplesDir":	"",
	"platActiveSys":	"mb_design_wrapper",
	"systems":	[{
			"systemName":	"mb_design_wrapper",
			"systemDesc":	"mb_design_wrapper",
			"sysIsBootAutoGen":	"true",
			"systemDispName":	"mb_design_wrapper"
		}]
}
TRACE::2024-05-15.18:53:38::SCWPlatform::Trying to open the hw design at C:/CR/workspace_aula9/mb_design_wrapper/hw/mb_design_wrapper.xsa
TRACE::2024-05-15.18:53:38::SCWPlatform::DSA given C:/CR/workspace_aula9/mb_design_wrapper/hw/mb_design_wrapper.xsa
TRACE::2024-05-15.18:53:38::SCWPlatform::DSA absoulate path C:/CR/workspace_aula9/mb_design_wrapper/hw/mb_design_wrapper.xsa
TRACE::2024-05-15.18:53:38::SCWPlatform::DSA directory C:/CR/workspace_aula9/mb_design_wrapper/hw
TRACE::2024-05-15.18:53:38::SCWPlatform:: Platform Path C:/CR/workspace_aula9/mb_design_wrapper/hw/mb_design_wrapper.xsa
TRACE::2024-05-15.18:53:38::SCWPlatform:: Unique name xilinx:nexys4::0.0
TRACE::2024-05-15.18:53:38::SCWPlatform::Trying to set the existing hwdb with name mb_design_wrapper_0
TRACE::2024-05-15.18:53:38::SCWPlatform::Opened existing hwdb mb_design_wrapper_0
TRACE::2024-05-15.18:53:38::SCWPlatform::Found the Hw Db part of the input DSA
TRACE::2024-05-15.18:53:38::SCWPlatform::Trying to open the hw design at C:/CR/workspace_aula9/mb_design_wrapper/hw/mb_design_wrapper.xsa
TRACE::2024-05-15.18:53:38::SCWPlatform::DSA given C:/CR/workspace_aula9/mb_design_wrapper/hw/mb_design_wrapper.xsa
TRACE::2024-05-15.18:53:38::SCWPlatform::DSA absoulate path C:/CR/workspace_aula9/mb_design_wrapper/hw/mb_design_wrapper.xsa
TRACE::2024-05-15.18:53:38::SCWPlatform::DSA directory C:/CR/workspace_aula9/mb_design_wrapper/hw
TRACE::2024-05-15.18:53:38::SCWPlatform:: Platform Path C:/CR/workspace_aula9/mb_design_wrapper/hw/mb_design_wrapper.xsa
TRACE::2024-05-15.18:53:38::SCWPlatform:: Unique name xilinx:nexys4::0.0
TRACE::2024-05-15.18:53:38::SCWPlatform::Trying to set the existing hwdb with name mb_design_wrapper_0
TRACE::2024-05-15.18:53:38::SCWPlatform::Opened existing hwdb mb_design_wrapper_0
TRACE::2024-05-15.18:53:38::SCWPlatform::Found the Hw Db part of the input DSA
TRACE::2024-05-15.18:53:38::SCWDomain::checking for install qemu data   : 
TRACE::2024-05-15.18:53:38::SCWPlatform::Trying to open the hw design at C:/CR/workspace_aula9/mb_design_wrapper/hw/mb_design_wrapper.xsa
TRACE::2024-05-15.18:53:38::SCWPlatform::DSA given C:/CR/workspace_aula9/mb_design_wrapper/hw/mb_design_wrapper.xsa
TRACE::2024-05-15.18:53:38::SCWPlatform::DSA absoulate path C:/CR/workspace_aula9/mb_design_wrapper/hw/mb_design_wrapper.xsa
TRACE::2024-05-15.18:53:38::SCWPlatform::DSA directory C:/CR/workspace_aula9/mb_design_wrapper/hw
TRACE::2024-05-15.18:53:38::SCWPlatform:: Platform Path C:/CR/workspace_aula9/mb_design_wrapper/hw/mb_design_wrapper.xsa
TRACE::2024-05-15.18:53:38::SCWPlatform:: Unique name xilinx:nexys4::0.0
TRACE::2024-05-15.18:53:38::SCWPlatform::Trying to set the existing hwdb with name mb_design_wrapper_0
TRACE::2024-05-15.18:53:38::SCWPlatform::Opened existing hwdb mb_design_wrapper_0
TRACE::2024-05-15.18:53:38::SCWPlatform::Found the Hw Db part of the input DSA
TRACE::2024-05-15.18:53:38::SCWPlatform::Trying to open the hw design at C:/CR/workspace_aula9/mb_design_wrapper/hw/mb_design_wrapper.xsa
TRACE::2024-05-15.18:53:38::SCWPlatform::DSA given C:/CR/workspace_aula9/mb_design_wrapper/hw/mb_design_wrapper.xsa
TRACE::2024-05-15.18:53:38::SCWPlatform::DSA absoulate path C:/CR/workspace_aula9/mb_design_wrapper/hw/mb_design_wrapper.xsa
TRACE::2024-05-15.18:53:38::SCWPlatform::DSA directory C:/CR/workspace_aula9/mb_design_wrapper/hw
TRACE::2024-05-15.18:53:38::SCWPlatform:: Platform Path C:/CR/workspace_aula9/mb_design_wrapper/hw/mb_design_wrapper.xsa
TRACE::2024-05-15.18:53:38::SCWPlatform:: Unique name xilinx:nexys4::0.0
TRACE::2024-05-15.18:53:38::SCWPlatform::Trying to set the existing hwdb with name mb_design_wrapper_0
TRACE::2024-05-15.18:53:38::SCWPlatform::Opened existing hwdb mb_design_wrapper_0
TRACE::2024-05-15.18:53:38::SCWPlatform::Found the Hw Db part of the input DSA
TRACE::2024-05-15.18:53:38::SCWPlatform::Trying to open the hw design at C:/CR/workspace_aula9/mb_design_wrapper/hw/mb_design_wrapper.xsa
TRACE::2024-05-15.18:53:38::SCWPlatform::DSA given C:/CR/workspace_aula9/mb_design_wrapper/hw/mb_design_wrapper.xsa
TRACE::2024-05-15.18:53:38::SCWPlatform::DSA absoulate path C:/CR/workspace_aula9/mb_design_wrapper/hw/mb_design_wrapper.xsa
TRACE::2024-05-15.18:53:38::SCWPlatform::DSA directory C:/CR/workspace_aula9/mb_design_wrapper/hw
TRACE::2024-05-15.18:53:38::SCWPlatform:: Platform Path C:/CR/workspace_aula9/mb_design_wrapper/hw/mb_design_wrapper.xsa
TRACE::2024-05-15.18:53:38::SCWPlatform:: Unique name xilinx:nexys4::0.0
TRACE::2024-05-15.18:53:38::SCWPlatform::Trying to set the existing hwdb with name mb_design_wrapper_0
TRACE::2024-05-15.18:53:38::SCWPlatform::Opened existing hwdb mb_design_wrapper_0
TRACE::2024-05-15.18:53:38::SCWPlatform::Found the Hw Db part of the input DSA
TRACE::2024-05-15.18:53:38::SCWMssOS::Checking the sw design at  C:/CR/workspace_aula9/mb_design_wrapper/microblaze_0/standalone_microblaze_0/bsp/system.mss
TRACE::2024-05-15.18:53:38::SCWMssOS::DEBUG:  swdes dump  
TRACE::2024-05-15.18:53:38::SCWMssOS::No sw design opened at  C:/CR/workspace_aula9/mb_design_wrapper/microblaze_0/standalone_microblaze_0/bsp/system.mss
TRACE::2024-05-15.18:53:38::SCWMssOS::mss does not exists at C:/CR/workspace_aula9/mb_design_wrapper/microblaze_0/standalone_microblaze_0/bsp/system.mss
TRACE::2024-05-15.18:53:38::SCWMssOS::Creating sw design at  C:/CR/workspace_aula9/mb_design_wrapper/microblaze_0/standalone_microblaze_0/bsp/system.mss
TRACE::2024-05-15.18:53:38::SCWMssOS::Adding the swdes entry, created swdb C:/CR/workspace_aula9/mb_design_wrapper/microblaze_0/standalone_microblaze_0/bsp/system.mss with des name C:/CR/workspace_aula9/mb_design_wrapper/microblaze_0/standalone_microblaze_0/bsp/system.mss
TRACE::2024-05-15.18:53:38::SCWMssOS::updating the scw layer changes to swdes at   C:/CR/workspace_aula9/mb_design_wrapper/microblaze_0/standalone_microblaze_0/bsp/system.mss
TRACE::2024-05-15.18:53:38::SCWMssOS::Writing mss at C:/CR/workspace_aula9/mb_design_wrapper/microblaze_0/standalone_microblaze_0/bsp/system.mss
TRACE::2024-05-15.18:53:38::SCWMssOS::Completed writing the mss file at C:/CR/workspace_aula9/mb_design_wrapper/microblaze_0/standalone_microblaze_0/bsp
TRACE::2024-05-15.18:53:38::SCWMssOS::Picking up changes from newly written mss file into SCW Layer. 
TRACE::2024-05-15.18:53:38::SCWMssOS::Updated the changes from newly written mss file into SCW Layer. 
TRACE::2024-05-15.18:53:38::SCWMssOS::Completed writing the mss file at C:/CR/workspace_aula9/mb_design_wrapper/microblaze_0/standalone_microblaze_0/bsp
TRACE::2024-05-15.18:53:38::SCWMssOS::Forcing BSP Sources regeneration.
TRACE::2024-05-15.18:53:41::SCWMssOS::Saving the mss changes C:/CR/workspace_aula9/mb_design_wrapper/microblaze_0/standalone_microblaze_0/bsp/system.mss
TRACE::2024-05-15.18:53:41::SCWMssOS::Adding the swdes entry, mss present, able to open swdb C:/CR/workspace_aula9/mb_design_wrapper/microblaze_0/standalone_microblaze_0/bsp/system.mss with des name system
TRACE::2024-05-15.18:53:41::SCWMssOS::Writing the mss file completed C:/CR/workspace_aula9/mb_design_wrapper/microblaze_0/standalone_microblaze_0/bsp/system.mss
TRACE::2024-05-15.18:53:41::SCWMssOS::Commit changes completed.
TRACE::2024-05-15.18:53:41::SCWPlatform::Trying to open the hw design at C:/CR/workspace_aula9/mb_design_wrapper/hw/mb_design_wrapper.xsa
TRACE::2024-05-15.18:53:41::SCWPlatform::DSA given C:/CR/workspace_aula9/mb_design_wrapper/hw/mb_design_wrapper.xsa
TRACE::2024-05-15.18:53:41::SCWPlatform::DSA absoulate path C:/CR/workspace_aula9/mb_design_wrapper/hw/mb_design_wrapper.xsa
TRACE::2024-05-15.18:53:41::SCWPlatform::DSA directory C:/CR/workspace_aula9/mb_design_wrapper/hw
TRACE::2024-05-15.18:53:41::SCWPlatform:: Platform Path C:/CR/workspace_aula9/mb_design_wrapper/hw/mb_design_wrapper.xsa
TRACE::2024-05-15.18:53:41::SCWPlatform:: Unique name xilinx:nexys4::0.0
TRACE::2024-05-15.18:53:41::SCWPlatform::Trying to set the existing hwdb with name mb_design_wrapper_0
TRACE::2024-05-15.18:53:41::SCWPlatform::Opened existing hwdb mb_design_wrapper_0
TRACE::2024-05-15.18:53:41::SCWPlatform::Found the Hw Db part of the input DSA
TRACE::2024-05-15.18:53:41::SCWMssOS::Checking the sw design at  C:/CR/workspace_aula9/mb_design_wrapper/microblaze_0/standalone_microblaze_0/bsp/system.mss
TRACE::2024-05-15.18:53:41::SCWMssOS::DEBUG:  swdes dump  C:/CR/workspace_aula9/mb_design_wrapper/microblaze_0/standalone_microblaze_0/bsp/system.mss|system||

TRACE::2024-05-15.18:53:41::SCWMssOS::Sw design exists and opened at  C:/CR/workspace_aula9/mb_design_wrapper/microblaze_0/standalone_microblaze_0/bsp/system.mss
TRACE::2024-05-15.18:53:41::SCWPlatform::Trying to open the hw design at C:/CR/workspace_aula9/mb_design_wrapper/hw/mb_design_wrapper.xsa
TRACE::2024-05-15.18:53:41::SCWPlatform::DSA given C:/CR/workspace_aula9/mb_design_wrapper/hw/mb_design_wrapper.xsa
TRACE::2024-05-15.18:53:41::SCWPlatform::DSA absoulate path C:/CR/workspace_aula9/mb_design_wrapper/hw/mb_design_wrapper.xsa
TRACE::2024-05-15.18:53:41::SCWPlatform::DSA directory C:/CR/workspace_aula9/mb_design_wrapper/hw
TRACE::2024-05-15.18:53:41::SCWPlatform:: Platform Path C:/CR/workspace_aula9/mb_design_wrapper/hw/mb_design_wrapper.xsa
TRACE::2024-05-15.18:53:41::SCWPlatform:: Unique name xilinx:nexys4::0.0
TRACE::2024-05-15.18:53:41::SCWPlatform::Trying to set the existing hwdb with name mb_design_wrapper_0
TRACE::2024-05-15.18:53:41::SCWPlatform::Opened existing hwdb mb_design_wrapper_0
TRACE::2024-05-15.18:53:41::SCWPlatform::Found the Hw Db part of the input DSA
TRACE::2024-05-15.18:53:41::SCWMssOS::Checking the sw design at  C:/CR/workspace_aula9/mb_design_wrapper/microblaze_0/standalone_microblaze_0/bsp/system.mss
TRACE::2024-05-15.18:53:41::SCWMssOS::DEBUG:  swdes dump  C:/CR/workspace_aula9/mb_design_wrapper/microblaze_0/standalone_microblaze_0/bsp/system.mss|system||

TRACE::2024-05-15.18:53:41::SCWMssOS::Sw design exists and opened at  C:/CR/workspace_aula9/mb_design_wrapper/microblaze_0/standalone_microblaze_0/bsp/system.mss
TRACE::2024-05-15.18:53:41::SCWPlatform::Trying to open the hw design at C:/CR/workspace_aula9/mb_design_wrapper/hw/mb_design_wrapper.xsa
TRACE::2024-05-15.18:53:41::SCWPlatform::DSA given C:/CR/workspace_aula9/mb_design_wrapper/hw/mb_design_wrapper.xsa
TRACE::2024-05-15.18:53:41::SCWPlatform::DSA absoulate path C:/CR/workspace_aula9/mb_design_wrapper/hw/mb_design_wrapper.xsa
TRACE::2024-05-15.18:53:41::SCWPlatform::DSA directory C:/CR/workspace_aula9/mb_design_wrapper/hw
TRACE::2024-05-15.18:53:41::SCWPlatform:: Platform Path C:/CR/workspace_aula9/mb_design_wrapper/hw/mb_design_wrapper.xsa
TRACE::2024-05-15.18:53:41::SCWPlatform:: Unique name xilinx:nexys4::0.0
TRACE::2024-05-15.18:53:41::SCWPlatform::Trying to set the existing hwdb with name mb_design_wrapper_0
TRACE::2024-05-15.18:53:41::SCWPlatform::Opened existing hwdb mb_design_wrapper_0
TRACE::2024-05-15.18:53:41::SCWPlatform::Found the Hw Db part of the input DSA
TRACE::2024-05-15.18:53:41::SCWMssOS::Checking the sw design at  C:/CR/workspace_aula9/mb_design_wrapper/microblaze_0/standalone_microblaze_0/bsp/system.mss
TRACE::2024-05-15.18:53:41::SCWMssOS::DEBUG:  swdes dump  C:/CR/workspace_aula9/mb_design_wrapper/microblaze_0/standalone_microblaze_0/bsp/system.mss|system||

TRACE::2024-05-15.18:53:41::SCWMssOS::Sw design exists and opened at  C:/CR/workspace_aula9/mb_design_wrapper/microblaze_0/standalone_microblaze_0/bsp/system.mss
TRACE::2024-05-15.18:53:41::SCWWriter::formatted JSON is {
	"platformName":	"mb_design_wrapper",
	"sprVersion":	"2.0",
	"mode":	"gui",
	"dsaType":	"Fixed",
	"platformDesc":	"mb_design_wrapper",
	"platHandOff":	"C:/CR/aula9/mb_design_wrapper.xsa",
	"platIntHandOff":	"<platformDir>/hw/mb_design_wrapper.xsa",
	"deviceType":	"FPGA",
	"platIsPrebuiltAutogen":	"false",
	"platIsNoBootBsp":	"false",
	"hasFsblMakeHasChanges":	"false",
	"hasPmufwMakeHasChanges":	"false",
	"platPreBuiltFlag":	false,
	"platformSamplesDir":	"",
	"platActiveSys":	"mb_design_wrapper",
	"systems":	[{
			"systemName":	"mb_design_wrapper",
			"systemDesc":	"mb_design_wrapper",
			"sysIsBootAutoGen":	"true",
			"systemDispName":	"mb_design_wrapper",
			"sysActiveDom":	"standalone_microblaze_0",
			"sysDefaultDom":	"standalone_microblaze_0",
			"domains":	[{
					"domainName":	"standalone_microblaze_0",
					"domainDispName":	"standalone_microblaze_0",
					"domainDesc":	"standalone_microblaze_0",
					"processors":	"microblaze_0",
					"os":	"standalone",
					"sdxOs":	"standalone",
					"debugEnable":	"False",
					"domRuntimes":	["cpp"],
					"swRepo":	"",
					"mssOsVer":	"8.0",
					"mssFile":	"",
					"md5Digest":	"7032a78d41267e53e5477abb9590f833",
					"compatibleApp":	"hello_world",
					"domType":	"mssDomain",
					"arch":	"32-bit",
					"appSettings":	{
						"appCompilerFlags":	"",
						"appLinkerFlags":	""
					},
					"addedLibs":	[],
					"libOptions":	{
						"libsContainingOptions":	[]
					},
					"prebuiltLibs":	{
						"prebuiltIncPath":	[],
						"prebuiltLibPath":	[]
					},
					"isolation":	{
					}
				}]
		}]
}
LOG::2024-05-15.18:53:41::SCWPlatform::Started generating the artifacts platform mb_design_wrapper
TRACE::2024-05-15.18:53:41::SCWPlatform::Sanity checking of platform is completed
LOG::2024-05-15.18:53:41::SCWPlatform::Started generating the artifacts for system configuration mb_design_wrapper
LOG::2024-05-15.18:53:41::SCWSystem::Checking the domain standalone_microblaze_0
LOG::2024-05-15.18:53:41::SCWSystem::Not a boot domain 
LOG::2024-05-15.18:53:41::SCWSystem::Started Processing the domain standalone_microblaze_0
TRACE::2024-05-15.18:53:41::SCWDomain::Generating domain artifcats
TRACE::2024-05-15.18:53:41::SCWMssOS::Generating standalone artifcats
TRACE::2024-05-15.18:53:41::SCWMssOS:: Copying the user libraries. 
TRACE::2024-05-15.18:53:41::SCWPlatform::Trying to open the hw design at C:/CR/workspace_aula9/mb_design_wrapper/hw/mb_design_wrapper.xsa
TRACE::2024-05-15.18:53:41::SCWPlatform::DSA given C:/CR/workspace_aula9/mb_design_wrapper/hw/mb_design_wrapper.xsa
TRACE::2024-05-15.18:53:41::SCWPlatform::DSA absoulate path C:/CR/workspace_aula9/mb_design_wrapper/hw/mb_design_wrapper.xsa
TRACE::2024-05-15.18:53:41::SCWPlatform::DSA directory C:/CR/workspace_aula9/mb_design_wrapper/hw
TRACE::2024-05-15.18:53:41::SCWPlatform:: Platform Path C:/CR/workspace_aula9/mb_design_wrapper/hw/mb_design_wrapper.xsa
TRACE::2024-05-15.18:53:41::SCWPlatform:: Unique name xilinx:nexys4::0.0
TRACE::2024-05-15.18:53:41::SCWPlatform::Trying to set the existing hwdb with name mb_design_wrapper_0
TRACE::2024-05-15.18:53:41::SCWPlatform::Opened existing hwdb mb_design_wrapper_0
TRACE::2024-05-15.18:53:41::SCWPlatform::Found the Hw Db part of the input DSA
TRACE::2024-05-15.18:53:41::SCWMssOS::Checking the sw design at  C:/CR/workspace_aula9/mb_design_wrapper/microblaze_0/standalone_microblaze_0/bsp/system.mss
TRACE::2024-05-15.18:53:41::SCWMssOS::DEBUG:  swdes dump  C:/CR/workspace_aula9/mb_design_wrapper/microblaze_0/standalone_microblaze_0/bsp/system.mss|system||

TRACE::2024-05-15.18:53:41::SCWMssOS::Sw design exists and opened at  C:/CR/workspace_aula9/mb_design_wrapper/microblaze_0/standalone_microblaze_0/bsp/system.mss
TRACE::2024-05-15.18:53:41::SCWMssOS::Completed writing the mss file at C:/CR/workspace_aula9/mb_design_wrapper/microblaze_0/standalone_microblaze_0/bsp
TRACE::2024-05-15.18:53:41::SCWMssOS::Mss edits present, copying mssfile into export location C:/CR/workspace_aula9/mb_design_wrapper/microblaze_0/standalone_microblaze_0/bsp/system.mss
TRACE::2024-05-15.18:53:41::SCWMssOS::bsp generated is upto date with the mss file. Skipping bsp generation.
TRACE::2024-05-15.18:53:41::SCWMssOS::BSP is already built. skipping the bsp build ... 
TRACE::2024-05-15.18:53:41::SCWDomain::Skipping the build for domain :  standalone_microblaze_0
TRACE::2024-05-15.18:53:41::SCWMssOS::skipping the bsp build ... 
TRACE::2024-05-15.18:53:41::SCWMssOS::Copying to export directory.
TRACE::2024-05-15.18:53:41::SCWMssOS:: Checking if to create the Supporting Applications
TRACE::2024-05-15.18:53:41::SCWMssOS:: No Linux domain exists, trying to generate FSBL 
LOG::2024-05-15.18:53:41::SCWSystem::Completed Processing the domain standalone_microblaze_0
LOG::2024-05-15.18:53:41::SCWSystem::Completed Processing the sysconfig mb_design_wrapper
LOG::2024-05-15.18:53:41::SCWPlatform::Completed generating the artifacts for system configuration mb_design_wrapper
TRACE::2024-05-15.18:53:41::SCWPlatform::Started preparing the platform 
TRACE::2024-05-15.18:53:41::SCWSystem::Writing the bif file for system config mb_design_wrapper
TRACE::2024-05-15.18:53:41::SCWSystem::dir created 
TRACE::2024-05-15.18:53:41::SCWSystem::Writing the bif 
TRACE::2024-05-15.18:53:41::SCWPlatform::Started writing the spfm file 
TRACE::2024-05-15.18:53:41::SCWPlatform::Started writing the xpfm file 
TRACE::2024-05-15.18:53:41::SCWPlatform::Completed generating the platform
TRACE::2024-05-15.18:53:41::SCWMssOS::Saving the mss changes C:/CR/workspace_aula9/mb_design_wrapper/microblaze_0/standalone_microblaze_0/bsp/system.mss
TRACE::2024-05-15.18:53:41::SCWMssOS::Found a swdesign opened with the mssfile.
TRACE::2024-05-15.18:53:41::SCWMssOS::Completed writemss as part of save.
TRACE::2024-05-15.18:53:41::SCWMssOS::Commit changes completed.
TRACE::2024-05-15.18:53:41::SCWPlatform::Trying to open the hw design at C:/CR/workspace_aula9/mb_design_wrapper/hw/mb_design_wrapper.xsa
TRACE::2024-05-15.18:53:41::SCWPlatform::DSA given C:/CR/workspace_aula9/mb_design_wrapper/hw/mb_design_wrapper.xsa
TRACE::2024-05-15.18:53:41::SCWPlatform::DSA absoulate path C:/CR/workspace_aula9/mb_design_wrapper/hw/mb_design_wrapper.xsa
TRACE::2024-05-15.18:53:41::SCWPlatform::DSA directory C:/CR/workspace_aula9/mb_design_wrapper/hw
TRACE::2024-05-15.18:53:41::SCWPlatform:: Platform Path C:/CR/workspace_aula9/mb_design_wrapper/hw/mb_design_wrapper.xsa
TRACE::2024-05-15.18:53:41::SCWPlatform:: Unique name xilinx:nexys4::0.0
TRACE::2024-05-15.18:53:41::SCWPlatform::Trying to set the existing hwdb with name mb_design_wrapper_0
TRACE::2024-05-15.18:53:41::SCWPlatform::Opened existing hwdb mb_design_wrapper_0
TRACE::2024-05-15.18:53:41::SCWPlatform::Found the Hw Db part of the input DSA
TRACE::2024-05-15.18:53:41::SCWMssOS::Checking the sw design at  C:/CR/workspace_aula9/mb_design_wrapper/microblaze_0/standalone_microblaze_0/bsp/system.mss
TRACE::2024-05-15.18:53:41::SCWMssOS::DEBUG:  swdes dump  C:/CR/workspace_aula9/mb_design_wrapper/microblaze_0/standalone_microblaze_0/bsp/system.mss|system||

TRACE::2024-05-15.18:53:41::SCWMssOS::Sw design exists and opened at  C:/CR/workspace_aula9/mb_design_wrapper/microblaze_0/standalone_microblaze_0/bsp/system.mss
TRACE::2024-05-15.18:53:41::SCWPlatform::Trying to open the hw design at C:/CR/workspace_aula9/mb_design_wrapper/hw/mb_design_wrapper.xsa
TRACE::2024-05-15.18:53:41::SCWPlatform::DSA given C:/CR/workspace_aula9/mb_design_wrapper/hw/mb_design_wrapper.xsa
TRACE::2024-05-15.18:53:41::SCWPlatform::DSA absoulate path C:/CR/workspace_aula9/mb_design_wrapper/hw/mb_design_wrapper.xsa
TRACE::2024-05-15.18:53:41::SCWPlatform::DSA directory C:/CR/workspace_aula9/mb_design_wrapper/hw
TRACE::2024-05-15.18:53:41::SCWPlatform:: Platform Path C:/CR/workspace_aula9/mb_design_wrapper/hw/mb_design_wrapper.xsa
TRACE::2024-05-15.18:53:41::SCWPlatform:: Unique name xilinx:nexys4::0.0
TRACE::2024-05-15.18:53:41::SCWPlatform::Trying to set the existing hwdb with name mb_design_wrapper_0
TRACE::2024-05-15.18:53:41::SCWPlatform::Opened existing hwdb mb_design_wrapper_0
TRACE::2024-05-15.18:53:41::SCWPlatform::Found the Hw Db part of the input DSA
TRACE::2024-05-15.18:53:41::SCWMssOS::Checking the sw design at  C:/CR/workspace_aula9/mb_design_wrapper/microblaze_0/standalone_microblaze_0/bsp/system.mss
TRACE::2024-05-15.18:53:41::SCWMssOS::DEBUG:  swdes dump  C:/CR/workspace_aula9/mb_design_wrapper/microblaze_0/standalone_microblaze_0/bsp/system.mss|system||

TRACE::2024-05-15.18:53:41::SCWMssOS::Sw design exists and opened at  C:/CR/workspace_aula9/mb_design_wrapper/microblaze_0/standalone_microblaze_0/bsp/system.mss
TRACE::2024-05-15.18:53:41::SCWPlatform::Trying to open the hw design at C:/CR/workspace_aula9/mb_design_wrapper/hw/mb_design_wrapper.xsa
TRACE::2024-05-15.18:53:41::SCWPlatform::DSA given C:/CR/workspace_aula9/mb_design_wrapper/hw/mb_design_wrapper.xsa
TRACE::2024-05-15.18:53:41::SCWPlatform::DSA absoulate path C:/CR/workspace_aula9/mb_design_wrapper/hw/mb_design_wrapper.xsa
TRACE::2024-05-15.18:53:41::SCWPlatform::DSA directory C:/CR/workspace_aula9/mb_design_wrapper/hw
TRACE::2024-05-15.18:53:41::SCWPlatform:: Platform Path C:/CR/workspace_aula9/mb_design_wrapper/hw/mb_design_wrapper.xsa
TRACE::2024-05-15.18:53:41::SCWPlatform:: Unique name xilinx:nexys4::0.0
TRACE::2024-05-15.18:53:41::SCWPlatform::Trying to set the existing hwdb with name mb_design_wrapper_0
TRACE::2024-05-15.18:53:41::SCWPlatform::Opened existing hwdb mb_design_wrapper_0
TRACE::2024-05-15.18:53:41::SCWPlatform::Found the Hw Db part of the input DSA
TRACE::2024-05-15.18:53:41::SCWMssOS::Checking the sw design at  C:/CR/workspace_aula9/mb_design_wrapper/microblaze_0/standalone_microblaze_0/bsp/system.mss
TRACE::2024-05-15.18:53:41::SCWMssOS::DEBUG:  swdes dump  C:/CR/workspace_aula9/mb_design_wrapper/microblaze_0/standalone_microblaze_0/bsp/system.mss|system||

TRACE::2024-05-15.18:53:41::SCWMssOS::Sw design exists and opened at  C:/CR/workspace_aula9/mb_design_wrapper/microblaze_0/standalone_microblaze_0/bsp/system.mss
TRACE::2024-05-15.18:53:41::SCWWriter::formatted JSON is {
	"platformName":	"mb_design_wrapper",
	"sprVersion":	"2.0",
	"mode":	"gui",
	"dsaType":	"Fixed",
	"platformDesc":	"mb_design_wrapper",
	"platHandOff":	"C:/CR/aula9/mb_design_wrapper.xsa",
	"platIntHandOff":	"<platformDir>/hw/mb_design_wrapper.xsa",
	"deviceType":	"FPGA",
	"platIsPrebuiltAutogen":	"false",
	"platIsNoBootBsp":	"false",
	"hasFsblMakeHasChanges":	"false",
	"hasPmufwMakeHasChanges":	"false",
	"platPreBuiltFlag":	false,
	"platformSamplesDir":	"",
	"platActiveSys":	"mb_design_wrapper",
	"systems":	[{
			"systemName":	"mb_design_wrapper",
			"systemDesc":	"mb_design_wrapper",
			"sysIsBootAutoGen":	"true",
			"systemDispName":	"mb_design_wrapper",
			"sysActiveDom":	"standalone_microblaze_0",
			"sysDefaultDom":	"standalone_microblaze_0",
			"domains":	[{
					"domainName":	"standalone_microblaze_0",
					"domainDispName":	"standalone_microblaze_0",
					"domainDesc":	"standalone_microblaze_0",
					"processors":	"microblaze_0",
					"os":	"standalone",
					"sdxOs":	"standalone",
					"debugEnable":	"False",
					"domRuntimes":	["cpp"],
					"swRepo":	"",
					"mssOsVer":	"8.0",
					"mssFile":	"",
					"md5Digest":	"7032a78d41267e53e5477abb9590f833",
					"compatibleApp":	"hello_world",
					"domType":	"mssDomain",
					"arch":	"32-bit",
					"appSettings":	{
						"appCompilerFlags":	"",
						"appLinkerFlags":	""
					},
					"addedLibs":	[],
					"libOptions":	{
						"libsContainingOptions":	[]
					},
					"prebuiltLibs":	{
						"prebuiltIncPath":	[],
						"prebuiltLibPath":	[]
					},
					"isolation":	{
					}
				}]
		}]
}
KEYINFO::2024-05-15.18:53:41::SCWPlatform::updated the xpfm file.
TRACE::2024-05-15.18:53:42::SCWPlatform::Trying to open the hw design at C:/CR/workspace_aula9/mb_design_wrapper/hw/mb_design_wrapper.xsa
TRACE::2024-05-15.18:53:42::SCWPlatform::DSA given C:/CR/workspace_aula9/mb_design_wrapper/hw/mb_design_wrapper.xsa
TRACE::2024-05-15.18:53:42::SCWPlatform::DSA absoulate path C:/CR/workspace_aula9/mb_design_wrapper/hw/mb_design_wrapper.xsa
TRACE::2024-05-15.18:53:42::SCWPlatform::DSA directory C:/CR/workspace_aula9/mb_design_wrapper/hw
TRACE::2024-05-15.18:53:42::SCWPlatform:: Platform Path C:/CR/workspace_aula9/mb_design_wrapper/hw/mb_design_wrapper.xsa
TRACE::2024-05-15.18:53:42::SCWPlatform:: Unique name xilinx:nexys4::0.0
TRACE::2024-05-15.18:53:42::SCWPlatform::Trying to set the existing hwdb with name mb_design_wrapper_0
TRACE::2024-05-15.18:53:42::SCWPlatform::Opened existing hwdb mb_design_wrapper_0
TRACE::2024-05-15.18:53:42::SCWPlatform::Found the Hw Db part of the input DSA
TRACE::2024-05-15.18:53:42::SCWMssOS::Checking the sw design at  C:/CR/workspace_aula9/mb_design_wrapper/microblaze_0/standalone_microblaze_0/bsp/system.mss
TRACE::2024-05-15.18:53:42::SCWMssOS::DEBUG:  swdes dump  C:/CR/workspace_aula9/mb_design_wrapper/microblaze_0/standalone_microblaze_0/bsp/system.mss|system||

TRACE::2024-05-15.18:53:42::SCWMssOS::Sw design exists and opened at  C:/CR/workspace_aula9/mb_design_wrapper/microblaze_0/standalone_microblaze_0/bsp/system.mss
TRACE::2024-05-15.18:53:42::SCWMssOS::Saving the mss changes C:/CR/workspace_aula9/mb_design_wrapper/microblaze_0/standalone_microblaze_0/bsp/system.mss
TRACE::2024-05-15.18:53:42::SCWMssOS::Found a swdesign opened with the mssfile.
TRACE::2024-05-15.18:53:42::SCWMssOS::Completed writemss as part of save.
TRACE::2024-05-15.18:53:42::SCWMssOS::Commit changes completed.
TRACE::2024-05-15.18:53:42::SCWPlatform::Trying to open the hw design at C:/CR/workspace_aula9/mb_design_wrapper/hw/mb_design_wrapper.xsa
TRACE::2024-05-15.18:53:42::SCWPlatform::DSA given C:/CR/workspace_aula9/mb_design_wrapper/hw/mb_design_wrapper.xsa
TRACE::2024-05-15.18:53:42::SCWPlatform::DSA absoulate path C:/CR/workspace_aula9/mb_design_wrapper/hw/mb_design_wrapper.xsa
TRACE::2024-05-15.18:53:42::SCWPlatform::DSA directory C:/CR/workspace_aula9/mb_design_wrapper/hw
TRACE::2024-05-15.18:53:42::SCWPlatform:: Platform Path C:/CR/workspace_aula9/mb_design_wrapper/hw/mb_design_wrapper.xsa
TRACE::2024-05-15.18:53:42::SCWPlatform:: Unique name xilinx:nexys4::0.0
TRACE::2024-05-15.18:53:42::SCWPlatform::Trying to set the existing hwdb with name mb_design_wrapper_0
TRACE::2024-05-15.18:53:42::SCWPlatform::Opened existing hwdb mb_design_wrapper_0
TRACE::2024-05-15.18:53:42::SCWPlatform::Found the Hw Db part of the input DSA
TRACE::2024-05-15.18:53:42::SCWMssOS::Checking the sw design at  C:/CR/workspace_aula9/mb_design_wrapper/microblaze_0/standalone_microblaze_0/bsp/system.mss
TRACE::2024-05-15.18:53:42::SCWMssOS::DEBUG:  swdes dump  C:/CR/workspace_aula9/mb_design_wrapper/microblaze_0/standalone_microblaze_0/bsp/system.mss|system||

TRACE::2024-05-15.18:53:42::SCWMssOS::Sw design exists and opened at  C:/CR/workspace_aula9/mb_design_wrapper/microblaze_0/standalone_microblaze_0/bsp/system.mss
TRACE::2024-05-15.18:53:42::SCWPlatform::Trying to open the hw design at C:/CR/workspace_aula9/mb_design_wrapper/hw/mb_design_wrapper.xsa
TRACE::2024-05-15.18:53:42::SCWPlatform::DSA given C:/CR/workspace_aula9/mb_design_wrapper/hw/mb_design_wrapper.xsa
TRACE::2024-05-15.18:53:42::SCWPlatform::DSA absoulate path C:/CR/workspace_aula9/mb_design_wrapper/hw/mb_design_wrapper.xsa
TRACE::2024-05-15.18:53:42::SCWPlatform::DSA directory C:/CR/workspace_aula9/mb_design_wrapper/hw
TRACE::2024-05-15.18:53:42::SCWPlatform:: Platform Path C:/CR/workspace_aula9/mb_design_wrapper/hw/mb_design_wrapper.xsa
TRACE::2024-05-15.18:53:42::SCWPlatform:: Unique name xilinx:nexys4::0.0
TRACE::2024-05-15.18:53:42::SCWPlatform::Trying to set the existing hwdb with name mb_design_wrapper_0
TRACE::2024-05-15.18:53:42::SCWPlatform::Opened existing hwdb mb_design_wrapper_0
TRACE::2024-05-15.18:53:42::SCWPlatform::Found the Hw Db part of the input DSA
TRACE::2024-05-15.18:53:42::SCWMssOS::Checking the sw design at  C:/CR/workspace_aula9/mb_design_wrapper/microblaze_0/standalone_microblaze_0/bsp/system.mss
TRACE::2024-05-15.18:53:42::SCWMssOS::DEBUG:  swdes dump  C:/CR/workspace_aula9/mb_design_wrapper/microblaze_0/standalone_microblaze_0/bsp/system.mss|system||

TRACE::2024-05-15.18:53:42::SCWMssOS::Sw design exists and opened at  C:/CR/workspace_aula9/mb_design_wrapper/microblaze_0/standalone_microblaze_0/bsp/system.mss
TRACE::2024-05-15.18:53:42::SCWPlatform::Trying to open the hw design at C:/CR/workspace_aula9/mb_design_wrapper/hw/mb_design_wrapper.xsa
TRACE::2024-05-15.18:53:42::SCWPlatform::DSA given C:/CR/workspace_aula9/mb_design_wrapper/hw/mb_design_wrapper.xsa
TRACE::2024-05-15.18:53:42::SCWPlatform::DSA absoulate path C:/CR/workspace_aula9/mb_design_wrapper/hw/mb_design_wrapper.xsa
TRACE::2024-05-15.18:53:42::SCWPlatform::DSA directory C:/CR/workspace_aula9/mb_design_wrapper/hw
TRACE::2024-05-15.18:53:42::SCWPlatform:: Platform Path C:/CR/workspace_aula9/mb_design_wrapper/hw/mb_design_wrapper.xsa
TRACE::2024-05-15.18:53:42::SCWPlatform:: Unique name xilinx:nexys4::0.0
TRACE::2024-05-15.18:53:42::SCWPlatform::Trying to set the existing hwdb with name mb_design_wrapper_0
TRACE::2024-05-15.18:53:42::SCWPlatform::Opened existing hwdb mb_design_wrapper_0
TRACE::2024-05-15.18:53:42::SCWPlatform::Found the Hw Db part of the input DSA
TRACE::2024-05-15.18:53:42::SCWMssOS::Checking the sw design at  C:/CR/workspace_aula9/mb_design_wrapper/microblaze_0/standalone_microblaze_0/bsp/system.mss
TRACE::2024-05-15.18:53:42::SCWMssOS::DEBUG:  swdes dump  C:/CR/workspace_aula9/mb_design_wrapper/microblaze_0/standalone_microblaze_0/bsp/system.mss|system||

TRACE::2024-05-15.18:53:42::SCWMssOS::Sw design exists and opened at  C:/CR/workspace_aula9/mb_design_wrapper/microblaze_0/standalone_microblaze_0/bsp/system.mss
TRACE::2024-05-15.18:53:42::SCWWriter::formatted JSON is {
	"platformName":	"mb_design_wrapper",
	"sprVersion":	"2.0",
	"mode":	"gui",
	"dsaType":	"Fixed",
	"platformDesc":	"mb_design_wrapper",
	"platHandOff":	"C:/CR/aula9/mb_design_wrapper.xsa",
	"platIntHandOff":	"<platformDir>/hw/mb_design_wrapper.xsa",
	"deviceType":	"FPGA",
	"platIsPrebuiltAutogen":	"false",
	"platIsNoBootBsp":	"false",
	"hasFsblMakeHasChanges":	"false",
	"hasPmufwMakeHasChanges":	"false",
	"platPreBuiltFlag":	false,
	"platformSamplesDir":	"",
	"platActiveSys":	"mb_design_wrapper",
	"systems":	[{
			"systemName":	"mb_design_wrapper",
			"systemDesc":	"mb_design_wrapper",
			"sysIsBootAutoGen":	"true",
			"systemDispName":	"mb_design_wrapper",
			"sysActiveDom":	"standalone_microblaze_0",
			"sysDefaultDom":	"standalone_microblaze_0",
			"domains":	[{
					"domainName":	"standalone_microblaze_0",
					"domainDispName":	"standalone_microblaze_0",
					"domainDesc":	"standalone_microblaze_0",
					"processors":	"microblaze_0",
					"os":	"standalone",
					"sdxOs":	"standalone",
					"debugEnable":	"False",
					"domRuntimes":	["cpp"],
					"swRepo":	"",
					"mssOsVer":	"8.0",
					"mssFile":	"",
					"md5Digest":	"7032a78d41267e53e5477abb9590f833",
					"compatibleApp":	"hello_world",
					"domType":	"mssDomain",
					"arch":	"32-bit",
					"appSettings":	{
						"appCompilerFlags":	"",
						"appLinkerFlags":	""
					},
					"addedLibs":	[],
					"libOptions":	{
						"libsContainingOptions":	[]
					},
					"prebuiltLibs":	{
						"prebuiltIncPath":	[],
						"prebuiltLibPath":	[]
					},
					"isolation":	{
					}
				}]
		}]
}
TRACE::2024-05-15.18:53:42::SCWPlatform::Trying to open the hw design at C:/CR/workspace_aula9/mb_design_wrapper/hw/mb_design_wrapper.xsa
TRACE::2024-05-15.18:53:42::SCWPlatform::DSA given C:/CR/workspace_aula9/mb_design_wrapper/hw/mb_design_wrapper.xsa
TRACE::2024-05-15.18:53:42::SCWPlatform::DSA absoulate path C:/CR/workspace_aula9/mb_design_wrapper/hw/mb_design_wrapper.xsa
TRACE::2024-05-15.18:53:42::SCWPlatform::DSA directory C:/CR/workspace_aula9/mb_design_wrapper/hw
TRACE::2024-05-15.18:53:42::SCWPlatform:: Platform Path C:/CR/workspace_aula9/mb_design_wrapper/hw/mb_design_wrapper.xsa
TRACE::2024-05-15.18:53:42::SCWPlatform:: Unique name xilinx:nexys4::0.0
TRACE::2024-05-15.18:53:42::SCWPlatform::Trying to set the existing hwdb with name mb_design_wrapper_0
TRACE::2024-05-15.18:53:42::SCWPlatform::Opened existing hwdb mb_design_wrapper_0
TRACE::2024-05-15.18:53:42::SCWPlatform::Found the Hw Db part of the input DSA
TRACE::2024-05-15.18:53:42::SCWMssOS::Checking the sw design at  C:/CR/workspace_aula9/mb_design_wrapper/microblaze_0/standalone_microblaze_0/bsp/system.mss
TRACE::2024-05-15.18:53:42::SCWMssOS::DEBUG:  swdes dump  C:/CR/workspace_aula9/mb_design_wrapper/microblaze_0/standalone_microblaze_0/bsp/system.mss|system||

TRACE::2024-05-15.18:53:42::SCWMssOS::Sw design exists and opened at  C:/CR/workspace_aula9/mb_design_wrapper/microblaze_0/standalone_microblaze_0/bsp/system.mss
TRACE::2024-05-15.18:53:42::SCWPlatform::Trying to open the hw design at C:/CR/workspace_aula9/mb_design_wrapper/hw/mb_design_wrapper.xsa
TRACE::2024-05-15.18:53:42::SCWPlatform::DSA given C:/CR/workspace_aula9/mb_design_wrapper/hw/mb_design_wrapper.xsa
TRACE::2024-05-15.18:53:42::SCWPlatform::DSA absoulate path C:/CR/workspace_aula9/mb_design_wrapper/hw/mb_design_wrapper.xsa
TRACE::2024-05-15.18:53:42::SCWPlatform::DSA directory C:/CR/workspace_aula9/mb_design_wrapper/hw
TRACE::2024-05-15.18:53:42::SCWPlatform:: Platform Path C:/CR/workspace_aula9/mb_design_wrapper/hw/mb_design_wrapper.xsa
TRACE::2024-05-15.18:53:42::SCWPlatform:: Unique name xilinx:nexys4::0.0
TRACE::2024-05-15.18:53:42::SCWPlatform::Trying to set the existing hwdb with name mb_design_wrapper_0
TRACE::2024-05-15.18:53:42::SCWPlatform::Opened existing hwdb mb_design_wrapper_0
TRACE::2024-05-15.18:53:42::SCWPlatform::Found the Hw Db part of the input DSA
TRACE::2024-05-15.18:53:42::SCWMssOS::Checking the sw design at  C:/CR/workspace_aula9/mb_design_wrapper/microblaze_0/standalone_microblaze_0/bsp/system.mss
TRACE::2024-05-15.18:53:42::SCWMssOS::DEBUG:  swdes dump  C:/CR/workspace_aula9/mb_design_wrapper/microblaze_0/standalone_microblaze_0/bsp/system.mss|system||

TRACE::2024-05-15.18:53:42::SCWMssOS::Sw design exists and opened at  C:/CR/workspace_aula9/mb_design_wrapper/microblaze_0/standalone_microblaze_0/bsp/system.mss
TRACE::2024-05-15.18:53:42::SCWMssOS::Saving the mss changes C:/CR/workspace_aula9/mb_design_wrapper/microblaze_0/standalone_microblaze_0/bsp/system.mss
TRACE::2024-05-15.18:53:42::SCWMssOS::Found a swdesign opened with the mssfile.
TRACE::2024-05-15.18:53:42::SCWMssOS::Completed writemss as part of save.
TRACE::2024-05-15.18:53:42::SCWMssOS::Commit changes completed.
TRACE::2024-05-15.18:53:42::SCWPlatform::Trying to open the hw design at C:/CR/workspace_aula9/mb_design_wrapper/hw/mb_design_wrapper.xsa
TRACE::2024-05-15.18:53:42::SCWPlatform::DSA given C:/CR/workspace_aula9/mb_design_wrapper/hw/mb_design_wrapper.xsa
TRACE::2024-05-15.18:53:42::SCWPlatform::DSA absoulate path C:/CR/workspace_aula9/mb_design_wrapper/hw/mb_design_wrapper.xsa
TRACE::2024-05-15.18:53:42::SCWPlatform::DSA directory C:/CR/workspace_aula9/mb_design_wrapper/hw
TRACE::2024-05-15.18:53:42::SCWPlatform:: Platform Path C:/CR/workspace_aula9/mb_design_wrapper/hw/mb_design_wrapper.xsa
TRACE::2024-05-15.18:53:42::SCWPlatform:: Unique name xilinx:nexys4::0.0
TRACE::2024-05-15.18:53:42::SCWPlatform::Trying to set the existing hwdb with name mb_design_wrapper_0
TRACE::2024-05-15.18:53:42::SCWPlatform::Opened existing hwdb mb_design_wrapper_0
TRACE::2024-05-15.18:53:42::SCWPlatform::Found the Hw Db part of the input DSA
TRACE::2024-05-15.18:53:42::SCWMssOS::Checking the sw design at  C:/CR/workspace_aula9/mb_design_wrapper/microblaze_0/standalone_microblaze_0/bsp/system.mss
TRACE::2024-05-15.18:53:42::SCWMssOS::DEBUG:  swdes dump  C:/CR/workspace_aula9/mb_design_wrapper/microblaze_0/standalone_microblaze_0/bsp/system.mss|system||

TRACE::2024-05-15.18:53:42::SCWMssOS::Sw design exists and opened at  C:/CR/workspace_aula9/mb_design_wrapper/microblaze_0/standalone_microblaze_0/bsp/system.mss
TRACE::2024-05-15.18:53:42::SCWPlatform::Trying to open the hw design at C:/CR/workspace_aula9/mb_design_wrapper/hw/mb_design_wrapper.xsa
TRACE::2024-05-15.18:53:42::SCWPlatform::DSA given C:/CR/workspace_aula9/mb_design_wrapper/hw/mb_design_wrapper.xsa
TRACE::2024-05-15.18:53:42::SCWPlatform::DSA absoulate path C:/CR/workspace_aula9/mb_design_wrapper/hw/mb_design_wrapper.xsa
TRACE::2024-05-15.18:53:42::SCWPlatform::DSA directory C:/CR/workspace_aula9/mb_design_wrapper/hw
TRACE::2024-05-15.18:53:42::SCWPlatform:: Platform Path C:/CR/workspace_aula9/mb_design_wrapper/hw/mb_design_wrapper.xsa
TRACE::2024-05-15.18:53:42::SCWPlatform:: Unique name xilinx:nexys4::0.0
TRACE::2024-05-15.18:53:42::SCWPlatform::Trying to set the existing hwdb with name mb_design_wrapper_0
TRACE::2024-05-15.18:53:42::SCWPlatform::Opened existing hwdb mb_design_wrapper_0
TRACE::2024-05-15.18:53:42::SCWPlatform::Found the Hw Db part of the input DSA
TRACE::2024-05-15.18:53:42::SCWMssOS::Checking the sw design at  C:/CR/workspace_aula9/mb_design_wrapper/microblaze_0/standalone_microblaze_0/bsp/system.mss
TRACE::2024-05-15.18:53:42::SCWMssOS::DEBUG:  swdes dump  C:/CR/workspace_aula9/mb_design_wrapper/microblaze_0/standalone_microblaze_0/bsp/system.mss|system||

TRACE::2024-05-15.18:53:42::SCWMssOS::Sw design exists and opened at  C:/CR/workspace_aula9/mb_design_wrapper/microblaze_0/standalone_microblaze_0/bsp/system.mss
TRACE::2024-05-15.18:53:42::SCWPlatform::Trying to open the hw design at C:/CR/workspace_aula9/mb_design_wrapper/hw/mb_design_wrapper.xsa
TRACE::2024-05-15.18:53:42::SCWPlatform::DSA given C:/CR/workspace_aula9/mb_design_wrapper/hw/mb_design_wrapper.xsa
TRACE::2024-05-15.18:53:42::SCWPlatform::DSA absoulate path C:/CR/workspace_aula9/mb_design_wrapper/hw/mb_design_wrapper.xsa
TRACE::2024-05-15.18:53:42::SCWPlatform::DSA directory C:/CR/workspace_aula9/mb_design_wrapper/hw
TRACE::2024-05-15.18:53:42::SCWPlatform:: Platform Path C:/CR/workspace_aula9/mb_design_wrapper/hw/mb_design_wrapper.xsa
TRACE::2024-05-15.18:53:42::SCWPlatform:: Unique name xilinx:nexys4::0.0
TRACE::2024-05-15.18:53:42::SCWPlatform::Trying to set the existing hwdb with name mb_design_wrapper_0
TRACE::2024-05-15.18:53:42::SCWPlatform::Opened existing hwdb mb_design_wrapper_0
TRACE::2024-05-15.18:53:42::SCWPlatform::Found the Hw Db part of the input DSA
TRACE::2024-05-15.18:53:42::SCWMssOS::Checking the sw design at  C:/CR/workspace_aula9/mb_design_wrapper/microblaze_0/standalone_microblaze_0/bsp/system.mss
TRACE::2024-05-15.18:53:42::SCWMssOS::DEBUG:  swdes dump  C:/CR/workspace_aula9/mb_design_wrapper/microblaze_0/standalone_microblaze_0/bsp/system.mss|system||

TRACE::2024-05-15.18:53:42::SCWMssOS::Sw design exists and opened at  C:/CR/workspace_aula9/mb_design_wrapper/microblaze_0/standalone_microblaze_0/bsp/system.mss
TRACE::2024-05-15.18:53:42::SCWWriter::formatted JSON is {
	"platformName":	"mb_design_wrapper",
	"sprVersion":	"2.0",
	"mode":	"gui",
	"dsaType":	"Fixed",
	"platformDesc":	"mb_design_wrapper",
	"platHandOff":	"C:/CR/aula9/mb_design_wrapper.xsa",
	"platIntHandOff":	"<platformDir>/hw/mb_design_wrapper.xsa",
	"deviceType":	"FPGA",
	"platIsPrebuiltAutogen":	"false",
	"platIsNoBootBsp":	"false",
	"hasFsblMakeHasChanges":	"false",
	"hasPmufwMakeHasChanges":	"false",
	"platPreBuiltFlag":	false,
	"platformSamplesDir":	"",
	"platActiveSys":	"mb_design_wrapper",
	"systems":	[{
			"systemName":	"mb_design_wrapper",
			"systemDesc":	"mb_design_wrapper",
			"sysIsBootAutoGen":	"true",
			"systemDispName":	"mb_design_wrapper",
			"sysActiveDom":	"standalone_microblaze_0",
			"sysDefaultDom":	"standalone_microblaze_0",
			"domains":	[{
					"domainName":	"standalone_microblaze_0",
					"domainDispName":	"standalone_microblaze_0",
					"domainDesc":	"standalone_microblaze_0",
					"processors":	"microblaze_0",
					"os":	"standalone",
					"sdxOs":	"standalone",
					"debugEnable":	"False",
					"domRuntimes":	["cpp"],
					"swRepo":	"",
					"mssOsVer":	"8.0",
					"mssFile":	"",
					"md5Digest":	"7032a78d41267e53e5477abb9590f833",
					"compatibleApp":	"hello_world",
					"domType":	"mssDomain",
					"arch":	"32-bit",
					"appSettings":	{
						"appCompilerFlags":	"",
						"appLinkerFlags":	""
					},
					"addedLibs":	[],
					"libOptions":	{
						"libsContainingOptions":	[]
					},
					"prebuiltLibs":	{
						"prebuiltIncPath":	[],
						"prebuiltLibPath":	[]
					},
					"isolation":	{
					}
				}]
		}]
}
LOG::2024-05-15.18:53:42::SCWPlatform::Started generating the artifacts platform mb_design_wrapper
TRACE::2024-05-15.18:53:42::SCWPlatform::Sanity checking of platform is completed
LOG::2024-05-15.18:53:42::SCWPlatform::Started generating the artifacts for system configuration mb_design_wrapper
LOG::2024-05-15.18:53:42::SCWSystem::Started Processing the domain standalone_microblaze_0
TRACE::2024-05-15.18:53:42::SCWDomain::Generating domain artifcats
TRACE::2024-05-15.18:53:42::SCWMssOS::Generating standalone artifcats
TRACE::2024-05-15.18:53:42::SCWMssOS:: Copying the user libraries. 
TRACE::2024-05-15.18:53:42::SCWPlatform::Trying to open the hw design at C:/CR/workspace_aula9/mb_design_wrapper/hw/mb_design_wrapper.xsa
TRACE::2024-05-15.18:53:42::SCWPlatform::DSA given C:/CR/workspace_aula9/mb_design_wrapper/hw/mb_design_wrapper.xsa
TRACE::2024-05-15.18:53:42::SCWPlatform::DSA absoulate path C:/CR/workspace_aula9/mb_design_wrapper/hw/mb_design_wrapper.xsa
TRACE::2024-05-15.18:53:42::SCWPlatform::DSA directory C:/CR/workspace_aula9/mb_design_wrapper/hw
TRACE::2024-05-15.18:53:42::SCWPlatform:: Platform Path C:/CR/workspace_aula9/mb_design_wrapper/hw/mb_design_wrapper.xsa
TRACE::2024-05-15.18:53:42::SCWPlatform:: Unique name xilinx:nexys4::0.0
TRACE::2024-05-15.18:53:42::SCWPlatform::Trying to set the existing hwdb with name mb_design_wrapper_0
TRACE::2024-05-15.18:53:42::SCWPlatform::Opened existing hwdb mb_design_wrapper_0
TRACE::2024-05-15.18:53:42::SCWPlatform::Found the Hw Db part of the input DSA
TRACE::2024-05-15.18:53:42::SCWMssOS::Checking the sw design at  C:/CR/workspace_aula9/mb_design_wrapper/microblaze_0/standalone_microblaze_0/bsp/system.mss
TRACE::2024-05-15.18:53:42::SCWMssOS::DEBUG:  swdes dump  C:/CR/workspace_aula9/mb_design_wrapper/microblaze_0/standalone_microblaze_0/bsp/system.mss|system||

TRACE::2024-05-15.18:53:42::SCWMssOS::Sw design exists and opened at  C:/CR/workspace_aula9/mb_design_wrapper/microblaze_0/standalone_microblaze_0/bsp/system.mss
TRACE::2024-05-15.18:53:42::SCWMssOS::Completed writing the mss file at C:/CR/workspace_aula9/mb_design_wrapper/microblaze_0/standalone_microblaze_0/bsp
TRACE::2024-05-15.18:53:42::SCWMssOS::Mss edits present, copying mssfile into export location C:/CR/workspace_aula9/mb_design_wrapper/microblaze_0/standalone_microblaze_0/bsp/system.mss
TRACE::2024-05-15.18:53:43::SCWMssOS::bsp generated is upto date with the mss file. Skipping bsp generation.
TRACE::2024-05-15.18:53:43::SCWMssOS::BSP is already built. skipping the bsp build ... 
TRACE::2024-05-15.18:53:43::SCWDomain::Building the domain as part of full build :  standalone_microblaze_0
TRACE::2024-05-15.18:53:43::SCWMssOS::skipping the bsp build ... 
TRACE::2024-05-15.18:53:43::SCWMssOS::Copying to export directory.
TRACE::2024-05-15.18:53:43::SCWMssOS:: Checking if to create the Supporting Applications
TRACE::2024-05-15.18:53:43::SCWMssOS:: No Linux domain exists, trying to generate FSBL 
LOG::2024-05-15.18:53:43::SCWSystem::Completed Processing the domain standalone_microblaze_0
LOG::2024-05-15.18:53:43::SCWSystem::Completed Processing the sysconfig mb_design_wrapper
LOG::2024-05-15.18:53:43::SCWPlatform::Completed generating the artifacts for system configuration mb_design_wrapper
TRACE::2024-05-15.18:53:43::SCWPlatform::Started preparing the platform 
TRACE::2024-05-15.18:53:43::SCWSystem::Writing the bif file for system config mb_design_wrapper
TRACE::2024-05-15.18:53:43::SCWSystem::dir created 
TRACE::2024-05-15.18:53:43::SCWSystem::Writing the bif 
TRACE::2024-05-15.18:53:43::SCWPlatform::Started writing the spfm file 
TRACE::2024-05-15.18:53:43::SCWPlatform::Started writing the xpfm file 
TRACE::2024-05-15.18:53:43::SCWPlatform::Completed generating the platform
TRACE::2024-05-15.18:53:43::SCWMssOS::Saving the mss changes C:/CR/workspace_aula9/mb_design_wrapper/microblaze_0/standalone_microblaze_0/bsp/system.mss
TRACE::2024-05-15.18:53:43::SCWMssOS::Found a swdesign opened with the mssfile.
TRACE::2024-05-15.18:53:43::SCWMssOS::Completed writemss as part of save.
TRACE::2024-05-15.18:53:43::SCWMssOS::Commit changes completed.
TRACE::2024-05-15.18:53:43::SCWPlatform::Trying to open the hw design at C:/CR/workspace_aula9/mb_design_wrapper/hw/mb_design_wrapper.xsa
TRACE::2024-05-15.18:53:43::SCWPlatform::DSA given C:/CR/workspace_aula9/mb_design_wrapper/hw/mb_design_wrapper.xsa
TRACE::2024-05-15.18:53:43::SCWPlatform::DSA absoulate path C:/CR/workspace_aula9/mb_design_wrapper/hw/mb_design_wrapper.xsa
TRACE::2024-05-15.18:53:43::SCWPlatform::DSA directory C:/CR/workspace_aula9/mb_design_wrapper/hw
TRACE::2024-05-15.18:53:43::SCWPlatform:: Platform Path C:/CR/workspace_aula9/mb_design_wrapper/hw/mb_design_wrapper.xsa
TRACE::2024-05-15.18:53:43::SCWPlatform:: Unique name xilinx:nexys4::0.0
TRACE::2024-05-15.18:53:43::SCWPlatform::Trying to set the existing hwdb with name mb_design_wrapper_0
TRACE::2024-05-15.18:53:43::SCWPlatform::Opened existing hwdb mb_design_wrapper_0
TRACE::2024-05-15.18:53:43::SCWPlatform::Found the Hw Db part of the input DSA
TRACE::2024-05-15.18:53:43::SCWMssOS::Checking the sw design at  C:/CR/workspace_aula9/mb_design_wrapper/microblaze_0/standalone_microblaze_0/bsp/system.mss
TRACE::2024-05-15.18:53:43::SCWMssOS::DEBUG:  swdes dump  C:/CR/workspace_aula9/mb_design_wrapper/microblaze_0/standalone_microblaze_0/bsp/system.mss|system||

TRACE::2024-05-15.18:53:43::SCWMssOS::Sw design exists and opened at  C:/CR/workspace_aula9/mb_design_wrapper/microblaze_0/standalone_microblaze_0/bsp/system.mss
TRACE::2024-05-15.18:53:43::SCWPlatform::Trying to open the hw design at C:/CR/workspace_aula9/mb_design_wrapper/hw/mb_design_wrapper.xsa
TRACE::2024-05-15.18:53:43::SCWPlatform::DSA given C:/CR/workspace_aula9/mb_design_wrapper/hw/mb_design_wrapper.xsa
TRACE::2024-05-15.18:53:43::SCWPlatform::DSA absoulate path C:/CR/workspace_aula9/mb_design_wrapper/hw/mb_design_wrapper.xsa
TRACE::2024-05-15.18:53:43::SCWPlatform::DSA directory C:/CR/workspace_aula9/mb_design_wrapper/hw
TRACE::2024-05-15.18:53:43::SCWPlatform:: Platform Path C:/CR/workspace_aula9/mb_design_wrapper/hw/mb_design_wrapper.xsa
TRACE::2024-05-15.18:53:43::SCWPlatform:: Unique name xilinx:nexys4::0.0
TRACE::2024-05-15.18:53:43::SCWPlatform::Trying to set the existing hwdb with name mb_design_wrapper_0
TRACE::2024-05-15.18:53:43::SCWPlatform::Opened existing hwdb mb_design_wrapper_0
TRACE::2024-05-15.18:53:43::SCWPlatform::Found the Hw Db part of the input DSA
TRACE::2024-05-15.18:53:43::SCWMssOS::Checking the sw design at  C:/CR/workspace_aula9/mb_design_wrapper/microblaze_0/standalone_microblaze_0/bsp/system.mss
TRACE::2024-05-15.18:53:43::SCWMssOS::DEBUG:  swdes dump  C:/CR/workspace_aula9/mb_design_wrapper/microblaze_0/standalone_microblaze_0/bsp/system.mss|system||

TRACE::2024-05-15.18:53:43::SCWMssOS::Sw design exists and opened at  C:/CR/workspace_aula9/mb_design_wrapper/microblaze_0/standalone_microblaze_0/bsp/system.mss
TRACE::2024-05-15.18:53:43::SCWPlatform::Trying to open the hw design at C:/CR/workspace_aula9/mb_design_wrapper/hw/mb_design_wrapper.xsa
TRACE::2024-05-15.18:53:43::SCWPlatform::DSA given C:/CR/workspace_aula9/mb_design_wrapper/hw/mb_design_wrapper.xsa
TRACE::2024-05-15.18:53:43::SCWPlatform::DSA absoulate path C:/CR/workspace_aula9/mb_design_wrapper/hw/mb_design_wrapper.xsa
TRACE::2024-05-15.18:53:43::SCWPlatform::DSA directory C:/CR/workspace_aula9/mb_design_wrapper/hw
TRACE::2024-05-15.18:53:43::SCWPlatform:: Platform Path C:/CR/workspace_aula9/mb_design_wrapper/hw/mb_design_wrapper.xsa
TRACE::2024-05-15.18:53:43::SCWPlatform:: Unique name xilinx:nexys4::0.0
TRACE::2024-05-15.18:53:43::SCWPlatform::Trying to set the existing hwdb with name mb_design_wrapper_0
TRACE::2024-05-15.18:53:43::SCWPlatform::Opened existing hwdb mb_design_wrapper_0
TRACE::2024-05-15.18:53:43::SCWPlatform::Found the Hw Db part of the input DSA
TRACE::2024-05-15.18:53:43::SCWMssOS::Checking the sw design at  C:/CR/workspace_aula9/mb_design_wrapper/microblaze_0/standalone_microblaze_0/bsp/system.mss
TRACE::2024-05-15.18:53:43::SCWMssOS::DEBUG:  swdes dump  C:/CR/workspace_aula9/mb_design_wrapper/microblaze_0/standalone_microblaze_0/bsp/system.mss|system||

TRACE::2024-05-15.18:53:43::SCWMssOS::Sw design exists and opened at  C:/CR/workspace_aula9/mb_design_wrapper/microblaze_0/standalone_microblaze_0/bsp/system.mss
TRACE::2024-05-15.18:53:43::SCWWriter::formatted JSON is {
	"platformName":	"mb_design_wrapper",
	"sprVersion":	"2.0",
	"mode":	"gui",
	"dsaType":	"Fixed",
	"platformDesc":	"mb_design_wrapper",
	"platHandOff":	"C:/CR/aula9/mb_design_wrapper.xsa",
	"platIntHandOff":	"<platformDir>/hw/mb_design_wrapper.xsa",
	"deviceType":	"FPGA",
	"platIsPrebuiltAutogen":	"false",
	"platIsNoBootBsp":	"false",
	"hasFsblMakeHasChanges":	"false",
	"hasPmufwMakeHasChanges":	"false",
	"platPreBuiltFlag":	false,
	"platformSamplesDir":	"",
	"platActiveSys":	"mb_design_wrapper",
	"systems":	[{
			"systemName":	"mb_design_wrapper",
			"systemDesc":	"mb_design_wrapper",
			"sysIsBootAutoGen":	"true",
			"systemDispName":	"mb_design_wrapper",
			"sysActiveDom":	"standalone_microblaze_0",
			"sysDefaultDom":	"standalone_microblaze_0",
			"domains":	[{
					"domainName":	"standalone_microblaze_0",
					"domainDispName":	"standalone_microblaze_0",
					"domainDesc":	"standalone_microblaze_0",
					"processors":	"microblaze_0",
					"os":	"standalone",
					"sdxOs":	"standalone",
					"debugEnable":	"False",
					"domRuntimes":	["cpp"],
					"swRepo":	"",
					"mssOsVer":	"8.0",
					"mssFile":	"",
					"md5Digest":	"7032a78d41267e53e5477abb9590f833",
					"compatibleApp":	"hello_world",
					"domType":	"mssDomain",
					"arch":	"32-bit",
					"appSettings":	{
						"appCompilerFlags":	"",
						"appLinkerFlags":	""
					},
					"addedLibs":	[],
					"libOptions":	{
						"libsContainingOptions":	[]
					},
					"prebuiltLibs":	{
						"prebuiltIncPath":	[],
						"prebuiltLibPath":	[]
					},
					"isolation":	{
					}
				}]
		}]
}
KEYINFO::2024-05-15.18:53:43::SCWPlatform::updated the xpfm file.
LOG::2024-05-15.18:56:47::SCWPlatform::Started generating the artifacts platform mb_design_wrapper
TRACE::2024-05-15.18:56:47::SCWPlatform::Sanity checking of platform is completed
LOG::2024-05-15.18:56:47::SCWPlatform::Started generating the artifacts for system configuration mb_design_wrapper
LOG::2024-05-15.18:56:47::SCWSystem::Checking the domain standalone_microblaze_0
LOG::2024-05-15.18:56:47::SCWSystem::Not a boot domain 
LOG::2024-05-15.18:56:47::SCWSystem::Started Processing the domain standalone_microblaze_0
TRACE::2024-05-15.18:56:47::SCWDomain::Generating domain artifcats
TRACE::2024-05-15.18:56:47::SCWMssOS::Generating standalone artifcats
TRACE::2024-05-15.18:56:47::SCWMssOS:: Copying the user libraries. 
TRACE::2024-05-15.18:56:47::SCWPlatform::Trying to open the hw design at C:/CR/workspace_aula9/mb_design_wrapper/hw/mb_design_wrapper.xsa
TRACE::2024-05-15.18:56:47::SCWPlatform::DSA given C:/CR/workspace_aula9/mb_design_wrapper/hw/mb_design_wrapper.xsa
TRACE::2024-05-15.18:56:47::SCWPlatform::DSA absoulate path C:/CR/workspace_aula9/mb_design_wrapper/hw/mb_design_wrapper.xsa
TRACE::2024-05-15.18:56:47::SCWPlatform::DSA directory C:/CR/workspace_aula9/mb_design_wrapper/hw
TRACE::2024-05-15.18:56:47::SCWPlatform:: Platform Path C:/CR/workspace_aula9/mb_design_wrapper/hw/mb_design_wrapper.xsa
TRACE::2024-05-15.18:56:47::SCWPlatform:: Unique name xilinx:nexys4::0.0
TRACE::2024-05-15.18:56:47::SCWPlatform::Trying to set the existing hwdb with name mb_design_wrapper_0
TRACE::2024-05-15.18:56:47::SCWPlatform::Opened existing hwdb mb_design_wrapper_0
TRACE::2024-05-15.18:56:47::SCWPlatform::Found the Hw Db part of the input DSA
TRACE::2024-05-15.18:56:47::SCWMssOS::Checking the sw design at  C:/CR/workspace_aula9/mb_design_wrapper/microblaze_0/standalone_microblaze_0/bsp/system.mss
TRACE::2024-05-15.18:56:47::SCWMssOS::DEBUG:  swdes dump  C:/CR/workspace_aula9/mb_design_wrapper/microblaze_0/standalone_microblaze_0/bsp/system.mss|system||

TRACE::2024-05-15.18:56:47::SCWMssOS::Sw design exists and opened at  C:/CR/workspace_aula9/mb_design_wrapper/microblaze_0/standalone_microblaze_0/bsp/system.mss
TRACE::2024-05-15.18:56:47::SCWMssOS::Completed writing the mss file at C:/CR/workspace_aula9/mb_design_wrapper/microblaze_0/standalone_microblaze_0/bsp
TRACE::2024-05-15.18:56:47::SCWMssOS::Mss edits present, copying mssfile into export location C:/CR/workspace_aula9/mb_design_wrapper/microblaze_0/standalone_microblaze_0/bsp/system.mss
TRACE::2024-05-15.18:56:47::SCWMssOS::bsp generated is upto date with the mss file. Skipping bsp generation.
TRACE::2024-05-15.18:56:47::SCWMssOS::BSP is already built. skipping the bsp build ... 
TRACE::2024-05-15.18:56:47::SCWDomain::Building the domain as part of full build :  standalone_microblaze_0
TRACE::2024-05-15.18:56:47::SCWMssOS::doing bsp build ... 
TRACE::2024-05-15.18:56:47::SCWMssOS::System Command Ran  C: & cd  C:/CR/workspace_aula9/mb_design_wrapper/microblaze_0/standalone_microblaze_0/bsp & make 
TRACE::2024-05-15.18:56:47::SCWMssOS::make --no-print-directory seq_libs

TRACE::2024-05-15.18:56:47::SCWMssOS::"Running Make include in microblaze_0/libsrc/bram_v4_8/src"

TRACE::2024-05-15.18:56:47::SCWMssOS::make -C microblaze_0/libsrc/bram_v4_8/src -s include  "SHELL=CMD" "COMPILER=mb-gcc" "ASSEMBLER=mb-as" "ARCHIVER=mb-ar" "COMPILE
TRACE::2024-05-15.18:56:47::SCWMssOS::R_FLAGS=  -O2 -c -mcpu=v11.0 -mlittle-endian -mxl-soft-mul" "EXTRA_COMPILER_FLAGS=-g -ffunction-sections -fdata-sections -Wall 
TRACE::2024-05-15.18:56:47::SCWMssOS::-Wextra -fno-tree-loop-distribute-patterns"

TRACE::2024-05-15.18:56:47::SCWMssOS::"Running Make include in microblaze_0/libsrc/cpu_v2_16/src"

TRACE::2024-05-15.18:56:47::SCWMssOS::make -C microblaze_0/libsrc/cpu_v2_16/src -s include  "SHELL=CMD" "COMPILER=mb-gcc" "ASSEMBLER=mb-as" "ARCHIVER=mb-ar" "COMPILE
TRACE::2024-05-15.18:56:47::SCWMssOS::R_FLAGS=  -O2 -c -mcpu=v11.0 -mlittle-endian -mxl-soft-mul" "EXTRA_COMPILER_FLAGS=-g -ffunction-sections -fdata-sections -Wall 
TRACE::2024-05-15.18:56:47::SCWMssOS::-Wextra -fno-tree-loop-distribute-patterns"

TRACE::2024-05-15.18:56:47::SCWMssOS::"Running Make include in microblaze_0/libsrc/DisplayController_v1_0/src"

TRACE::2024-05-15.18:56:47::SCWMssOS::make -C microblaze_0/libsrc/DisplayController_v1_0/src -s include  "SHELL=CMD" "COMPILER=mb-gcc" "ASSEMBLER=mb-as" "ARCHIVER=mb
TRACE::2024-05-15.18:56:47::SCWMssOS::-ar" "COMPILER_FLAGS=  -O2 -c -mcpu=v11.0 -mlittle-endian -mxl-soft-mul" "EXTRA_COMPILER_FLAGS=-g -ffunction-sections -fdata-se
TRACE::2024-05-15.18:56:47::SCWMssOS::ctions -Wall -Wextra -fno-tree-loop-distribute-patterns"

TRACE::2024-05-15.18:56:48::SCWMssOS::"Running Make include in microblaze_0/libsrc/gpio_v4_9/src"

TRACE::2024-05-15.18:56:48::SCWMssOS::make -C microblaze_0/libsrc/gpio_v4_9/src -s include  "SHELL=CMD" "COMPILER=mb-gcc" "ASSEMBLER=mb-as" "ARCHIVER=mb-ar" "COMPILE
TRACE::2024-05-15.18:56:48::SCWMssOS::R_FLAGS=  -O2 -c -mcpu=v11.0 -mlittle-endian -mxl-soft-mul" "EXTRA_COMPILER_FLAGS=-g -ffunction-sections -fdata-sections -Wall 
TRACE::2024-05-15.18:56:48::SCWMssOS::-Wextra -fno-tree-loop-distribute-patterns"

TRACE::2024-05-15.18:56:48::SCWMssOS::"Running Make include in microblaze_0/libsrc/intc_v3_15/src"

TRACE::2024-05-15.18:56:48::SCWMssOS::make -C microblaze_0/libsrc/intc_v3_15/src -s include  "SHELL=CMD" "COMPILER=mb-gcc" "ASSEMBLER=mb-as" "ARCHIVER=mb-ar" "COMPIL
TRACE::2024-05-15.18:56:48::SCWMssOS::ER_FLAGS=  -O2 -c -mcpu=v11.0 -mlittle-endian -mxl-soft-mul" "EXTRA_COMPILER_FLAGS=-g -ffunction-sections -fdata-sections -Wall
TRACE::2024-05-15.18:56:48::SCWMssOS:: -Wextra -fno-tree-loop-distribute-patterns"

TRACE::2024-05-15.18:56:48::SCWMssOS::"Running Make include in microblaze_0/libsrc/standalone_v8_0/src"

TRACE::2024-05-15.18:56:48::SCWMssOS::make -C microblaze_0/libsrc/standalone_v8_0/src -s include  "SHELL=CMD" "COMPILER=mb-gcc" "ASSEMBLER=mb-as" "ARCHIVER=mb-ar" "C
TRACE::2024-05-15.18:56:48::SCWMssOS::OMPILER_FLAGS=  -O2 -c -mcpu=v11.0 -mlittle-endian -mxl-soft-mul" "EXTRA_COMPILER_FLAGS=-g -ffunction-sections -fdata-sections 
TRACE::2024-05-15.18:56:48::SCWMssOS::-Wall -Wextra -fno-tree-loop-distribute-patterns"

TRACE::2024-05-15.18:56:48::SCWMssOS::"Running Make include in microblaze_0/libsrc/tmrctr_v4_9/src"

TRACE::2024-05-15.18:56:48::SCWMssOS::make -C microblaze_0/libsrc/tmrctr_v4_9/src -s include  "SHELL=CMD" "COMPILER=mb-gcc" "ASSEMBLER=mb-as" "ARCHIVER=mb-ar" "COMPI
TRACE::2024-05-15.18:56:48::SCWMssOS::LER_FLAGS=  -O2 -c -mcpu=v11.0 -mlittle-endian -mxl-soft-mul" "EXTRA_COMPILER_FLAGS=-g -ffunction-sections -fdata-sections -Wal
TRACE::2024-05-15.18:56:48::SCWMssOS::l -Wextra -fno-tree-loop-distribute-patterns"

TRACE::2024-05-15.18:56:49::SCWMssOS::"Running Make include in microblaze_0/libsrc/uartlite_v3_7/src"

TRACE::2024-05-15.18:56:49::SCWMssOS::make -C microblaze_0/libsrc/uartlite_v3_7/src -s include  "SHELL=CMD" "COMPILER=mb-gcc" "ASSEMBLER=mb-as" "ARCHIVER=mb-ar" "COM
TRACE::2024-05-15.18:56:49::SCWMssOS::PILER_FLAGS=  -O2 -c -mcpu=v11.0 -mlittle-endian -mxl-soft-mul" "EXTRA_COMPILER_FLAGS=-g -ffunction-sections -fdata-sections -W
TRACE::2024-05-15.18:56:49::SCWMssOS::all -Wextra -fno-tree-loop-distribute-patterns"

TRACE::2024-05-15.18:56:49::SCWMssOS::"Running Make libs in microblaze_0/libsrc/DisplayController_v1_0/src"

TRACE::2024-05-15.18:56:49::SCWMssOS::make -C microblaze_0/libsrc/DisplayController_v1_0/src -s libs  "SHELL=CMD" "COMPILER=mb-gcc" "ASSEMBLER=mb-as" "ARCHIVER=mb-ar
TRACE::2024-05-15.18:56:49::SCWMssOS::" "COMPILER_FLAGS=  -O2 -c -mcpu=v11.0 -mlittle-endian -mxl-soft-mul" "EXTRA_COMPILER_FLAGS=-g -ffunction-sections -fdata-secti
TRACE::2024-05-15.18:56:49::SCWMssOS::ons -Wall -Wextra -fno-tree-loop-distribute-patterns"

TRACE::2024-05-15.18:56:49::SCWMssOS::"<CustomIP_name>..."

TRACE::2024-05-15.18:56:50::SCWMssOS::'Finished building libraries sequentially.'

TRACE::2024-05-15.18:56:50::SCWMssOS::make -j 10 --no-print-directory par_libs

TRACE::2024-05-15.18:56:50::SCWMssOS::"Running Make include in microblaze_0/libsrc/bram_v4_8/src"

TRACE::2024-05-15.18:56:50::SCWMssOS::"Running Make include in microblaze_0/libsrc/cpu_v2_16/src"

TRACE::2024-05-15.18:56:50::SCWMssOS::make -C microblaze_0/libsrc/bram_v4_8/src -s include  "SHELL=CMD" "COMPILER=mb-gcc" "ASSEMBLER=mb-as" "ARCHIVER=mb-ar" "COMPILE
TRACE::2024-05-15.18:56:50::SCWMssOS::R_FLAGS=  -O2 -c -mcpu=v11.0 -mlittle-endian -mxl-soft-mul" "EXTRA_COMPILER_FLAGS=-g -ffunction-sections -fdata-sections -Wall 
TRACE::2024-05-15.18:56:50::SCWMssOS::-Wextra -fno-tree-loop-distribute-patterns"

TRACE::2024-05-15.18:56:50::SCWMssOS::make -C microblaze_0/libsrc/cpu_v2_16/src -s include  "SHELL=CMD" "COMPILER=mb-gcc" "ASSEMBLER=mb-as" "ARCHIVER=mb-ar" "COMPILE
TRACE::2024-05-15.18:56:50::SCWMssOS::R_FLAGS=  -O2 -c -mcpu=v11.0 -mlittle-endian -mxl-soft-mul" "EXTRA_COMPILER_FLAGS=-g -ffunction-sections -fdata-sections -Wall 
TRACE::2024-05-15.18:56:50::SCWMssOS::-Wextra -fno-tree-loop-distribute-patterns"

TRACE::2024-05-15.18:56:50::SCWMssOS::"Running Make include in microblaze_0/libsrc/DisplayController_v1_0/src"

TRACE::2024-05-15.18:56:50::SCWMssOS::make -C microblaze_0/libsrc/DisplayController_v1_0/src -s include  "SHELL=CMD" "COMPILER=mb-gcc" "ASSEMBLER=mb-as" "ARCHIVER=mb
TRACE::2024-05-15.18:56:50::SCWMssOS::-ar" "COMPILER_FLAGS=  -O2 -c -mcpu=v11.0 -mlittle-endian -mxl-soft-mul" "EXTRA_COMPILER_FLAGS=-g -ffunction-sections -fdata-se
TRACE::2024-05-15.18:56:50::SCWMssOS::ctions -Wall -Wextra -fno-tree-loop-distribute-patterns"

TRACE::2024-05-15.18:56:50::SCWMssOS::"Running Make include in microblaze_0/libsrc/gpio_v4_9/src"

TRACE::2024-05-15.18:56:50::SCWMssOS::make -C microblaze_0/libsrc/gpio_v4_9/src -s include  "SHELL=CMD" "COMPILER=mb-gcc" "ASSEMBLER=mb-as" "ARCHIVER=mb-ar" "COMPILE
TRACE::2024-05-15.18:56:50::SCWMssOS::R_FLAGS=  -O2 -c -mcpu=v11.0 -mlittle-endian -mxl-soft-mul" "EXTRA_COMPILER_FLAGS=-g -ffunction-sections -fdata-sections -Wall 
TRACE::2024-05-15.18:56:50::SCWMssOS::-Wextra -fno-tree-loop-distribute-patterns"

TRACE::2024-05-15.18:56:50::SCWMssOS::"Running Make include in microblaze_0/libsrc/intc_v3_15/src"

TRACE::2024-05-15.18:56:50::SCWMssOS::make -C microblaze_0/libsrc/intc_v3_15/src -s include  "SHELL=CMD" "COMPILER=mb-gcc" "ASSEMBLER=mb-as" "ARCHIVER=mb-ar" "COMPIL
TRACE::2024-05-15.18:56:50::SCWMssOS::ER_FLAGS=  -O2 -c -mcpu=v11.0 -mlittle-endian -mxl-soft-mul" "EXTRA_COMPILER_FLAGS=-g -ffunction-sections -fdata-sections -Wall
TRACE::2024-05-15.18:56:50::SCWMssOS:: -Wextra -fno-tree-loop-distribute-patterns"

TRACE::2024-05-15.18:56:50::SCWMssOS::"Running Make include in microblaze_0/libsrc/standalone_v8_0/src"

TRACE::2024-05-15.18:56:50::SCWMssOS::make -C microblaze_0/libsrc/standalone_v8_0/src -s include  "SHELL=CMD" "COMPILER=mb-gcc" "ASSEMBLER=mb-as" "ARCHIVER=mb-ar" "C
TRACE::2024-05-15.18:56:50::SCWMssOS::OMPILER_FLAGS=  -O2 -c -mcpu=v11.0 -mlittle-endian -mxl-soft-mul" "EXTRA_COMPILER_FLAGS=-g -ffunction-sections -fdata-sections 
TRACE::2024-05-15.18:56:50::SCWMssOS::-Wall -Wextra -fno-tree-loop-distribute-patterns"

TRACE::2024-05-15.18:56:50::SCWMssOS::"Running Make include in microblaze_0/libsrc/tmrctr_v4_9/src"

TRACE::2024-05-15.18:56:50::SCWMssOS::make -C microblaze_0/libsrc/tmrctr_v4_9/src -s include  "SHELL=CMD" "COMPILER=mb-gcc" "ASSEMBLER=mb-as" "ARCHIVER=mb-ar" "COMPI
TRACE::2024-05-15.18:56:50::SCWMssOS::LER_FLAGS=  -O2 -c -mcpu=v11.0 -mlittle-endian -mxl-soft-mul" "EXTRA_COMPILER_FLAGS=-g -ffunction-sections -fdata-sections -Wal
TRACE::2024-05-15.18:56:50::SCWMssOS::l -Wextra -fno-tree-loop-distribute-patterns"

TRACE::2024-05-15.18:56:50::SCWMssOS::"Running Make include in microblaze_0/libsrc/uartlite_v3_7/src"

TRACE::2024-05-15.18:56:50::SCWMssOS::make -C microblaze_0/libsrc/uartlite_v3_7/src -s include  "SHELL=CMD" "COMPILER=mb-gcc" "ASSEMBLER=mb-as" "ARCHIVER=mb-ar" "COM
TRACE::2024-05-15.18:56:50::SCWMssOS::PILER_FLAGS=  -O2 -c -mcpu=v11.0 -mlittle-endian -mxl-soft-mul" "EXTRA_COMPILER_FLAGS=-g -ffunction-sections -fdata-sections -W
TRACE::2024-05-15.18:56:50::SCWMssOS::all -Wextra -fno-tree-loop-distribute-patterns"

TRACE::2024-05-15.18:56:50::SCWMssOS::"Running Make libs in microblaze_0/libsrc/bram_v4_8/src"

TRACE::2024-05-15.18:56:50::SCWMssOS::make -C microblaze_0/libsrc/bram_v4_8/src -s libs  "SHELL=CMD" "COMPILER=mb-gcc" "ASSEMBLER=mb-as" "ARCHIVER=mb-ar" "COMPILER_F
TRACE::2024-05-15.18:56:50::SCWMssOS::LAGS=  -O2 -c -mcpu=v11.0 -mlittle-endian -mxl-soft-mul" "EXTRA_COMPILER_FLAGS=-g -ffunction-sections -fdata-sections -Wall -We
TRACE::2024-05-15.18:56:50::SCWMssOS::xtra -fno-tree-loop-distribute-patterns"

TRACE::2024-05-15.18:56:50::SCWMssOS::"Running Make libs in microblaze_0/libsrc/cpu_v2_16/src"

TRACE::2024-05-15.18:56:50::SCWMssOS::make -C microblaze_0/libsrc/cpu_v2_16/src -s libs  "SHELL=CMD" "COMPILER=mb-gcc" "ASSEMBLER=mb-as" "ARCHIVER=mb-ar" "COMPILER_F
TRACE::2024-05-15.18:56:50::SCWMssOS::LAGS=  -O2 -c -mcpu=v11.0 -mlittle-endian -mxl-soft-mul" "EXTRA_COMPILER_FLAGS=-g -ffunction-sections -fdata-sections -Wall -We
TRACE::2024-05-15.18:56:50::SCWMssOS::xtra -fno-tree-loop-distribute-patterns"

TRACE::2024-05-15.18:56:50::SCWMssOS::"Running Make libs in microblaze_0/libsrc/gpio_v4_9/src"

TRACE::2024-05-15.18:56:50::SCWMssOS::make -C microblaze_0/libsrc/gpio_v4_9/src -s libs  "SHELL=CMD" "COMPILER=mb-gcc" "ASSEMBLER=mb-as" "ARCHIVER=mb-ar" "COMPILER_F
TRACE::2024-05-15.18:56:50::SCWMssOS::LAGS=  -O2 -c -mcpu=v11.0 -mlittle-endian -mxl-soft-mul" "EXTRA_COMPILER_FLAGS=-g -ffunction-sections -fdata-sections -Wall -We
TRACE::2024-05-15.18:56:50::SCWMssOS::xtra -fno-tree-loop-distribute-patterns"

TRACE::2024-05-15.18:56:50::SCWMssOS::"Running Make libs in microblaze_0/libsrc/intc_v3_15/src"

TRACE::2024-05-15.18:56:50::SCWMssOS::make -C microblaze_0/libsrc/intc_v3_15/src -s libs  "SHELL=CMD" "COMPILER=mb-gcc" "ASSEMBLER=mb-as" "ARCHIVER=mb-ar" "COMPILER_
TRACE::2024-05-15.18:56:50::SCWMssOS::FLAGS=  -O2 -c -mcpu=v11.0 -mlittle-endian -mxl-soft-mul" "EXTRA_COMPILER_FLAGS=-g -ffunction-sections -fdata-sections -Wall -W
TRACE::2024-05-15.18:56:50::SCWMssOS::extra -fno-tree-loop-distribute-patterns"

TRACE::2024-05-15.18:56:50::SCWMssOS::"Running Make libs in microblaze_0/libsrc/standalone_v8_0/src"

TRACE::2024-05-15.18:56:50::SCWMssOS::make -C microblaze_0/libsrc/standalone_v8_0/src -s libs  "SHELL=CMD" "COMPILER=mb-gcc" "ASSEMBLER=mb-as" "ARCHIVER=mb-ar" "COMP
TRACE::2024-05-15.18:56:50::SCWMssOS::ILER_FLAGS=  -O2 -c -mcpu=v11.0 -mlittle-endian -mxl-soft-mul" "EXTRA_COMPILER_FLAGS=-g -ffunction-sections -fdata-sections -Wa
TRACE::2024-05-15.18:56:50::SCWMssOS::ll -Wextra -fno-tree-loop-distribute-patterns"

TRACE::2024-05-15.18:56:51::SCWMssOS::"Running Make libs in microblaze_0/libsrc/tmrctr_v4_9/src"

TRACE::2024-05-15.18:56:51::SCWMssOS::make -C microblaze_0/libsrc/tmrctr_v4_9/src -s libs  "SHELL=CMD" "COMPILER=mb-gcc" "ASSEMBLER=mb-as" "ARCHIVER=mb-ar" "COMPILER
TRACE::2024-05-15.18:56:51::SCWMssOS::_FLAGS=  -O2 -c -mcpu=v11.0 -mlittle-endian -mxl-soft-mul" "EXTRA_COMPILER_FLAGS=-g -ffunction-sections -fdata-sections -Wall -
TRACE::2024-05-15.18:56:51::SCWMssOS::Wextra -fno-tree-loop-distribute-patterns"

TRACE::2024-05-15.18:56:51::SCWMssOS::"Running Make libs in microblaze_0/libsrc/uartlite_v3_7/src"

TRACE::2024-05-15.18:56:51::SCWMssOS::make -C microblaze_0/libsrc/uartlite_v3_7/src -s libs  "SHELL=CMD" "COMPILER=mb-gcc" "ASSEMBLER=mb-as" "ARCHIVER=mb-ar" "COMPIL
TRACE::2024-05-15.18:56:51::SCWMssOS::ER_FLAGS=  -O2 -c -mcpu=v11.0 -mlittle-endian -mxl-soft-mul" "EXTRA_COMPILER_FLAGS=-g -ffunction-sections -fdata-sections -Wall
TRACE::2024-05-15.18:56:51::SCWMssOS:: -Wextra -fno-tree-loop-distribute-patterns"

TRACE::2024-05-15.18:56:52::SCWMssOS::"DEBUG NON_LTO_OBJECTS is ../../../lib/microblaze_interrupt_handler.o"

TRACE::2024-05-15.18:56:52::SCWMssOS::'Finished building libraries parallelly.'

TRACE::2024-05-15.18:56:52::SCWMssOS::make --no-print-directory archive

TRACE::2024-05-15.18:56:52::SCWMssOS::mb-ar -r  microblaze_0/lib/libxil.a microblaze_0/lib/_exit.o microblaze_0/lib/errno.o microblaze_0/lib/fcntl.o microblaze_0/lib
TRACE::2024-05-15.18:56:52::SCWMssOS::/hw_exception_handler.o microblaze_0/lib/inbyte.o microblaze_0/lib/microblaze_disable_dcache.o microblaze_0/lib/microblaze_disa
TRACE::2024-05-15.18:56:52::SCWMssOS::ble_exceptions.o microblaze_0/lib/microblaze_disable_icache.o microblaze_0/lib/microblaze_disable_interrupts.o microblaze_0/lib
TRACE::2024-05-15.18:56:52::SCWMssOS::/microblaze_enable_dcache.o microblaze_0/lib/microblaze_enable_exceptions.o microblaze_0/lib/microblaze_enable_icache.o microbl
TRACE::2024-05-15.18:56:52::SCWMssOS::aze_0/lib/microblaze_enable_interrupts.o microblaze_0/lib/microblaze_exception_handler.o microblaze_0/lib/microblaze_flush_cach
TRACE::2024-05-15.18:56:52::SCWMssOS::e_ext.o microblaze_0/lib/microblaze_flush_cache_ext_range.o microblaze_0/lib/microblaze_flush_dcache.o microblaze_0/lib/microbl
TRACE::2024-05-15.18:56:52::SCWMssOS::aze_flush_dcache_range.o microblaze_0/lib/microblaze_init_dcache_range.o microblaze_0/lib/microblaze_init_icache_range.o microb
TRACE::2024-05-15.18:56:52::SCWMssOS::laze_0/lib/microblaze_interrupt_handler.o microblaze_0/lib/microblaze_interrupts_g.o microblaze_0/lib/microblaze_invalidate_cac
TRACE::2024-05-15.18:56:52::SCWMssOS::he_ext.o microblaze_0/lib/microblaze_invalidate_cache_ext_range.o microblaze_0/lib/microblaze_invalidate_dcache.o microblaze_0/
TRACE::2024-05-15.18:56:52::SCWMssOS::lib/microblaze_invalidate_dcache_range.o microblaze_0/lib/microblaze_invalidate_icache.o microblaze_0/lib/microblaze_invalidate
TRACE::2024-05-15.18:56:52::SCWMssOS::_icache_range.o microblaze_0/lib/microblaze_scrub.o microblaze_0/lib/microblaze_selftest.o microblaze_0/lib/microblaze_sleep.o 
TRACE::2024-05-15.18:56:52::SCWMssOS::microblaze_0/lib/microblaze_update_dcache.o microblaze_0/lib/microblaze_update_icache.o microblaze_0/lib/outbyte.o microblaze_0
TRACE::2024-05-15.18:56:52::SCWMssOS::/lib/print.o microblaze_0/lib/pvr.o microblaze_0/lib/xbram.o microblaze_0/lib/xbram_g.o microblaze_0/lib/xbram_intr.o microblaz
TRACE::2024-05-15.18:56:52::SCWMssOS::e_0/lib/xbram_selftest.o microblaze_0/lib/xbram_sinit.o microblaze_0/lib/xgpio.o microblaze_0/lib/xgpio_extra.o microblaze_0/li
TRACE::2024-05-15.18:56:52::SCWMssOS::b/xgpio_g.o microblaze_0/lib/xgpio_intr.o microblaze_0/lib/xgpio_selftest.o microblaze_0/lib/xgpio_sinit.o microblaze_0/lib/xil
TRACE::2024-05-15.18:56:52::SCWMssOS::_assert.o microblaze_0/lib/xil_cache.o microblaze_0/lib/xil_clocking.o microblaze_0/lib/xil_exception.o microblaze_0/lib/xil_me
TRACE::2024-05-15.18:56:52::SCWMssOS::m.o microblaze_0/lib/xil_misc_psreset_api.o microblaze_0/lib/xil_printf.o microblaze_0/lib/xil_sleepcommon.o microblaze_0/lib/x
TRACE::2024-05-15.18:56:52::SCWMssOS::il_testcache.o microblaze_0/lib/xil_testio.o microblaze_0/lib/xil_testmem.o microblaze_0/lib/xil_util.o microblaze_0/lib/xintc.
TRACE::2024-05-15.18:56:52::SCWMssOS::o microblaze_0/lib/xintc_g.o microblaze_0/lib/xintc_intr.o microblaze_0/lib/xintc_l.o microblaze_0/lib/xintc_options.o microbla
TRACE::2024-05-15.18:56:52::SCWMssOS::ze_0/lib/xintc_selftest.o microblaze_0/lib/xinterrupt_wrap.o microblaze_0/lib/xio.o microblaze_0/lib/xplatform_info.o microblaz
TRACE::2024-05-15.18:56:52::SCWMssOS::e_0/lib/xtmrctr.o microblaze_0/lib/xtmrctr_g.o microblaze_0/lib/xtmrctr_intr.o microblaze_0/lib/xtmrctr_l.o microblaze_0/lib/xt
TRACE::2024-05-15.18:56:52::SCWMssOS::mrctr_options.o microblaze_0/lib/xtmrctr_selftest.o microblaze_0/lib/xtmrctr_sinit.o microblaze_0/lib/xtmrctr_stats.o microblaz
TRACE::2024-05-15.18:56:52::SCWMssOS::e_0/lib/xuartlite.o microblaze_0/lib/xuartlite_g.o microblaze_0/lib/xuartlite_intr.o microblaze_0/lib/xuartlite_l.o microblaze_
TRACE::2024-05-15.18:56:52::SCWMssOS::0/lib/xuartlite_selftest.o microblaze_0/lib/xuartlite_sinit.o microblaze_0/lib/xuartlite_stats.o

TRACE::2024-05-15.18:56:53::SCWMssOS::'Finished building libraries'

TRACE::2024-05-15.18:56:53::SCWMssOS::Copying to export directory.
TRACE::2024-05-15.18:56:53::SCWMssOS:: Checking if to create the Supporting Applications
TRACE::2024-05-15.18:56:53::SCWMssOS:: No Linux domain exists, trying to generate FSBL 
LOG::2024-05-15.18:56:53::SCWSystem::Completed Processing the domain standalone_microblaze_0
LOG::2024-05-15.18:56:53::SCWSystem::Completed Processing the sysconfig mb_design_wrapper
LOG::2024-05-15.18:56:53::SCWPlatform::Completed generating the artifacts for system configuration mb_design_wrapper
TRACE::2024-05-15.18:56:53::SCWPlatform::Started preparing the platform 
TRACE::2024-05-15.18:56:53::SCWSystem::Writing the bif file for system config mb_design_wrapper
TRACE::2024-05-15.18:56:53::SCWSystem::dir created 
TRACE::2024-05-15.18:56:53::SCWSystem::Writing the bif 
TRACE::2024-05-15.18:56:53::SCWPlatform::Started writing the spfm file 
TRACE::2024-05-15.18:56:53::SCWPlatform::Started writing the xpfm file 
TRACE::2024-05-15.18:56:53::SCWPlatform::Completed generating the platform
TRACE::2024-05-15.18:56:53::SCWMssOS::Saving the mss changes C:/CR/workspace_aula9/mb_design_wrapper/microblaze_0/standalone_microblaze_0/bsp/system.mss
TRACE::2024-05-15.18:56:53::SCWMssOS::Found a swdesign opened with the mssfile.
TRACE::2024-05-15.18:56:53::SCWMssOS::Completed writemss as part of save.
TRACE::2024-05-15.18:56:53::SCWMssOS::Commit changes completed.
TRACE::2024-05-15.18:56:53::SCWPlatform::Trying to open the hw design at C:/CR/workspace_aula9/mb_design_wrapper/hw/mb_design_wrapper.xsa
TRACE::2024-05-15.18:56:53::SCWPlatform::DSA given C:/CR/workspace_aula9/mb_design_wrapper/hw/mb_design_wrapper.xsa
TRACE::2024-05-15.18:56:53::SCWPlatform::DSA absoulate path C:/CR/workspace_aula9/mb_design_wrapper/hw/mb_design_wrapper.xsa
TRACE::2024-05-15.18:56:53::SCWPlatform::DSA directory C:/CR/workspace_aula9/mb_design_wrapper/hw
TRACE::2024-05-15.18:56:53::SCWPlatform:: Platform Path C:/CR/workspace_aula9/mb_design_wrapper/hw/mb_design_wrapper.xsa
TRACE::2024-05-15.18:56:53::SCWPlatform:: Unique name xilinx:nexys4::0.0
TRACE::2024-05-15.18:56:53::SCWPlatform::Trying to set the existing hwdb with name mb_design_wrapper_0
TRACE::2024-05-15.18:56:53::SCWPlatform::Opened existing hwdb mb_design_wrapper_0
TRACE::2024-05-15.18:56:53::SCWPlatform::Found the Hw Db part of the input DSA
TRACE::2024-05-15.18:56:53::SCWMssOS::Checking the sw design at  C:/CR/workspace_aula9/mb_design_wrapper/microblaze_0/standalone_microblaze_0/bsp/system.mss
TRACE::2024-05-15.18:56:53::SCWMssOS::DEBUG:  swdes dump  C:/CR/workspace_aula9/mb_design_wrapper/microblaze_0/standalone_microblaze_0/bsp/system.mss|system||

TRACE::2024-05-15.18:56:53::SCWMssOS::Sw design exists and opened at  C:/CR/workspace_aula9/mb_design_wrapper/microblaze_0/standalone_microblaze_0/bsp/system.mss
TRACE::2024-05-15.18:56:53::SCWPlatform::Trying to open the hw design at C:/CR/workspace_aula9/mb_design_wrapper/hw/mb_design_wrapper.xsa
TRACE::2024-05-15.18:56:53::SCWPlatform::DSA given C:/CR/workspace_aula9/mb_design_wrapper/hw/mb_design_wrapper.xsa
TRACE::2024-05-15.18:56:53::SCWPlatform::DSA absoulate path C:/CR/workspace_aula9/mb_design_wrapper/hw/mb_design_wrapper.xsa
TRACE::2024-05-15.18:56:53::SCWPlatform::DSA directory C:/CR/workspace_aula9/mb_design_wrapper/hw
TRACE::2024-05-15.18:56:53::SCWPlatform:: Platform Path C:/CR/workspace_aula9/mb_design_wrapper/hw/mb_design_wrapper.xsa
TRACE::2024-05-15.18:56:53::SCWPlatform:: Unique name xilinx:nexys4::0.0
TRACE::2024-05-15.18:56:53::SCWPlatform::Trying to set the existing hwdb with name mb_design_wrapper_0
TRACE::2024-05-15.18:56:53::SCWPlatform::Opened existing hwdb mb_design_wrapper_0
TRACE::2024-05-15.18:56:53::SCWPlatform::Found the Hw Db part of the input DSA
TRACE::2024-05-15.18:56:53::SCWMssOS::Checking the sw design at  C:/CR/workspace_aula9/mb_design_wrapper/microblaze_0/standalone_microblaze_0/bsp/system.mss
TRACE::2024-05-15.18:56:53::SCWMssOS::DEBUG:  swdes dump  C:/CR/workspace_aula9/mb_design_wrapper/microblaze_0/standalone_microblaze_0/bsp/system.mss|system||

TRACE::2024-05-15.18:56:53::SCWMssOS::Sw design exists and opened at  C:/CR/workspace_aula9/mb_design_wrapper/microblaze_0/standalone_microblaze_0/bsp/system.mss
TRACE::2024-05-15.18:56:53::SCWPlatform::Trying to open the hw design at C:/CR/workspace_aula9/mb_design_wrapper/hw/mb_design_wrapper.xsa
TRACE::2024-05-15.18:56:53::SCWPlatform::DSA given C:/CR/workspace_aula9/mb_design_wrapper/hw/mb_design_wrapper.xsa
TRACE::2024-05-15.18:56:53::SCWPlatform::DSA absoulate path C:/CR/workspace_aula9/mb_design_wrapper/hw/mb_design_wrapper.xsa
TRACE::2024-05-15.18:56:53::SCWPlatform::DSA directory C:/CR/workspace_aula9/mb_design_wrapper/hw
TRACE::2024-05-15.18:56:53::SCWPlatform:: Platform Path C:/CR/workspace_aula9/mb_design_wrapper/hw/mb_design_wrapper.xsa
TRACE::2024-05-15.18:56:53::SCWPlatform:: Unique name xilinx:nexys4::0.0
TRACE::2024-05-15.18:56:53::SCWPlatform::Trying to set the existing hwdb with name mb_design_wrapper_0
TRACE::2024-05-15.18:56:53::SCWPlatform::Opened existing hwdb mb_design_wrapper_0
TRACE::2024-05-15.18:56:53::SCWPlatform::Found the Hw Db part of the input DSA
TRACE::2024-05-15.18:56:53::SCWMssOS::Checking the sw design at  C:/CR/workspace_aula9/mb_design_wrapper/microblaze_0/standalone_microblaze_0/bsp/system.mss
TRACE::2024-05-15.18:56:53::SCWMssOS::DEBUG:  swdes dump  C:/CR/workspace_aula9/mb_design_wrapper/microblaze_0/standalone_microblaze_0/bsp/system.mss|system||

TRACE::2024-05-15.18:56:53::SCWMssOS::Sw design exists and opened at  C:/CR/workspace_aula9/mb_design_wrapper/microblaze_0/standalone_microblaze_0/bsp/system.mss
TRACE::2024-05-15.18:56:53::SCWWriter::formatted JSON is {
	"platformName":	"mb_design_wrapper",
	"sprVersion":	"2.0",
	"mode":	"gui",
	"dsaType":	"Fixed",
	"platformDesc":	"mb_design_wrapper",
	"platHandOff":	"C:/CR/aula9/mb_design_wrapper.xsa",
	"platIntHandOff":	"<platformDir>/hw/mb_design_wrapper.xsa",
	"deviceType":	"FPGA",
	"platIsPrebuiltAutogen":	"false",
	"platIsNoBootBsp":	"false",
	"hasFsblMakeHasChanges":	"false",
	"hasPmufwMakeHasChanges":	"false",
	"platPreBuiltFlag":	false,
	"platformSamplesDir":	"",
	"platActiveSys":	"mb_design_wrapper",
	"systems":	[{
			"systemName":	"mb_design_wrapper",
			"systemDesc":	"mb_design_wrapper",
			"sysIsBootAutoGen":	"true",
			"systemDispName":	"mb_design_wrapper",
			"sysActiveDom":	"standalone_microblaze_0",
			"sysDefaultDom":	"standalone_microblaze_0",
			"domains":	[{
					"domainName":	"standalone_microblaze_0",
					"domainDispName":	"standalone_microblaze_0",
					"domainDesc":	"standalone_microblaze_0",
					"processors":	"microblaze_0",
					"os":	"standalone",
					"sdxOs":	"standalone",
					"debugEnable":	"False",
					"domRuntimes":	["cpp"],
					"swRepo":	"",
					"mssOsVer":	"8.0",
					"mssFile":	"",
					"md5Digest":	"7032a78d41267e53e5477abb9590f833",
					"compatibleApp":	"hello_world",
					"domType":	"mssDomain",
					"arch":	"32-bit",
					"appSettings":	{
						"appCompilerFlags":	"",
						"appLinkerFlags":	""
					},
					"addedLibs":	[],
					"libOptions":	{
						"libsContainingOptions":	[]
					},
					"prebuiltLibs":	{
						"prebuiltIncPath":	[],
						"prebuiltLibPath":	[]
					},
					"isolation":	{
					}
				}]
		}]
}
KEYINFO::2024-05-15.18:56:53::SCWPlatform::updated the xpfm file.
TRACE::2024-05-15.18:56:54::SCWPlatform::Trying to open the hw design at C:/CR/workspace_aula9/mb_design_wrapper/hw/mb_design_wrapper.xsa
TRACE::2024-05-15.18:56:54::SCWPlatform::DSA given C:/CR/workspace_aula9/mb_design_wrapper/hw/mb_design_wrapper.xsa
TRACE::2024-05-15.18:56:54::SCWPlatform::DSA absoulate path C:/CR/workspace_aula9/mb_design_wrapper/hw/mb_design_wrapper.xsa
TRACE::2024-05-15.18:56:54::SCWPlatform::DSA directory C:/CR/workspace_aula9/mb_design_wrapper/hw
TRACE::2024-05-15.18:56:54::SCWPlatform:: Platform Path C:/CR/workspace_aula9/mb_design_wrapper/hw/mb_design_wrapper.xsa
TRACE::2024-05-15.18:56:54::SCWPlatform:: Unique name xilinx:nexys4::0.0
TRACE::2024-05-15.18:56:54::SCWPlatform::Trying to set the existing hwdb with name mb_design_wrapper_0
TRACE::2024-05-15.18:56:54::SCWPlatform::Opened existing hwdb mb_design_wrapper_0
TRACE::2024-05-15.18:56:54::SCWPlatform::Found the Hw Db part of the input DSA
TRACE::2024-05-15.18:56:54::SCWMssOS::Checking the sw design at  C:/CR/workspace_aula9/mb_design_wrapper/microblaze_0/standalone_microblaze_0/bsp/system.mss
TRACE::2024-05-15.18:56:54::SCWMssOS::DEBUG:  swdes dump  C:/CR/workspace_aula9/mb_design_wrapper/microblaze_0/standalone_microblaze_0/bsp/system.mss|system||

TRACE::2024-05-15.18:56:54::SCWMssOS::Sw design exists and opened at  C:/CR/workspace_aula9/mb_design_wrapper/microblaze_0/standalone_microblaze_0/bsp/system.mss
LOG::2024-05-15.18:57:32::SCWPlatform::Started generating the artifacts platform mb_design_wrapper
TRACE::2024-05-15.18:57:32::SCWPlatform::Sanity checking of platform is completed
LOG::2024-05-15.18:57:32::SCWPlatform::Started generating the artifacts for system configuration mb_design_wrapper
LOG::2024-05-15.18:57:32::SCWSystem::Checking the domain standalone_microblaze_0
LOG::2024-05-15.18:57:32::SCWSystem::Not a boot domain 
LOG::2024-05-15.18:57:32::SCWSystem::Started Processing the domain standalone_microblaze_0
TRACE::2024-05-15.18:57:32::SCWDomain::Generating domain artifcats
TRACE::2024-05-15.18:57:32::SCWMssOS::Generating standalone artifcats
TRACE::2024-05-15.18:57:32::SCWMssOS:: Copying the user libraries. 
TRACE::2024-05-15.18:57:32::SCWPlatform::Trying to open the hw design at C:/CR/workspace_aula9/mb_design_wrapper/hw/mb_design_wrapper.xsa
TRACE::2024-05-15.18:57:32::SCWPlatform::DSA given C:/CR/workspace_aula9/mb_design_wrapper/hw/mb_design_wrapper.xsa
TRACE::2024-05-15.18:57:32::SCWPlatform::DSA absoulate path C:/CR/workspace_aula9/mb_design_wrapper/hw/mb_design_wrapper.xsa
TRACE::2024-05-15.18:57:32::SCWPlatform::DSA directory C:/CR/workspace_aula9/mb_design_wrapper/hw
TRACE::2024-05-15.18:57:32::SCWPlatform:: Platform Path C:/CR/workspace_aula9/mb_design_wrapper/hw/mb_design_wrapper.xsa
TRACE::2024-05-15.18:57:32::SCWPlatform:: Unique name xilinx:nexys4::0.0
TRACE::2024-05-15.18:57:32::SCWPlatform::Trying to set the existing hwdb with name mb_design_wrapper_0
TRACE::2024-05-15.18:57:32::SCWPlatform::Opened existing hwdb mb_design_wrapper_0
TRACE::2024-05-15.18:57:32::SCWPlatform::Found the Hw Db part of the input DSA
TRACE::2024-05-15.18:57:32::SCWMssOS::Checking the sw design at  C:/CR/workspace_aula9/mb_design_wrapper/microblaze_0/standalone_microblaze_0/bsp/system.mss
TRACE::2024-05-15.18:57:32::SCWMssOS::DEBUG:  swdes dump  C:/CR/workspace_aula9/mb_design_wrapper/microblaze_0/standalone_microblaze_0/bsp/system.mss|system||

TRACE::2024-05-15.18:57:32::SCWMssOS::Sw design exists and opened at  C:/CR/workspace_aula9/mb_design_wrapper/microblaze_0/standalone_microblaze_0/bsp/system.mss
TRACE::2024-05-15.18:57:32::SCWMssOS::Completed writing the mss file at C:/CR/workspace_aula9/mb_design_wrapper/microblaze_0/standalone_microblaze_0/bsp
TRACE::2024-05-15.18:57:32::SCWMssOS::Mss edits present, copying mssfile into export location C:/CR/workspace_aula9/mb_design_wrapper/microblaze_0/standalone_microblaze_0/bsp/system.mss
TRACE::2024-05-15.18:57:32::SCWMssOS::bsp generated is upto date with the mss file. Skipping bsp generation.
TRACE::2024-05-15.18:57:32::SCWMssOS::BSP is already built. skipping the bsp build ... 
TRACE::2024-05-15.18:57:32::SCWDomain::Skipping the build for domain :  standalone_microblaze_0
TRACE::2024-05-15.18:57:32::SCWMssOS::skipping the bsp build ... 
TRACE::2024-05-15.18:57:32::SCWMssOS::Copying to export directory.
TRACE::2024-05-15.18:57:32::SCWMssOS:: Checking if to create the Supporting Applications
TRACE::2024-05-15.18:57:32::SCWMssOS:: No Linux domain exists, trying to generate FSBL 
LOG::2024-05-15.18:57:32::SCWSystem::Completed Processing the domain standalone_microblaze_0
LOG::2024-05-15.18:57:32::SCWSystem::Completed Processing the sysconfig mb_design_wrapper
LOG::2024-05-15.18:57:32::SCWPlatform::Completed generating the artifacts for system configuration mb_design_wrapper
TRACE::2024-05-15.18:57:32::SCWPlatform::Started preparing the platform 
TRACE::2024-05-15.18:57:32::SCWSystem::Writing the bif file for system config mb_design_wrapper
TRACE::2024-05-15.18:57:32::SCWSystem::dir created 
TRACE::2024-05-15.18:57:32::SCWSystem::Writing the bif 
TRACE::2024-05-15.18:57:32::SCWPlatform::Started writing the spfm file 
TRACE::2024-05-15.18:57:32::SCWPlatform::Started writing the xpfm file 
TRACE::2024-05-15.18:57:32::SCWPlatform::Completed generating the platform
TRACE::2024-05-15.18:57:32::SCWMssOS::Saving the mss changes C:/CR/workspace_aula9/mb_design_wrapper/microblaze_0/standalone_microblaze_0/bsp/system.mss
TRACE::2024-05-15.18:57:32::SCWMssOS::Found a swdesign opened with the mssfile.
TRACE::2024-05-15.18:57:32::SCWMssOS::Completed writemss as part of save.
TRACE::2024-05-15.18:57:32::SCWMssOS::Commit changes completed.
TRACE::2024-05-15.18:57:32::SCWPlatform::Trying to open the hw design at C:/CR/workspace_aula9/mb_design_wrapper/hw/mb_design_wrapper.xsa
TRACE::2024-05-15.18:57:32::SCWPlatform::DSA given C:/CR/workspace_aula9/mb_design_wrapper/hw/mb_design_wrapper.xsa
TRACE::2024-05-15.18:57:32::SCWPlatform::DSA absoulate path C:/CR/workspace_aula9/mb_design_wrapper/hw/mb_design_wrapper.xsa
TRACE::2024-05-15.18:57:32::SCWPlatform::DSA directory C:/CR/workspace_aula9/mb_design_wrapper/hw
TRACE::2024-05-15.18:57:32::SCWPlatform:: Platform Path C:/CR/workspace_aula9/mb_design_wrapper/hw/mb_design_wrapper.xsa
TRACE::2024-05-15.18:57:32::SCWPlatform:: Unique name xilinx:nexys4::0.0
TRACE::2024-05-15.18:57:32::SCWPlatform::Trying to set the existing hwdb with name mb_design_wrapper_0
TRACE::2024-05-15.18:57:32::SCWPlatform::Opened existing hwdb mb_design_wrapper_0
TRACE::2024-05-15.18:57:32::SCWPlatform::Found the Hw Db part of the input DSA
TRACE::2024-05-15.18:57:32::SCWMssOS::Checking the sw design at  C:/CR/workspace_aula9/mb_design_wrapper/microblaze_0/standalone_microblaze_0/bsp/system.mss
TRACE::2024-05-15.18:57:32::SCWMssOS::DEBUG:  swdes dump  C:/CR/workspace_aula9/mb_design_wrapper/microblaze_0/standalone_microblaze_0/bsp/system.mss|system||

TRACE::2024-05-15.18:57:32::SCWMssOS::Sw design exists and opened at  C:/CR/workspace_aula9/mb_design_wrapper/microblaze_0/standalone_microblaze_0/bsp/system.mss
TRACE::2024-05-15.18:57:32::SCWPlatform::Trying to open the hw design at C:/CR/workspace_aula9/mb_design_wrapper/hw/mb_design_wrapper.xsa
TRACE::2024-05-15.18:57:32::SCWPlatform::DSA given C:/CR/workspace_aula9/mb_design_wrapper/hw/mb_design_wrapper.xsa
TRACE::2024-05-15.18:57:32::SCWPlatform::DSA absoulate path C:/CR/workspace_aula9/mb_design_wrapper/hw/mb_design_wrapper.xsa
TRACE::2024-05-15.18:57:32::SCWPlatform::DSA directory C:/CR/workspace_aula9/mb_design_wrapper/hw
TRACE::2024-05-15.18:57:32::SCWPlatform:: Platform Path C:/CR/workspace_aula9/mb_design_wrapper/hw/mb_design_wrapper.xsa
TRACE::2024-05-15.18:57:32::SCWPlatform:: Unique name xilinx:nexys4::0.0
TRACE::2024-05-15.18:57:32::SCWPlatform::Trying to set the existing hwdb with name mb_design_wrapper_0
TRACE::2024-05-15.18:57:32::SCWPlatform::Opened existing hwdb mb_design_wrapper_0
TRACE::2024-05-15.18:57:32::SCWPlatform::Found the Hw Db part of the input DSA
TRACE::2024-05-15.18:57:32::SCWMssOS::Checking the sw design at  C:/CR/workspace_aula9/mb_design_wrapper/microblaze_0/standalone_microblaze_0/bsp/system.mss
TRACE::2024-05-15.18:57:32::SCWMssOS::DEBUG:  swdes dump  C:/CR/workspace_aula9/mb_design_wrapper/microblaze_0/standalone_microblaze_0/bsp/system.mss|system||

TRACE::2024-05-15.18:57:32::SCWMssOS::Sw design exists and opened at  C:/CR/workspace_aula9/mb_design_wrapper/microblaze_0/standalone_microblaze_0/bsp/system.mss
TRACE::2024-05-15.18:57:32::SCWPlatform::Trying to open the hw design at C:/CR/workspace_aula9/mb_design_wrapper/hw/mb_design_wrapper.xsa
TRACE::2024-05-15.18:57:32::SCWPlatform::DSA given C:/CR/workspace_aula9/mb_design_wrapper/hw/mb_design_wrapper.xsa
TRACE::2024-05-15.18:57:32::SCWPlatform::DSA absoulate path C:/CR/workspace_aula9/mb_design_wrapper/hw/mb_design_wrapper.xsa
TRACE::2024-05-15.18:57:32::SCWPlatform::DSA directory C:/CR/workspace_aula9/mb_design_wrapper/hw
TRACE::2024-05-15.18:57:32::SCWPlatform:: Platform Path C:/CR/workspace_aula9/mb_design_wrapper/hw/mb_design_wrapper.xsa
TRACE::2024-05-15.18:57:32::SCWPlatform:: Unique name xilinx:nexys4::0.0
TRACE::2024-05-15.18:57:32::SCWPlatform::Trying to set the existing hwdb with name mb_design_wrapper_0
TRACE::2024-05-15.18:57:32::SCWPlatform::Opened existing hwdb mb_design_wrapper_0
TRACE::2024-05-15.18:57:32::SCWPlatform::Found the Hw Db part of the input DSA
TRACE::2024-05-15.18:57:32::SCWMssOS::Checking the sw design at  C:/CR/workspace_aula9/mb_design_wrapper/microblaze_0/standalone_microblaze_0/bsp/system.mss
TRACE::2024-05-15.18:57:32::SCWMssOS::DEBUG:  swdes dump  C:/CR/workspace_aula9/mb_design_wrapper/microblaze_0/standalone_microblaze_0/bsp/system.mss|system||

TRACE::2024-05-15.18:57:32::SCWMssOS::Sw design exists and opened at  C:/CR/workspace_aula9/mb_design_wrapper/microblaze_0/standalone_microblaze_0/bsp/system.mss
TRACE::2024-05-15.18:57:32::SCWWriter::formatted JSON is {
	"platformName":	"mb_design_wrapper",
	"sprVersion":	"2.0",
	"mode":	"gui",
	"dsaType":	"Fixed",
	"platformDesc":	"mb_design_wrapper",
	"platHandOff":	"C:/CR/aula9/mb_design_wrapper.xsa",
	"platIntHandOff":	"<platformDir>/hw/mb_design_wrapper.xsa",
	"deviceType":	"FPGA",
	"platIsPrebuiltAutogen":	"false",
	"platIsNoBootBsp":	"false",
	"hasFsblMakeHasChanges":	"false",
	"hasPmufwMakeHasChanges":	"false",
	"platPreBuiltFlag":	false,
	"platformSamplesDir":	"",
	"platActiveSys":	"mb_design_wrapper",
	"systems":	[{
			"systemName":	"mb_design_wrapper",
			"systemDesc":	"mb_design_wrapper",
			"sysIsBootAutoGen":	"true",
			"systemDispName":	"mb_design_wrapper",
			"sysActiveDom":	"standalone_microblaze_0",
			"sysDefaultDom":	"standalone_microblaze_0",
			"domains":	[{
					"domainName":	"standalone_microblaze_0",
					"domainDispName":	"standalone_microblaze_0",
					"domainDesc":	"standalone_microblaze_0",
					"processors":	"microblaze_0",
					"os":	"standalone",
					"sdxOs":	"standalone",
					"debugEnable":	"False",
					"domRuntimes":	["cpp"],
					"swRepo":	"",
					"mssOsVer":	"8.0",
					"mssFile":	"",
					"md5Digest":	"7032a78d41267e53e5477abb9590f833",
					"compatibleApp":	"hello_world",
					"domType":	"mssDomain",
					"arch":	"32-bit",
					"appSettings":	{
						"appCompilerFlags":	"",
						"appLinkerFlags":	""
					},
					"addedLibs":	[],
					"libOptions":	{
						"libsContainingOptions":	[]
					},
					"prebuiltLibs":	{
						"prebuiltIncPath":	[],
						"prebuiltLibPath":	[]
					},
					"isolation":	{
					}
				}]
		}]
}
KEYINFO::2024-05-15.18:57:32::SCWPlatform::updated the xpfm file.
TRACE::2024-05-15.18:57:34::SCWPlatform::Trying to open the hw design at C:/CR/workspace_aula9/mb_design_wrapper/hw/mb_design_wrapper.xsa
TRACE::2024-05-15.18:57:34::SCWPlatform::DSA given C:/CR/workspace_aula9/mb_design_wrapper/hw/mb_design_wrapper.xsa
TRACE::2024-05-15.18:57:34::SCWPlatform::DSA absoulate path C:/CR/workspace_aula9/mb_design_wrapper/hw/mb_design_wrapper.xsa
TRACE::2024-05-15.18:57:34::SCWPlatform::DSA directory C:/CR/workspace_aula9/mb_design_wrapper/hw
TRACE::2024-05-15.18:57:34::SCWPlatform:: Platform Path C:/CR/workspace_aula9/mb_design_wrapper/hw/mb_design_wrapper.xsa
TRACE::2024-05-15.18:57:34::SCWPlatform:: Unique name xilinx:nexys4::0.0
TRACE::2024-05-15.18:57:34::SCWPlatform::Trying to set the existing hwdb with name mb_design_wrapper_0
TRACE::2024-05-15.18:57:34::SCWPlatform::Opened existing hwdb mb_design_wrapper_0
TRACE::2024-05-15.18:57:34::SCWPlatform::Found the Hw Db part of the input DSA
TRACE::2024-05-15.18:57:34::SCWMssOS::Checking the sw design at  C:/CR/workspace_aula9/mb_design_wrapper/microblaze_0/standalone_microblaze_0/bsp/system.mss
TRACE::2024-05-15.18:57:34::SCWMssOS::DEBUG:  swdes dump  C:/CR/workspace_aula9/mb_design_wrapper/microblaze_0/standalone_microblaze_0/bsp/system.mss|system||

TRACE::2024-05-15.18:57:34::SCWMssOS::Sw design exists and opened at  C:/CR/workspace_aula9/mb_design_wrapper/microblaze_0/standalone_microblaze_0/bsp/system.mss
